<?xml version="1.0" encoding="UTF-8"?>
<robot generator="Robot 3.2.1 (Python 3.6.8 on win32)" generated="20210309 14:28:51.534" rpa="false">
<suite id="s1" name="01 Login &amp; 02 Navigation To Switch Module &amp; 03 Navigate To Dash Board Card Analytics &amp; 04 Dashboard Card Analytics &amp; 05 Navigate To Terminal Analytics &amp; 06 Dashboard Terminal Analytics &amp; 07 Navigate To Overview Terminal Analytics &amp; 08 Overview Terminal Analytics &amp; 09 Special Report">
<suite id="s1-s1" name="01 Login" source="C:\Users\bina.acharya\PycharmProjects\BIDashBoardValidation\test_suites\01_login.robot">
<test id="s1-s1-t1" name="Login browser should open">
<kw name="open login browser" library="Loginpage">
<kw name="Open Browser" library="SeleniumLibrary">
<doc>Opens a new browser instance to the optional ``url``.</doc>
<arguments>
<arg>url=https://10.13.189.19:8443/cas/login?service=https%3A%2F%2F10.13.189.19%3A8443%2Fbi%2Flogin%2Fcas</arg>
<arg>browser=googlechrome</arg>
<arg>options=add_argument("--allow-running-insecure-content"); add_argument("--ignore-certificate-errors")</arg>
</arguments>
<msg timestamp="20210309 14:28:51.910" level="INFO">Opening browser 'googlechrome' to base url 'https://10.13.189.19:8443/cas/login?service=https%3A%2F%2F10.13.189.19%3A8443%2Fbi%2Flogin%2Fcas'.</msg>
<status status="PASS" starttime="20210309 14:28:51.910" endtime="20210309 14:28:58.363"></status>
</kw>
<kw name="Maximize Browser Window" library="SeleniumLibrary">
<doc>Maximizes current browser window.</doc>
<status status="PASS" starttime="20210309 14:28:58.363" endtime="20210309 14:29:02.510"></status>
</kw>
<status status="PASS" starttime="20210309 14:28:51.909" endtime="20210309 14:29:02.510"></status>
</kw>
<kw name="Web Console Log" library="console_debug">
<status status="PASS" starttime="20210309 14:29:02.511" endtime="20210309 14:29:02.514"></status>
</kw>
<doc>Open browser to login</doc>
<status status="PASS" starttime="20210309 14:28:51.908" endtime="20210309 14:29:02.515" critical="yes"></status>
</test>
<test id="s1-s1-t2" name="verify that the login page should contain header text">
<kw name="verify that the login page should contain header text" library="Loginpage">
<kw name="Run Keyword And Continue On Failure" library="BuiltIn">
<doc>Runs the keyword and continues execution even if a failure occurs.</doc>
<arguments>
<arg>page should contain</arg>
<arg>${header_text}</arg>
</arguments>
<kw name="Page Should Contain" library="SeleniumLibrary">
<doc>Verifies that current page contains ``text``.</doc>
<arguments>
<arg>${header_text}</arg>
</arguments>
<msg timestamp="20210309 14:29:02.536" level="INFO">Current page contains text 'eXtenso Business Intelligence Solution'.</msg>
<status status="PASS" starttime="20210309 14:29:02.518" endtime="20210309 14:29:02.536"></status>
</kw>
<status status="PASS" starttime="20210309 14:29:02.518" endtime="20210309 14:29:02.536"></status>
</kw>
<status status="PASS" starttime="20210309 14:29:02.518" endtime="20210309 14:29:02.536"></status>
</kw>
<kw name="Web Console Log" library="console_debug">
<status status="PASS" starttime="20210309 14:29:02.537" endtime="20210309 14:29:02.540"></status>
</kw>
<doc>contain header text as "eXtenso Business Intelligence Solution"</doc>
<status status="PASS" starttime="20210309 14:29:02.517" endtime="20210309 14:29:02.541" critical="yes"></status>
</test>
<test id="s1-s1-t3" name="verify that the login page should contain quiries message">
<kw name="verify that the login page should contain quiries message" library="Loginpage">
<kw name="Run Keyword And Continue On Failure" library="BuiltIn">
<doc>Runs the keyword and continues execution even if a failure occurs.</doc>
<arguments>
<arg>page should contain</arg>
<arg>${queries_message_text}</arg>
</arguments>
<kw name="Page Should Contain" library="SeleniumLibrary">
<doc>Verifies that current page contains ``text``.</doc>
<arguments>
<arg>${queries_message_text}</arg>
</arguments>
<msg timestamp="20210309 14:29:02.561" level="INFO">Current page contains text 'If you have any problem please email your issue on the following'.</msg>
<status status="PASS" starttime="20210309 14:29:02.544" endtime="20210309 14:29:02.562"></status>
</kw>
<status status="PASS" starttime="20210309 14:29:02.543" endtime="20210309 14:29:02.562"></status>
</kw>
<status status="PASS" starttime="20210309 14:29:02.543" endtime="20210309 14:29:02.562"></status>
</kw>
<kw name="Web Console Log" library="console_debug">
<status status="PASS" starttime="20210309 14:29:02.562" endtime="20210309 14:29:02.566"></status>
</kw>
<doc>page contain "If you have any problem please email your issue on the following" message</doc>
<status status="PASS" starttime="20210309 14:29:02.542" endtime="20210309 14:29:02.566" critical="yes"></status>
</test>
<test id="s1-s1-t4" name="enter valid user name">
<kw name="enter valid user name" library="Loginpage">
<kw name="Input Text" library="SeleniumLibrary">
<doc>Types the given ``text`` into the text field identified by ``locator``.</doc>
<arguments>
<arg>id=${USER_NAME_ID}</arg>
<arg>${user_name_text}</arg>
</arguments>
<msg timestamp="20210309 14:29:02.570" level="INFO">Typing text 'admin' into text field 'id=username'.</msg>
<status status="PASS" starttime="20210309 14:29:02.569" endtime="20210309 14:29:02.636"></status>
</kw>
<status status="PASS" starttime="20210309 14:29:02.569" endtime="20210309 14:29:02.637"></status>
</kw>
<doc>enter valid user name</doc>
<status status="PASS" starttime="20210309 14:29:02.568" endtime="20210309 14:29:02.637" critical="yes"></status>
</test>
<test id="s1-s1-t5" name="enter invalid password">
<kw name="enter invalid password" library="Loginpage">
<kw name="Input Password" library="SeleniumLibrary">
<doc>Types the given password into the text field identified by ``locator``.</doc>
<arguments>
<arg>id=${pass_word_id}</arg>
<arg>${invalid_pass_text}</arg>
</arguments>
<msg timestamp="20210309 14:29:02.640" level="INFO">Typing password into text field 'id=password'.</msg>
<msg timestamp="20210309 14:29:02.672" level="INFO">Temporally setting log level to: NONE</msg>
<msg timestamp="20210309 14:29:02.714" level="INFO">Log level changed from NONE to INFO.</msg>
<status status="PASS" starttime="20210309 14:29:02.639" endtime="20210309 14:29:02.714"></status>
</kw>
<status status="PASS" starttime="20210309 14:29:02.639" endtime="20210309 14:29:02.715"></status>
</kw>
<doc>enter invalid password</doc>
<status status="PASS" starttime="20210309 14:29:02.638" endtime="20210309 14:29:02.715" critical="yes"></status>
</test>
<test id="s1-s1-t6" name="enter in-correct submit">
<kw name="enter submit" library="Loginpage">
<kw name="Click Element" library="SeleniumLibrary">
<doc>Click the element identified by ``locator``.</doc>
<arguments>
<arg>xpath=${login}</arg>
</arguments>
<msg timestamp="20210309 14:29:02.717" level="INFO">Clicking element 'xpath=//*[@id="fm1"]/input[4]'.</msg>
<status status="PASS" starttime="20210309 14:29:02.717" endtime="20210309 14:29:18.756"></status>
</kw>
<status status="PASS" starttime="20210309 14:29:02.717" endtime="20210309 14:29:18.756"></status>
</kw>
<kw name="Web Console Log" library="console_debug">
<msg timestamp="20210309 14:29:18.759" level="INFO">{'level': 'SEVERE', 'message': 'https://10.13.189.19:8443/cas/login?service=https%3A%2F%2F10.13.189.19%3A8443%2Fbi%2Flogin%2Fcas - Failed to load resource: the server responded with a status of 401 ()', 'source': 'network', 'timestamp': 1615279457320}</msg>
<status status="PASS" starttime="20210309 14:29:18.756" endtime="20210309 14:29:18.759"></status>
</kw>
<doc>enter submit</doc>
<status status="PASS" starttime="20210309 14:29:02.716" endtime="20210309 14:29:18.759" critical="yes"></status>
</test>
<test id="s1-s1-t7" name="verify error message is displayed">
<kw name="verify error message is displayed" library="Loginpage">
<kw name="Run Keyword And Continue On Failure" library="BuiltIn">
<doc>Runs the keyword and continues execution even if a failure occurs.</doc>
<arguments>
<arg>page should contain</arg>
<arg>Authentication attempt has failed, likely due to invalid credentials. Please verify and try again.</arg>
</arguments>
<kw name="Page Should Contain" library="SeleniumLibrary">
<doc>Verifies that current page contains ``text``.</doc>
<arguments>
<arg>Authentication attempt has failed, likely due to invalid credentials. Please verify and try again.</arg>
</arguments>
<msg timestamp="20210309 14:29:18.776" level="INFO">Current page contains text 'Authentication attempt has failed, likely due to invalid credentials. Please verify and try again.'.</msg>
<status status="PASS" starttime="20210309 14:29:18.762" endtime="20210309 14:29:18.776"></status>
</kw>
<status status="PASS" starttime="20210309 14:29:18.762" endtime="20210309 14:29:18.776"></status>
</kw>
<status status="PASS" starttime="20210309 14:29:18.761" endtime="20210309 14:29:18.776"></status>
</kw>
<doc>conatin error message as " Authentication attempt has failed, likely due to invalid credentials. Please verify and try again."</doc>
<status status="PASS" starttime="20210309 14:29:18.760" endtime="20210309 14:29:18.777" critical="yes"></status>
</test>
<test id="s1-s1-t8" name="enter valid password">
<kw name="enter valid password" library="Loginpage">
<kw name="Input Password" library="SeleniumLibrary">
<doc>Types the given password into the text field identified by ``locator``.</doc>
<arguments>
<arg>id=${pass_word_id}</arg>
<arg>${password_text}</arg>
</arguments>
<msg timestamp="20210309 14:29:18.781" level="INFO">Typing password into text field 'id=password'.</msg>
<msg timestamp="20210309 14:29:18.803" level="INFO">Temporally setting log level to: NONE</msg>
<msg timestamp="20210309 14:29:18.849" level="INFO">Log level changed from NONE to INFO.</msg>
<status status="PASS" starttime="20210309 14:29:18.780" endtime="20210309 14:29:18.849"></status>
</kw>
<status status="PASS" starttime="20210309 14:29:18.780" endtime="20210309 14:29:18.850"></status>
</kw>
<doc>enter valid password</doc>
<status status="PASS" starttime="20210309 14:29:18.779" endtime="20210309 14:29:18.850" critical="yes"></status>
</test>
<test id="s1-s1-t9" name="enter submit">
<kw name="enter submit" library="Loginpage">
<kw name="Click Element" library="SeleniumLibrary">
<doc>Click the element identified by ``locator``.</doc>
<arguments>
<arg>xpath=${login}</arg>
</arguments>
<msg timestamp="20210309 14:29:18.853" level="INFO">Clicking element 'xpath=//*[@id="fm1"]/input[4]'.</msg>
<status status="PASS" starttime="20210309 14:29:18.852" endtime="20210309 14:29:38.969"></status>
</kw>
<status status="PASS" starttime="20210309 14:29:18.852" endtime="20210309 14:29:38.970"></status>
</kw>
<kw name="Web Console Log" library="console_debug">
<status status="PASS" starttime="20210309 14:29:38.970" endtime="20210309 14:29:38.973"></status>
</kw>
<doc>enter submit and login sucessful</doc>
<status status="PASS" starttime="20210309 14:29:18.851" endtime="20210309 14:29:38.973" critical="yes"></status>
</test>
<status status="PASS" starttime="20210309 14:28:51.566" endtime="20210309 14:29:38.975"></status>
</suite>
<suite id="s1-s2" name="02 Navigation To Switch Module" source="C:\Users\bina.acharya\PycharmProjects\BIDashBoardValidation\test_suites\02_navigation_to_switch_module.robot">
<test id="s1-s2-t1" name="module selection is clicked">
<kw name="Sleep" library="BuiltIn">
<doc>Pauses the test executed for the given time.</doc>
<arguments>
<arg>5 sec</arg>
</arguments>
<msg timestamp="20210309 14:29:43.993" level="INFO">Slept 5 seconds</msg>
<status status="PASS" starttime="20210309 14:29:38.991" endtime="20210309 14:29:43.993"></status>
</kw>
<kw name="module selection is clicked" library="NavigationPage">
<kw name="Wait Until Keyword Succeeds" library="BuiltIn">
<doc>Runs the specified keyword and retries if it fails.</doc>
<arguments>
<arg>1 min</arg>
<arg>1 sec</arg>
<arg>Element Should Be Visible</arg>
<arg>xpath=${module_navigation}</arg>
</arguments>
<kw name="Element Should Be Visible" library="SeleniumLibrary">
<doc>Verifies that the element identified by ``locator`` is visible.</doc>
<arguments>
<arg>xpath=${module_navigation}</arg>
</arguments>
<msg timestamp="20210309 14:29:44.054" level="INFO">Element 'xpath=//app-nav-modules' is displayed.</msg>
<status status="PASS" starttime="20210309 14:29:43.998" endtime="20210309 14:29:44.055"></status>
</kw>
<status status="PASS" starttime="20210309 14:29:43.996" endtime="20210309 14:29:44.055"></status>
</kw>
<kw name="Click Element" library="SeleniumLibrary">
<doc>Click the element identified by ``locator``.</doc>
<arguments>
<arg>xpath=${module_navigation}</arg>
</arguments>
<msg timestamp="20210309 14:29:44.056" level="INFO">Clicking element 'xpath=//app-nav-modules'.</msg>
<status status="PASS" starttime="20210309 14:29:44.055" endtime="20210309 14:29:44.169"></status>
</kw>
<kw name="Sleep" library="BuiltIn">
<doc>Pauses the test executed for the given time.</doc>
<arguments>
<arg>5 sec</arg>
</arguments>
<msg timestamp="20210309 14:29:49.171" level="INFO">Slept 5 seconds</msg>
<status status="PASS" starttime="20210309 14:29:44.170" endtime="20210309 14:29:49.172"></status>
</kw>
<status status="PASS" starttime="20210309 14:29:43.995" endtime="20210309 14:29:49.172"></status>
</kw>
<doc>click menu for module selection</doc>
<status status="PASS" starttime="20210309 14:29:38.990" endtime="20210309 14:29:49.175" critical="yes"></status>
</test>
<test id="s1-s2-t2" name="switch module is selected">
<kw name="verify that switch module is selected" library="NavigationPage">
<kw name="Wait Until Keyword Succeeds" library="BuiltIn">
<doc>Runs the specified keyword and retries if it fails.</doc>
<arguments>
<arg>1 min</arg>
<arg>1 sec</arg>
<arg>Element Should Be Visible</arg>
<arg>xpath=${switch}</arg>
</arguments>
<kw name="Element Should Be Visible" library="SeleniumLibrary">
<doc>Verifies that the element identified by ``locator`` is visible.</doc>
<arguments>
<arg>xpath=${switch}</arg>
</arguments>
<msg timestamp="20210309 14:29:49.229" level="INFO">Element 'xpath=//*[@id="mat-menu-panel-1"]/div/div/div/div/a[1]' is displayed.</msg>
<status status="PASS" starttime="20210309 14:29:49.188" endtime="20210309 14:29:49.229"></status>
</kw>
<status status="PASS" starttime="20210309 14:29:49.186" endtime="20210309 14:29:49.230"></status>
</kw>
<kw name="Click Element" library="SeleniumLibrary">
<doc>Click the element identified by ``locator``.</doc>
<arguments>
<arg>xpath=${switch}</arg>
</arguments>
<msg timestamp="20210309 14:29:49.230" level="INFO">Clicking element 'xpath=//*[@id="mat-menu-panel-1"]/div/div/div/div/a[1]'.</msg>
<status status="PASS" starttime="20210309 14:29:49.230" endtime="20210309 14:29:49.338"></status>
</kw>
<status status="PASS" starttime="20210309 14:29:49.184" endtime="20210309 14:29:49.338"></status>
</kw>
<kw name="Sleep" library="BuiltIn">
<doc>Pauses the test executed for the given time.</doc>
<arguments>
<arg>5 sec</arg>
</arguments>
<msg timestamp="20210309 14:29:54.341" level="INFO">Slept 5 seconds</msg>
<status status="PASS" starttime="20210309 14:29:49.339" endtime="20210309 14:29:54.341"></status>
</kw>
<doc>Switch module is selected</doc>
<status status="PASS" starttime="20210309 14:29:49.180" endtime="20210309 14:29:54.343" critical="yes"></status>
</test>
<status status="PASS" starttime="20210309 14:29:38.979" endtime="20210309 14:29:54.347"></status>
</suite>
<suite id="s1-s3" name="03 Navigate To Dash Board Card Analytics" source="C:\Users\bina.acharya\PycharmProjects\BIDashBoardValidation\test_suites\03_navigate_to_dash_board_card_analytics.robot">
<test id="s1-s3-t1" name=" menu is clicked for card analytics">
<kw name="verify that menu is clicked" library="NavBarSelection">
<kw name="Wait Until Keyword Succeeds" library="BuiltIn">
<doc>Runs the specified keyword and retries if it fails.</doc>
<arguments>
<arg>1 min</arg>
<arg>1 sec</arg>
<arg>Element Should Be Visible</arg>
<arg>xpath=${menu}</arg>
</arguments>
<kw name="Element Should Be Visible" library="SeleniumLibrary">
<doc>Verifies that the element identified by ``locator`` is visible.</doc>
<arguments>
<arg>xpath=${menu}</arg>
</arguments>
<msg timestamp="20210309 14:29:54.412" level="INFO">Element 'xpath=//span[@class='cursor-pointer mr-15 ic-menu']' is displayed.</msg>
<status status="PASS" starttime="20210309 14:29:54.391" endtime="20210309 14:29:54.412"></status>
</kw>
<status status="PASS" starttime="20210309 14:29:54.390" endtime="20210309 14:29:54.412"></status>
</kw>
<kw name="Click Element" library="SeleniumLibrary">
<doc>Click the element identified by ``locator``.</doc>
<arguments>
<arg>xpath=${menu}</arg>
</arguments>
<msg timestamp="20210309 14:29:54.412" level="INFO">Clicking element 'xpath=//span[@class='cursor-pointer mr-15 ic-menu']'.</msg>
<status status="PASS" starttime="20210309 14:29:54.412" endtime="20210309 14:29:54.497"></status>
</kw>
<status status="PASS" starttime="20210309 14:29:54.390" endtime="20210309 14:29:54.497"></status>
</kw>
<doc>menu is clicked in-order to freeze side nav bar</doc>
<status status="PASS" starttime="20210309 14:29:54.389" endtime="20210309 14:29:54.498" critical="yes"></status>
</test>
<test id="s1-s3-t2" name="switch nav bar is selected for card analytics">
<kw name="verify that switch nav bar is selected" library="NavBarSelection">
<kw name="Wait Until Keyword Succeeds" library="BuiltIn">
<doc>Runs the specified keyword and retries if it fails.</doc>
<arguments>
<arg>1 min</arg>
<arg>1 sec</arg>
<arg>Element Should Be Visible</arg>
<arg>xpath=${switch}</arg>
</arguments>
<kw name="Element Should Be Visible" library="SeleniumLibrary">
<doc>Verifies that the element identified by ``locator`` is visible.</doc>
<arguments>
<arg>xpath=${switch}</arg>
</arguments>
<kw name="Capture Page Screenshot" library="SeleniumLibrary">
<doc>Takes a screenshot of the current page and embeds it into a log file.</doc>
<msg timestamp="20210309 14:29:54.913" level="INFO" html="yes">&lt;/td&gt;&lt;/tr&gt;&lt;tr&gt;&lt;td colspan="3"&gt;&lt;a href="selenium-screenshot-9.png"&gt;&lt;img src="selenium-screenshot-9.png" width="800px"&gt;&lt;/a&gt;</msg>
<status status="PASS" starttime="20210309 14:29:54.522" endtime="20210309 14:29:54.913"></status>
</kw>
<msg timestamp="20210309 14:29:54.940" level="FAIL">The element 'xpath=//span[@class='ng-star-inserted' and contains(text(), 'Switch')]' should be visible, but it is not.</msg>
<status status="FAIL" starttime="20210309 14:29:54.501" endtime="20210309 14:29:54.940"></status>
</kw>
<kw name="Element Should Be Visible" library="SeleniumLibrary">
<doc>Verifies that the element identified by ``locator`` is visible.</doc>
<arguments>
<arg>xpath=${switch}</arg>
</arguments>
<msg timestamp="20210309 14:29:55.993" level="INFO">Element 'xpath=//span[@class='ng-star-inserted' and contains(text(), 'Switch')]' is displayed.</msg>
<status status="PASS" starttime="20210309 14:29:55.941" endtime="20210309 14:29:55.994"></status>
</kw>
<status status="PASS" starttime="20210309 14:29:54.501" endtime="20210309 14:29:55.994"></status>
</kw>
<kw name="Click Element" library="SeleniumLibrary">
<doc>Click the element identified by ``locator``.</doc>
<arguments>
<arg>xpath=${switch}</arg>
</arguments>
<msg timestamp="20210309 14:29:55.995" level="INFO">Clicking element 'xpath=//span[@class='ng-star-inserted' and contains(text(), 'Switch')]'.</msg>
<status status="PASS" starttime="20210309 14:29:55.994" endtime="20210309 14:29:56.074"></status>
</kw>
<kw name="Click Element" library="SeleniumLibrary">
<doc>Click the element identified by ``locator``.</doc>
<arguments>
<arg>xpath=${switch}</arg>
</arguments>
<msg timestamp="20210309 14:29:56.075" level="INFO">Clicking element 'xpath=//span[@class='ng-star-inserted' and contains(text(), 'Switch')]'.</msg>
<status status="PASS" starttime="20210309 14:29:56.074" endtime="20210309 14:29:56.137"></status>
</kw>
<status status="PASS" starttime="20210309 14:29:54.500" endtime="20210309 14:29:56.138"></status>
</kw>
<doc>switch is clicked in side nav bar</doc>
<status status="PASS" starttime="20210309 14:29:54.500" endtime="20210309 14:29:56.139" critical="yes"></status>
</test>
<test id="s1-s3-t3" name="dashboard under switch is selected for card analytics">
<kw name="verify that dashboard under switch is selected" library="NavBarSelection">
<kw name="Wait Until Keyword Succeeds" library="BuiltIn">
<doc>Runs the specified keyword and retries if it fails.</doc>
<arguments>
<arg>1 min</arg>
<arg>1 sec</arg>
<arg>Element Should Be Visible</arg>
<arg>xpath=${dashboard}</arg>
</arguments>
<kw name="Element Should Be Visible" library="SeleniumLibrary">
<doc>Verifies that the element identified by ``locator`` is visible.</doc>
<arguments>
<arg>xpath=${dashboard}</arg>
</arguments>
<msg timestamp="20210309 14:29:56.194" level="INFO">Element 'xpath=//mat-tree[@class='mat-tree']/mat-tree-node[3]' is displayed.</msg>
<status status="PASS" starttime="20210309 14:29:56.147" endtime="20210309 14:29:56.194"></status>
</kw>
<status status="PASS" starttime="20210309 14:29:56.146" endtime="20210309 14:29:56.194"></status>
</kw>
<kw name="Click Element" library="SeleniumLibrary">
<doc>Click the element identified by ``locator``.</doc>
<arguments>
<arg>xpath=${dashboard}</arg>
</arguments>
<msg timestamp="20210309 14:29:56.194" level="INFO">Clicking element 'xpath=//mat-tree[@class='mat-tree']/mat-tree-node[3]'.</msg>
<status status="PASS" starttime="20210309 14:29:56.194" endtime="20210309 14:29:56.239"></status>
</kw>
<status status="PASS" starttime="20210309 14:29:56.145" endtime="20210309 14:29:56.239"></status>
</kw>
<doc>dashboard is click under switch in side nav bar</doc>
<status status="PASS" starttime="20210309 14:29:56.143" endtime="20210309 14:29:56.240" critical="yes"></status>
</test>
<test id="s1-s3-t4" name="card analytics under swith-&gt;Dashboard is selected">
<kw name="verift that card analytics under swith-&gt;Dashboard is selected" library="NavBarSelection">
<kw name="Wait Until Keyword Succeeds" library="BuiltIn">
<doc>Runs the specified keyword and retries if it fails.</doc>
<arguments>
<arg>1 min</arg>
<arg>1 sec</arg>
<arg>Element Should Be Visible</arg>
<arg>xpath=${card_analytics}</arg>
</arguments>
<kw name="Element Should Be Visible" library="SeleniumLibrary">
<doc>Verifies that the element identified by ``locator`` is visible.</doc>
<arguments>
<arg>xpath=${card_analytics}</arg>
</arguments>
<msg timestamp="20210309 14:29:56.262" level="INFO">Element 'xpath=//span[@class='sidebar-node ng-star-inserted' and contains(text(), 'Card Analytics')]' is displayed.</msg>
<status status="PASS" starttime="20210309 14:29:56.243" endtime="20210309 14:29:56.262"></status>
</kw>
<status status="PASS" starttime="20210309 14:29:56.242" endtime="20210309 14:29:56.262"></status>
</kw>
<kw name="Click Element" library="SeleniumLibrary">
<doc>Click the element identified by ``locator``.</doc>
<arguments>
<arg>xpath=${card_analytics}</arg>
</arguments>
<msg timestamp="20210309 14:29:56.262" level="INFO">Clicking element 'xpath=//span[@class='sidebar-node ng-star-inserted' and contains(text(), 'Card Analytics')]'.</msg>
<status status="PASS" starttime="20210309 14:29:56.262" endtime="20210309 14:29:56.363"></status>
</kw>
<status status="PASS" starttime="20210309 14:29:56.242" endtime="20210309 14:29:56.363"></status>
</kw>
<doc>card analytics is clicked</doc>
<status status="PASS" starttime="20210309 14:29:56.241" endtime="20210309 14:29:56.364" critical="yes"></status>
</test>
<status status="PASS" starttime="20210309 14:29:54.357" endtime="20210309 14:29:56.367"></status>
</suite>
<suite id="s1-s4" name="04 Dashboard Card Analytics" source="C:\Users\bina.acharya\PycharmProjects\BIDashBoardValidation\test_suites\04_dashboard_card_analytics.robot">
<test id="s1-s4-t1" name="verify that card analytics page is availabe">
<kw name="Go To" library="SeleniumLibrary">
<doc>Navigates the current browser window to the provided ``url``.</doc>
<arguments>
<arg>https://10.13.189.19:8443/bi/switch/dashboard/22</arg>
</arguments>
<msg timestamp="20210309 14:29:56.387" level="INFO">Opening url 'https://10.13.189.19:8443/bi/switch/dashboard/22'</msg>
<status status="PASS" starttime="20210309 14:29:56.387" endtime="20210309 14:29:57.351"></status>
</kw>
<status status="PASS" starttime="20210309 14:29:56.387" endtime="20210309 14:29:57.352" critical="yes"></status>
</test>
<test id="s1-s4-t2" name="all tles are selected by clicking ctrl+a for card analyics">
<kw name="Sleep" library="BuiltIn">
<doc>Pauses the test executed for the given time.</doc>
<arguments>
<arg>5 sec</arg>
</arguments>
<msg timestamp="20210309 14:30:02.356" level="INFO">Slept 5 seconds</msg>
<status status="PASS" starttime="20210309 14:29:57.354" endtime="20210309 14:30:02.356"></status>
</kw>
<kw name="verify that all tles are selected by clicking ctrl+a" library="DashBoardCardAnalyticsPage">
<kw name="Press Keys" library="SeleniumLibrary">
<doc>Simulates the user pressing key(s) to an element or on the active browser.</doc>
<arguments>
<arg>None</arg>
<arg>CTRL+a</arg>
</arguments>
<msg timestamp="20210309 14:30:02.360" level="INFO">Sending key(s) ('CTRL+a',) to page.</msg>
<msg timestamp="20210309 14:30:02.360" level="INFO">Pressing special key CONTROL down.</msg>
<msg timestamp="20210309 14:30:02.360" level="INFO">Sending key a</msg>
<msg timestamp="20210309 14:30:02.360" level="INFO">Releasing special key CONTROL.</msg>
<status status="PASS" starttime="20210309 14:30:02.359" endtime="20210309 14:30:02.438"></status>
</kw>
<status status="PASS" starttime="20210309 14:30:02.358" endtime="20210309 14:30:02.438"></status>
</kw>
<doc>all tiles are selected by clicking "ctrl+a"</doc>
<status status="PASS" starttime="20210309 14:29:57.354" endtime="20210309 14:30:02.439" critical="yes"></status>
</test>
<test id="s1-s4-t3" name="date level of tiles are changed to monthly of card analyics">
<kw name="verfiy that the date level of tiles are changed to monthly" library="DashBoardCardAnalyticsPage">
<kw name="Wait Until Keyword Succeeds" library="BuiltIn">
<doc>Runs the specified keyword and retries if it fails.</doc>
<arguments>
<arg>1 min</arg>
<arg>1 sec</arg>
<arg>Element Should Be Visible</arg>
<arg>xpath=${date_level}</arg>
</arguments>
<kw name="Element Should Be Visible" library="SeleniumLibrary">
<doc>Verifies that the element identified by ``locator`` is visible.</doc>
<arguments>
<arg>xpath=${date_level}</arg>
</arguments>
<msg timestamp="20210309 14:30:02.461" level="INFO">Element 'xpath=//app-enum-filter[@filtername='Date Level']//span[@class='ic-chevron-down']' is displayed.</msg>
<status status="PASS" starttime="20210309 14:30:02.441" endtime="20210309 14:30:02.461"></status>
</kw>
<status status="PASS" starttime="20210309 14:30:02.441" endtime="20210309 14:30:02.461"></status>
</kw>
<kw name="Click Element" library="SeleniumLibrary">
<doc>Click the element identified by ``locator``.</doc>
<arguments>
<arg>xpath=${date_level}</arg>
</arguments>
<msg timestamp="20210309 14:30:02.462" level="INFO">Clicking element 'xpath=//app-enum-filter[@filtername='Date Level']//span[@class='ic-chevron-down']'.</msg>
<status status="PASS" starttime="20210309 14:30:02.462" endtime="20210309 14:30:02.521"></status>
</kw>
<kw name="Sleep" library="BuiltIn">
<doc>Pauses the test executed for the given time.</doc>
<arguments>
<arg>5 sec</arg>
</arguments>
<msg timestamp="20210309 14:30:07.522" level="INFO">Slept 5 seconds</msg>
<status status="PASS" starttime="20210309 14:30:02.521" endtime="20210309 14:30:07.522"></status>
</kw>
<kw name="Click Element" library="SeleniumLibrary">
<doc>Click the element identified by ``locator``.</doc>
<arguments>
<arg>xpath=${monthly}</arg>
</arguments>
<msg timestamp="20210309 14:30:07.523" level="INFO">Clicking element 'xpath=//span[contains(text(),'Monthly')]'.</msg>
<status status="PASS" starttime="20210309 14:30:07.522" endtime="20210309 14:30:07.615"></status>
</kw>
<kw name="Sleep" library="BuiltIn">
<doc>Pauses the test executed for the given time.</doc>
<arguments>
<arg>5</arg>
<arg>sec</arg>
</arguments>
<msg timestamp="20210309 14:30:12.618" level="INFO">Slept 5 seconds</msg>
<msg timestamp="20210309 14:30:12.619" level="INFO">sec</msg>
<status status="PASS" starttime="20210309 14:30:07.615" endtime="20210309 14:30:12.619"></status>
</kw>
<kw name="Get Text" library="SeleniumLibrary">
<doc>Returns the text value of the element identified by ``locator``.</doc>
<arguments>
<arg>xpath=//div[@fxlayoutalign='center center']</arg>
</arguments>
<assign>
<var>${quarterly_value}</var>
</assign>
<msg timestamp="20210309 14:30:12.680" level="INFO">${quarterly_value} = M</msg>
<status status="PASS" starttime="20210309 14:30:12.619" endtime="20210309 14:30:12.680"></status>
</kw>
<kw name="Log To Console" library="BuiltIn">
<doc>Logs the given message to the console.</doc>
<arguments>
<arg>${quarterly_value}</arg>
</arguments>
<status status="PASS" starttime="20210309 14:30:12.680" endtime="20210309 14:30:12.681"></status>
</kw>
<status status="PASS" starttime="20210309 14:30:02.441" endtime="20210309 14:30:12.682"></status>
</kw>
<doc>date level of all tiles are change to monthly</doc>
<status status="PASS" starttime="20210309 14:30:02.440" endtime="20210309 14:30:12.683" critical="yes"></status>
</test>
<test id="s1-s4-t4" name="verify that the date level for all tiles is monthly">
<kw name="verify that the date level for all tiles is monthly" library="DashBoardCardAnalyticsPage">
<kw name="Get Text" library="SeleniumLibrary">
<doc>Returns the text value of the element identified by ``locator``.</doc>
<arguments>
<arg>xpath=//div[@fxlayoutalign='center center']</arg>
</arguments>
<assign>
<var>${monthly_text}</var>
</assign>
<msg timestamp="20210309 14:30:12.722" level="INFO">${monthly_text} = M</msg>
<status status="PASS" starttime="20210309 14:30:12.689" endtime="20210309 14:30:12.723"></status>
</kw>
<kw name="Should Be Equal As Strings" library="BuiltIn">
<doc>Fails if objects are unequal after converting them to strings.</doc>
<arguments>
<arg>${monthly_text}</arg>
<arg>M</arg>
<arg>msg=should be 'M' but got ${monthly_text}</arg>
</arguments>
<status status="PASS" starttime="20210309 14:30:12.723" endtime="20210309 14:30:12.724"></status>
</kw>
<status status="PASS" starttime="20210309 14:30:12.688" endtime="20210309 14:30:12.724"></status>
</kw>
<doc>verifying that all tiles are changed to monthly</doc>
<status status="PASS" starttime="20210309 14:30:12.687" endtime="20210309 14:30:12.725" critical="yes"></status>
</test>
<test id="s1-s4-t5" name="verfiy that the date level of tiles are changed to daily for card analytics">
<kw name="verfiy that the date level of tiles are changed to daily" library="DashBoardCardAnalyticsPage">
<kw name="Wait Until Keyword Succeeds" library="BuiltIn">
<doc>Runs the specified keyword and retries if it fails.</doc>
<arguments>
<arg>1 min</arg>
<arg>1 sec</arg>
<arg>Element Should Be Visible</arg>
<arg>xpath=${date_level}</arg>
</arguments>
<kw name="Element Should Be Visible" library="SeleniumLibrary">
<doc>Verifies that the element identified by ``locator`` is visible.</doc>
<arguments>
<arg>xpath=${date_level}</arg>
</arguments>
<msg timestamp="20210309 14:30:12.757" level="INFO">Element 'xpath=//app-enum-filter[@filtername='Date Level']//span[@class='ic-chevron-down']' is displayed.</msg>
<status status="PASS" starttime="20210309 14:30:12.731" endtime="20210309 14:30:12.757"></status>
</kw>
<status status="PASS" starttime="20210309 14:30:12.731" endtime="20210309 14:30:12.757"></status>
</kw>
<kw name="Click Element" library="SeleniumLibrary">
<doc>Click the element identified by ``locator``.</doc>
<arguments>
<arg>xpath=${date_level}</arg>
</arguments>
<msg timestamp="20210309 14:30:12.758" level="INFO">Clicking element 'xpath=//app-enum-filter[@filtername='Date Level']//span[@class='ic-chevron-down']'.</msg>
<status status="PASS" starttime="20210309 14:30:12.758" endtime="20210309 14:30:12.835"></status>
</kw>
<kw name="Sleep" library="BuiltIn">
<doc>Pauses the test executed for the given time.</doc>
<arguments>
<arg>5 sec</arg>
</arguments>
<msg timestamp="20210309 14:30:17.836" level="INFO">Slept 5 seconds</msg>
<status status="PASS" starttime="20210309 14:30:12.835" endtime="20210309 14:30:17.836"></status>
</kw>
<kw name="Click Element" library="SeleniumLibrary">
<doc>Click the element identified by ``locator``.</doc>
<arguments>
<arg>xpath=${daily}</arg>
</arguments>
<msg timestamp="20210309 14:30:17.838" level="INFO">Clicking element 'xpath=//span[contains(text(),'Daily')]'.</msg>
<status status="PASS" starttime="20210309 14:30:17.837" endtime="20210309 14:30:17.968"></status>
</kw>
<kw name="Sleep" library="BuiltIn">
<doc>Pauses the test executed for the given time.</doc>
<arguments>
<arg>5</arg>
<arg>sec</arg>
</arguments>
<msg timestamp="20210309 14:30:22.969" level="INFO">Slept 5 seconds</msg>
<msg timestamp="20210309 14:30:22.969" level="INFO">sec</msg>
<status status="PASS" starttime="20210309 14:30:17.968" endtime="20210309 14:30:22.969"></status>
</kw>
<status status="PASS" starttime="20210309 14:30:12.730" endtime="20210309 14:30:22.970"></status>
</kw>
<doc>date level of all tiles are change to daily</doc>
<status status="PASS" starttime="20210309 14:30:12.728" endtime="20210309 14:30:22.971" critical="yes"></status>
</test>
<test id="s1-s4-t6" name="verify that the date level for all tiles is daily">
<kw name="verify that the date level for all tiles is daily" library="DashBoardCardAnalyticsPage">
<kw name="Get Text" library="SeleniumLibrary">
<doc>Returns the text value of the element identified by ``locator``.</doc>
<arguments>
<arg>xpath=//div[@fxlayoutalign='center center']</arg>
</arguments>
<assign>
<var>${daily_text}</var>
</assign>
<msg timestamp="20210309 14:30:23.011" level="INFO">${daily_text} = D</msg>
<status status="PASS" starttime="20210309 14:30:22.977" endtime="20210309 14:30:23.011"></status>
</kw>
<kw name="Should Be Equal As Strings" library="BuiltIn">
<doc>Fails if objects are unequal after converting them to strings.</doc>
<arguments>
<arg>${daily_text}</arg>
<arg>D</arg>
<arg>msg=should be 'D' but got ${daily_text}</arg>
</arguments>
<status status="PASS" starttime="20210309 14:30:23.011" endtime="20210309 14:30:23.012"></status>
</kw>
<status status="PASS" starttime="20210309 14:30:22.976" endtime="20210309 14:30:23.012"></status>
</kw>
<doc>verifying that all tiles are changed to daily</doc>
<status status="PASS" starttime="20210309 14:30:22.975" endtime="20210309 14:30:23.013" critical="yes"></status>
</test>
<test id="s1-s4-t7" name="verfiy that the date level of tiles are changed to monthly_ for card analytics">
<kw name="verfiy that the date level of tiles are changed to monthly" library="DashBoardCardAnalyticsPage">
<kw name="Wait Until Keyword Succeeds" library="BuiltIn">
<doc>Runs the specified keyword and retries if it fails.</doc>
<arguments>
<arg>1 min</arg>
<arg>1 sec</arg>
<arg>Element Should Be Visible</arg>
<arg>xpath=${date_level}</arg>
</arguments>
<kw name="Element Should Be Visible" library="SeleniumLibrary">
<doc>Verifies that the element identified by ``locator`` is visible.</doc>
<arguments>
<arg>xpath=${date_level}</arg>
</arguments>
<msg timestamp="20210309 14:30:23.040" level="INFO">Element 'xpath=//app-enum-filter[@filtername='Date Level']//span[@class='ic-chevron-down']' is displayed.</msg>
<status status="PASS" starttime="20210309 14:30:23.018" endtime="20210309 14:30:23.040"></status>
</kw>
<status status="PASS" starttime="20210309 14:30:23.018" endtime="20210309 14:30:23.040"></status>
</kw>
<kw name="Click Element" library="SeleniumLibrary">
<doc>Click the element identified by ``locator``.</doc>
<arguments>
<arg>xpath=${date_level}</arg>
</arguments>
<msg timestamp="20210309 14:30:23.040" level="INFO">Clicking element 'xpath=//app-enum-filter[@filtername='Date Level']//span[@class='ic-chevron-down']'.</msg>
<status status="PASS" starttime="20210309 14:30:23.040" endtime="20210309 14:30:23.092"></status>
</kw>
<kw name="Sleep" library="BuiltIn">
<doc>Pauses the test executed for the given time.</doc>
<arguments>
<arg>5 sec</arg>
</arguments>
<msg timestamp="20210309 14:30:28.093" level="INFO">Slept 5 seconds</msg>
<status status="PASS" starttime="20210309 14:30:23.092" endtime="20210309 14:30:28.093"></status>
</kw>
<kw name="Click Element" library="SeleniumLibrary">
<doc>Click the element identified by ``locator``.</doc>
<arguments>
<arg>xpath=${monthly}</arg>
</arguments>
<msg timestamp="20210309 14:30:28.095" level="INFO">Clicking element 'xpath=//span[contains(text(),'Monthly')]'.</msg>
<status status="PASS" starttime="20210309 14:30:28.094" endtime="20210309 14:30:28.232"></status>
</kw>
<kw name="Sleep" library="BuiltIn">
<doc>Pauses the test executed for the given time.</doc>
<arguments>
<arg>5</arg>
<arg>sec</arg>
</arguments>
<msg timestamp="20210309 14:30:33.234" level="INFO">Slept 5 seconds</msg>
<msg timestamp="20210309 14:30:33.234" level="INFO">sec</msg>
<status status="PASS" starttime="20210309 14:30:28.232" endtime="20210309 14:30:33.234"></status>
</kw>
<kw name="Get Text" library="SeleniumLibrary">
<doc>Returns the text value of the element identified by ``locator``.</doc>
<arguments>
<arg>xpath=//div[@fxlayoutalign='center center']</arg>
</arguments>
<assign>
<var>${quarterly_value}</var>
</assign>
<msg timestamp="20210309 14:30:33.295" level="INFO">${quarterly_value} = M</msg>
<status status="PASS" starttime="20210309 14:30:33.235" endtime="20210309 14:30:33.296"></status>
</kw>
<kw name="Log To Console" library="BuiltIn">
<doc>Logs the given message to the console.</doc>
<arguments>
<arg>${quarterly_value}</arg>
</arguments>
<status status="PASS" starttime="20210309 14:30:33.296" endtime="20210309 14:30:33.298"></status>
</kw>
<status status="PASS" starttime="20210309 14:30:23.017" endtime="20210309 14:30:33.299"></status>
</kw>
<status status="PASS" starttime="20210309 14:30:23.016" endtime="20210309 14:30:33.301" critical="yes"></status>
</test>
<test id="s1-s4-t8" name="verfiy that the date level of tiles are changed to yearly for card analytics">
<kw name="verfiy that the date level of tiles are changed to yearly" library="DashBoardCardAnalyticsPage">
<kw name="Wait Until Keyword Succeeds" library="BuiltIn">
<doc>Runs the specified keyword and retries if it fails.</doc>
<arguments>
<arg>1 min</arg>
<arg>1 sec</arg>
<arg>Element Should Be Visible</arg>
<arg>xpath=${date_level}</arg>
</arguments>
<kw name="Element Should Be Visible" library="SeleniumLibrary">
<doc>Verifies that the element identified by ``locator`` is visible.</doc>
<arguments>
<arg>xpath=${date_level}</arg>
</arguments>
<msg timestamp="20210309 14:30:33.347" level="INFO">Element 'xpath=//app-enum-filter[@filtername='Date Level']//span[@class='ic-chevron-down']' is displayed.</msg>
<status status="PASS" starttime="20210309 14:30:33.313" endtime="20210309 14:30:33.348"></status>
</kw>
<status status="PASS" starttime="20210309 14:30:33.311" endtime="20210309 14:30:33.348"></status>
</kw>
<kw name="Click Element" library="SeleniumLibrary">
<doc>Click the element identified by ``locator``.</doc>
<arguments>
<arg>xpath=${date_level}</arg>
</arguments>
<msg timestamp="20210309 14:30:33.349" level="INFO">Clicking element 'xpath=//app-enum-filter[@filtername='Date Level']//span[@class='ic-chevron-down']'.</msg>
<status status="PASS" starttime="20210309 14:30:33.348" endtime="20210309 14:30:33.402"></status>
</kw>
<kw name="Sleep" library="BuiltIn">
<doc>Pauses the test executed for the given time.</doc>
<arguments>
<arg>5 sec</arg>
</arguments>
<msg timestamp="20210309 14:30:38.403" level="INFO">Slept 5 seconds</msg>
<status status="PASS" starttime="20210309 14:30:33.402" endtime="20210309 14:30:38.404"></status>
</kw>
<kw name="Click Element" library="SeleniumLibrary">
<doc>Click the element identified by ``locator``.</doc>
<arguments>
<arg>xpath=${yearly}</arg>
</arguments>
<msg timestamp="20210309 14:30:38.405" level="INFO">Clicking element 'xpath=//span[contains(text(),'Yearly')]'.</msg>
<status status="PASS" starttime="20210309 14:30:38.404" endtime="20210309 14:30:38.552"></status>
</kw>
<kw name="Sleep" library="BuiltIn">
<doc>Pauses the test executed for the given time.</doc>
<arguments>
<arg>5</arg>
<arg>sec</arg>
</arguments>
<msg timestamp="20210309 14:30:43.554" level="INFO">Slept 5 seconds</msg>
<msg timestamp="20210309 14:30:43.554" level="INFO">sec</msg>
<status status="PASS" starttime="20210309 14:30:38.552" endtime="20210309 14:30:43.554"></status>
</kw>
<status status="PASS" starttime="20210309 14:30:33.310" endtime="20210309 14:30:43.555"></status>
</kw>
<doc>date level of all tiles are change to yearly</doc>
<status status="PASS" starttime="20210309 14:30:33.307" endtime="20210309 14:30:43.556" critical="yes"></status>
</test>
<test id="s1-s4-t9" name="verify that the date level for all tiles is yearly">
<kw name="verify that the date level for all tiles is yearly" library="DashBoardCardAnalyticsPage">
<kw name="Get Text" library="SeleniumLibrary">
<doc>Returns the text value of the element identified by ``locator``.</doc>
<arguments>
<arg>xpath=//div[@fxlayoutalign='center center']</arg>
</arguments>
<assign>
<var>${yearly_text}</var>
</assign>
<msg timestamp="20210309 14:30:43.602" level="INFO">${yearly_text} = Y</msg>
<status status="PASS" starttime="20210309 14:30:43.563" endtime="20210309 14:30:43.603"></status>
</kw>
<kw name="Should Be Equal As Strings" library="BuiltIn">
<doc>Fails if objects are unequal after converting them to strings.</doc>
<arguments>
<arg>${yearly_text}</arg>
<arg>Y</arg>
<arg>msg=should be 'Y' but got ${yearly_text}</arg>
</arguments>
<status status="PASS" starttime="20210309 14:30:43.603" endtime="20210309 14:30:43.604"></status>
</kw>
<status status="PASS" starttime="20210309 14:30:43.562" endtime="20210309 14:30:43.604"></status>
</kw>
<doc>verifying all tiles date level are change to yearly</doc>
<status status="PASS" starttime="20210309 14:30:43.560" endtime="20210309 14:30:43.606" critical="yes"></status>
</test>
<test id="s1-s4-t10" name="verify that one tile is clicked and date level is changed to daily for card analytics">
<kw name="verify that one tile is clicked and date level is changed to daily" library="DashBoardCardAnalyticsPage">
<kw name="Click Element" library="SeleniumLibrary">
<doc>Click the element identified by ``locator``.</doc>
<arguments>
<arg>id=${click_tile}</arg>
</arguments>
<msg timestamp="20210309 14:30:43.611" level="INFO">Clicking element 'id=layout_22_197'.</msg>
<status status="PASS" starttime="20210309 14:30:43.611" endtime="20210309 14:30:43.740"></status>
</kw>
<kw name="Click Element" library="SeleniumLibrary">
<doc>Click the element identified by ``locator``.</doc>
<arguments>
<arg>xpath=${date_level}</arg>
</arguments>
<msg timestamp="20210309 14:30:43.740" level="INFO">Clicking element 'xpath=//app-enum-filter[@filtername='Date Level']//span[@class='ic-chevron-down']'.</msg>
<status status="PASS" starttime="20210309 14:30:43.740" endtime="20210309 14:30:43.817"></status>
</kw>
<kw name="Sleep" library="BuiltIn">
<doc>Pauses the test executed for the given time.</doc>
<arguments>
<arg>5 sec</arg>
</arguments>
<msg timestamp="20210309 14:30:48.819" level="INFO">Slept 5 seconds</msg>
<status status="PASS" starttime="20210309 14:30:43.817" endtime="20210309 14:30:48.819"></status>
</kw>
<kw name="Click Element" library="SeleniumLibrary">
<doc>Click the element identified by ``locator``.</doc>
<arguments>
<arg>xpath=${daily}</arg>
</arguments>
<msg timestamp="20210309 14:30:48.820" level="INFO">Clicking element 'xpath=//span[contains(text(),'Daily')]'.</msg>
<status status="PASS" starttime="20210309 14:30:48.819" endtime="20210309 14:30:48.916"></status>
</kw>
<status status="PASS" starttime="20210309 14:30:43.610" endtime="20210309 14:30:48.916"></status>
</kw>
<status status="PASS" starttime="20210309 14:30:43.609" endtime="20210309 14:30:48.917" critical="yes"></status>
</test>
<test id="s1-s4-t11" name="verify that the date level is changed to monthly of one tile for card analytics">
<kw name="verify that the date level is changed to monthly of one tile" library="DashBoardCardAnalyticsPage">
<kw name="Click Element" library="SeleniumLibrary">
<doc>Click the element identified by ``locator``.</doc>
<arguments>
<arg>xpath=${date_level}</arg>
</arguments>
<msg timestamp="20210309 14:30:48.919" level="INFO">Clicking element 'xpath=//app-enum-filter[@filtername='Date Level']//span[@class='ic-chevron-down']'.</msg>
<status status="PASS" starttime="20210309 14:30:48.919" endtime="20210309 14:30:49.025"></status>
</kw>
<kw name="Click Element" library="SeleniumLibrary">
<doc>Click the element identified by ``locator``.</doc>
<arguments>
<arg>xpath=${monthly}</arg>
</arguments>
<msg timestamp="20210309 14:30:49.025" level="INFO">Clicking element 'xpath=//span[contains(text(),'Monthly')]'.</msg>
<status status="PASS" starttime="20210309 14:30:49.025" endtime="20210309 14:30:49.126"></status>
</kw>
<status status="PASS" starttime="20210309 14:30:48.919" endtime="20210309 14:30:49.126"></status>
</kw>
<status status="PASS" starttime="20210309 14:30:48.918" endtime="20210309 14:30:49.127" critical="yes"></status>
</test>
<test id="s1-s4-t12" name="verify that the date level is changed to yearly of one tile for card analytics">
<kw name="verify that the date level is changed to yearly of one tile" library="DashBoardCardAnalyticsPage">
<kw name="Click Element" library="SeleniumLibrary">
<doc>Click the element identified by ``locator``.</doc>
<arguments>
<arg>xpath=${date_level}</arg>
</arguments>
<msg timestamp="20210309 14:30:49.130" level="INFO">Clicking element 'xpath=//app-enum-filter[@filtername='Date Level']//span[@class='ic-chevron-down']'.</msg>
<status status="PASS" starttime="20210309 14:30:49.130" endtime="20210309 14:30:49.193"></status>
</kw>
<kw name="Click Element" library="SeleniumLibrary">
<doc>Click the element identified by ``locator``.</doc>
<arguments>
<arg>xpath=${yearly}</arg>
</arguments>
<msg timestamp="20210309 14:30:49.194" level="INFO">Clicking element 'xpath=//span[contains(text(),'Yearly')]'.</msg>
<status status="PASS" starttime="20210309 14:30:49.194" endtime="20210309 14:30:49.293"></status>
</kw>
<status status="PASS" starttime="20210309 14:30:49.129" endtime="20210309 14:30:49.294"></status>
</kw>
<status status="PASS" starttime="20210309 14:30:49.129" endtime="20210309 14:30:49.294" critical="yes"></status>
</test>
<test id="s1-s4-t13" name="verify that one tile is clicked and date level is changed to daily_ for card analytics">
<kw name="verify that one tile is clicked and date level is changed to daily" library="DashBoardCardAnalyticsPage">
<kw name="Click Element" library="SeleniumLibrary">
<doc>Click the element identified by ``locator``.</doc>
<arguments>
<arg>id=${click_tile}</arg>
</arguments>
<msg timestamp="20210309 14:30:49.298" level="INFO">Clicking element 'id=layout_22_197'.</msg>
<status status="PASS" starttime="20210309 14:30:49.298" endtime="20210309 14:30:49.370"></status>
</kw>
<kw name="Click Element" library="SeleniumLibrary">
<doc>Click the element identified by ``locator``.</doc>
<arguments>
<arg>xpath=${date_level}</arg>
</arguments>
<msg timestamp="20210309 14:30:49.371" level="INFO">Clicking element 'xpath=//app-enum-filter[@filtername='Date Level']//span[@class='ic-chevron-down']'.</msg>
<status status="PASS" starttime="20210309 14:30:49.370" endtime="20210309 14:30:49.460"></status>
</kw>
<kw name="Sleep" library="BuiltIn">
<doc>Pauses the test executed for the given time.</doc>
<arguments>
<arg>5 sec</arg>
</arguments>
<msg timestamp="20210309 14:30:54.461" level="INFO">Slept 5 seconds</msg>
<status status="PASS" starttime="20210309 14:30:49.460" endtime="20210309 14:30:54.461"></status>
</kw>
<kw name="Click Element" library="SeleniumLibrary">
<doc>Click the element identified by ``locator``.</doc>
<arguments>
<arg>xpath=${daily}</arg>
</arguments>
<msg timestamp="20210309 14:30:54.463" level="INFO">Clicking element 'xpath=//span[contains(text(),'Daily')]'.</msg>
<status status="PASS" starttime="20210309 14:30:54.462" endtime="20210309 14:30:54.560"></status>
</kw>
<status status="PASS" starttime="20210309 14:30:49.297" endtime="20210309 14:30:54.561"></status>
</kw>
<status status="PASS" starttime="20210309 14:30:49.297" endtime="20210309 14:30:54.561" critical="yes"></status>
</test>
<test id="s1-s4-t14" name="verify that the menu for single tile is selected for card analytics">
<kw name="verify that the menu for single tile is selected" library="DashBoardCardAnalyticsPage">
<kw name="Wait Until Keyword Succeeds" library="BuiltIn">
<doc>Runs the specified keyword and retries if it fails.</doc>
<arguments>
<arg>1 min</arg>
<arg>1 sec</arg>
<arg>Element Should Be Visible</arg>
<arg>xpath=${menu_selection_for_single_tile}</arg>
</arguments>
<kw name="Element Should Be Visible" library="SeleniumLibrary">
<doc>Verifies that the element identified by ``locator`` is visible.</doc>
<arguments>
<arg>xpath=${menu_selection_for_single_tile}</arg>
</arguments>
<msg timestamp="20210309 14:30:54.622" level="INFO">Element 'xpath=//div[@id='layout_22_193_content']//span[@mattooltip='Menu']' is displayed.</msg>
<status status="PASS" starttime="20210309 14:30:54.566" endtime="20210309 14:30:54.622"></status>
</kw>
<status status="PASS" starttime="20210309 14:30:54.565" endtime="20210309 14:30:54.622"></status>
</kw>
<kw name="Click Element" library="SeleniumLibrary">
<doc>Click the element identified by ``locator``.</doc>
<arguments>
<arg>xpath=${menu_selection_for_single_tile}</arg>
</arguments>
<msg timestamp="20210309 14:30:54.622" level="INFO">Clicking element 'xpath=//div[@id='layout_22_193_content']//span[@mattooltip='Menu']'.</msg>
<status status="PASS" starttime="20210309 14:30:54.622" endtime="20210309 14:30:54.747"></status>
</kw>
<status status="PASS" starttime="20210309 14:30:54.565" endtime="20210309 14:30:54.748"></status>
</kw>
<status status="PASS" starttime="20210309 14:30:54.564" endtime="20210309 14:30:54.748" critical="yes"></status>
</test>
<test id="s1-s4-t15" name="verift that focus item is selected for single tile for card analytics">
<kw name="verift that focus item is selected for single tile" library="DashBoardCardAnalyticsPage">
<kw name="Wait Until Keyword Succeeds" library="BuiltIn">
<doc>Runs the specified keyword and retries if it fails.</doc>
<arguments>
<arg>1 min</arg>
<arg>1 sec</arg>
<arg>Element Should Be Visible</arg>
<arg>xpath=${focus_tile}</arg>
</arguments>
<kw name="Element Should Be Visible" library="SeleniumLibrary">
<doc>Verifies that the element identified by ``locator`` is visible.</doc>
<arguments>
<arg>xpath=${focus_tile}</arg>
</arguments>
<kw name="Capture Page Screenshot" library="SeleniumLibrary">
<doc>Takes a screenshot of the current page and embeds it into a log file.</doc>
<msg timestamp="20210309 14:30:55.183" level="INFO" html="yes">&lt;/td&gt;&lt;/tr&gt;&lt;tr&gt;&lt;td colspan="3"&gt;&lt;a href="selenium-screenshot-10.png"&gt;&lt;img src="selenium-screenshot-10.png" width="800px"&gt;&lt;/a&gt;</msg>
<status status="PASS" starttime="20210309 14:30:54.802" endtime="20210309 14:30:55.183"></status>
</kw>
<msg timestamp="20210309 14:30:55.197" level="FAIL">Element with locator 'xpath=//div[@class='mat-menu-content']/a[2]' not found.</msg>
<status status="FAIL" starttime="20210309 14:30:54.752" endtime="20210309 14:30:55.197"></status>
</kw>
<kw name="Element Should Be Visible" library="SeleniumLibrary">
<doc>Verifies that the element identified by ``locator`` is visible.</doc>
<arguments>
<arg>xpath=${focus_tile}</arg>
</arguments>
<msg timestamp="20210309 14:30:56.215" level="INFO">Element 'xpath=//div[@class='mat-menu-content']/a[2]' is displayed.</msg>
<status status="PASS" starttime="20210309 14:30:56.198" endtime="20210309 14:30:56.215"></status>
</kw>
<status status="PASS" starttime="20210309 14:30:54.751" endtime="20210309 14:30:56.215"></status>
</kw>
<kw name="Click Element" library="SeleniumLibrary">
<doc>Click the element identified by ``locator``.</doc>
<arguments>
<arg>xpath=${focus_tile}</arg>
</arguments>
<msg timestamp="20210309 14:30:56.216" level="INFO">Clicking element 'xpath=//div[@class='mat-menu-content']/a[2]'.</msg>
<status status="PASS" starttime="20210309 14:30:56.215" endtime="20210309 14:30:56.363"></status>
</kw>
<kw name="Sleep" library="BuiltIn">
<doc>Pauses the test executed for the given time.</doc>
<arguments>
<arg>5 sec</arg>
</arguments>
<msg timestamp="20210309 14:31:01.366" level="INFO">Slept 5 seconds</msg>
<status status="PASS" starttime="20210309 14:30:56.364" endtime="20210309 14:31:01.366"></status>
</kw>
<status status="PASS" starttime="20210309 14:30:54.751" endtime="20210309 14:31:01.366"></status>
</kw>
<status status="PASS" starttime="20210309 14:30:54.750" endtime="20210309 14:31:01.367" critical="yes"></status>
</test>
<test id="s1-s4-t16" name="verify that cancel focus is selected for card analytics">
<kw name="verify that cancel focus is selected" library="DashBoardCardAnalyticsPage">
<kw name="Wait Until Keyword Succeeds" library="BuiltIn">
<doc>Runs the specified keyword and retries if it fails.</doc>
<arguments>
<arg>1 min</arg>
<arg>1 sec</arg>
<arg>Element Should Be Visible</arg>
<arg>xpath=${cancel_focus_tile}</arg>
</arguments>
<kw name="Element Should Be Visible" library="SeleniumLibrary">
<doc>Verifies that the element identified by ``locator`` is visible.</doc>
<arguments>
<arg>xpath=${cancel_focus_tile}</arg>
</arguments>
<msg timestamp="20210309 14:31:01.421" level="INFO">Element 'xpath=//span[@class='ic-x res-font-x cursor-pointer ng-star-inserted']' is displayed.</msg>
<status status="PASS" starttime="20210309 14:31:01.374" endtime="20210309 14:31:01.421"></status>
</kw>
<status status="PASS" starttime="20210309 14:31:01.373" endtime="20210309 14:31:01.421"></status>
</kw>
<kw name="Click Element" library="SeleniumLibrary">
<doc>Click the element identified by ``locator``.</doc>
<arguments>
<arg>xpath=${cancel_focus_tile}</arg>
</arguments>
<msg timestamp="20210309 14:31:01.422" level="INFO">Clicking element 'xpath=//span[@class='ic-x res-font-x cursor-pointer ng-star-inserted']'.</msg>
<status status="PASS" starttime="20210309 14:31:01.421" endtime="20210309 14:31:01.490"></status>
</kw>
<status status="PASS" starttime="20210309 14:31:01.372" endtime="20210309 14:31:01.490"></status>
</kw>
<status status="PASS" starttime="20210309 14:31:01.371" endtime="20210309 14:31:01.491" critical="yes"></status>
</test>
<test id="s1-s4-t17" name="verify that the total number tiles present in card analytics is correct for card analytics">
<kw name="verify that the total number tiles present in card analytics is correct" library="DashBoardCardAnalyticsPage">
<kw name="Get Element Count" library="SeleniumLibrary">
<doc>Returns the number of elements matching ``locator``.</doc>
<arguments>
<arg>xpath=//div[@class='e-panel e-panel-transition']</arg>
</arguments>
<assign>
<var>${Count}</var>
</assign>
<msg timestamp="20210309 14:31:01.512" level="INFO">${Count} = 18</msg>
<status status="PASS" starttime="20210309 14:31:01.494" endtime="20210309 14:31:01.512"></status>
</kw>
<kw name="Log To Console" library="BuiltIn">
<doc>Logs the given message to the console.</doc>
<arguments>
<arg>${Count}</arg>
</arguments>
<status status="PASS" starttime="20210309 14:31:01.512" endtime="20210309 14:31:01.513"></status>
</kw>
<status status="PASS" starttime="20210309 14:31:01.494" endtime="20210309 14:31:01.513"></status>
</kw>
<status status="PASS" starttime="20210309 14:31:01.493" endtime="20210309 14:31:01.514" critical="yes"></status>
</test>
<test id="s1-s4-t18" name="verify that the card analytics should contain card analytics text for card analytics">
<kw name="verify that the card analytics should contain card analytics text" library="DashBoardCardAnalyticsPage">
<kw name="Page Should Contain" library="SeleniumLibrary">
<doc>Verifies that current page contains ``text``.</doc>
<arguments>
<arg>${contain_header_text}</arg>
</arguments>
<msg timestamp="20210309 14:31:01.547" level="INFO">Current page contains text 'Card Analytics'.</msg>
<status status="PASS" starttime="20210309 14:31:01.518" endtime="20210309 14:31:01.547"></status>
</kw>
<status status="PASS" starttime="20210309 14:31:01.517" endtime="20210309 14:31:01.549"></status>
</kw>
<status status="PASS" starttime="20210309 14:31:01.516" endtime="20210309 14:31:01.550" critical="yes"></status>
</test>
<status status="PASS" starttime="20210309 14:29:56.370" endtime="20210309 14:31:01.553"></status>
</suite>
<suite id="s1-s5" name="05 Navigate To Terminal Analytics" source="C:\Users\bina.acharya\PycharmProjects\BIDashBoardValidation\test_suites\05_navigate_to_terminal_analytics.robot">
<test id="s1-s5-t1" name="verify that menu_ is clicked for terminal analytics">
<kw name="verify that menu is clicked" library="NavBarSelection">
<kw name="Wait Until Keyword Succeeds" library="BuiltIn">
<doc>Runs the specified keyword and retries if it fails.</doc>
<arguments>
<arg>1 min</arg>
<arg>1 sec</arg>
<arg>Element Should Be Visible</arg>
<arg>xpath=${menu}</arg>
</arguments>
<kw name="Element Should Be Visible" library="SeleniumLibrary">
<doc>Verifies that the element identified by ``locator`` is visible.</doc>
<arguments>
<arg>xpath=${menu}</arg>
</arguments>
<msg timestamp="20210309 14:31:01.617" level="INFO">Element 'xpath=//span[@class='cursor-pointer mr-15 ic-menu']' is displayed.</msg>
<status status="PASS" starttime="20210309 14:31:01.571" endtime="20210309 14:31:01.617"></status>
</kw>
<status status="PASS" starttime="20210309 14:31:01.570" endtime="20210309 14:31:01.617"></status>
</kw>
<kw name="Click Element" library="SeleniumLibrary">
<doc>Click the element identified by ``locator``.</doc>
<arguments>
<arg>xpath=${menu}</arg>
</arguments>
<msg timestamp="20210309 14:31:01.618" level="INFO">Clicking element 'xpath=//span[@class='cursor-pointer mr-15 ic-menu']'.</msg>
<status status="PASS" starttime="20210309 14:31:01.618" endtime="20210309 14:31:01.719"></status>
</kw>
<status status="PASS" starttime="20210309 14:31:01.569" endtime="20210309 14:31:01.720"></status>
</kw>
<status status="PASS" starttime="20210309 14:31:01.566" endtime="20210309 14:31:01.720" critical="yes"></status>
</test>
<test id="s1-s5-t2" name="verify that switch nav bar is selected for terminal analytics">
<kw name="verify that switch nav bar is selected" library="NavBarSelection">
<kw name="Wait Until Keyword Succeeds" library="BuiltIn">
<doc>Runs the specified keyword and retries if it fails.</doc>
<arguments>
<arg>1 min</arg>
<arg>1 sec</arg>
<arg>Element Should Be Visible</arg>
<arg>xpath=${switch}</arg>
</arguments>
<kw name="Element Should Be Visible" library="SeleniumLibrary">
<doc>Verifies that the element identified by ``locator`` is visible.</doc>
<arguments>
<arg>xpath=${switch}</arg>
</arguments>
<kw name="Capture Page Screenshot" library="SeleniumLibrary">
<doc>Takes a screenshot of the current page and embeds it into a log file.</doc>
<msg timestamp="20210309 14:31:02.103" level="INFO" html="yes">&lt;/td&gt;&lt;/tr&gt;&lt;tr&gt;&lt;td colspan="3"&gt;&lt;a href="selenium-screenshot-11.png"&gt;&lt;img src="selenium-screenshot-11.png" width="800px"&gt;&lt;/a&gt;</msg>
<status status="PASS" starttime="20210309 14:31:01.745" endtime="20210309 14:31:02.103"></status>
</kw>
<msg timestamp="20210309 14:31:02.103" level="FAIL">The element 'xpath=//span[@class='ng-star-inserted' and contains(text(), 'Switch')]' should be visible, but it is not.</msg>
<status status="FAIL" starttime="20210309 14:31:01.723" endtime="20210309 14:31:02.103"></status>
</kw>
<kw name="Element Should Be Visible" library="SeleniumLibrary">
<doc>Verifies that the element identified by ``locator`` is visible.</doc>
<arguments>
<arg>xpath=${switch}</arg>
</arguments>
<msg timestamp="20210309 14:31:03.157" level="INFO">Element 'xpath=//span[@class='ng-star-inserted' and contains(text(), 'Switch')]' is displayed.</msg>
<status status="PASS" starttime="20210309 14:31:03.104" endtime="20210309 14:31:03.157"></status>
</kw>
<status status="PASS" starttime="20210309 14:31:01.723" endtime="20210309 14:31:03.157"></status>
</kw>
<kw name="Click Element" library="SeleniumLibrary">
<doc>Click the element identified by ``locator``.</doc>
<arguments>
<arg>xpath=${switch}</arg>
</arguments>
<msg timestamp="20210309 14:31:03.158" level="INFO">Clicking element 'xpath=//span[@class='ng-star-inserted' and contains(text(), 'Switch')]'.</msg>
<status status="PASS" starttime="20210309 14:31:03.158" endtime="20210309 14:31:03.277"></status>
</kw>
<kw name="Click Element" library="SeleniumLibrary">
<doc>Click the element identified by ``locator``.</doc>
<arguments>
<arg>xpath=${switch}</arg>
</arguments>
<msg timestamp="20210309 14:31:03.278" level="INFO">Clicking element 'xpath=//span[@class='ng-star-inserted' and contains(text(), 'Switch')]'.</msg>
<status status="PASS" starttime="20210309 14:31:03.277" endtime="20210309 14:31:03.337"></status>
</kw>
<status status="PASS" starttime="20210309 14:31:01.723" endtime="20210309 14:31:03.337"></status>
</kw>
<status status="PASS" starttime="20210309 14:31:01.722" endtime="20210309 14:31:03.338" critical="yes"></status>
</test>
<test id="s1-s5-t3" name="verify that dashboard under switch is selected for terminal analytics">
<kw name="verify that dashboard under switch is selected" library="NavBarSelection">
<kw name="Wait Until Keyword Succeeds" library="BuiltIn">
<doc>Runs the specified keyword and retries if it fails.</doc>
<arguments>
<arg>1 min</arg>
<arg>1 sec</arg>
<arg>Element Should Be Visible</arg>
<arg>xpath=${dashboard}</arg>
</arguments>
<kw name="Element Should Be Visible" library="SeleniumLibrary">
<doc>Verifies that the element identified by ``locator`` is visible.</doc>
<arguments>
<arg>xpath=${dashboard}</arg>
</arguments>
<msg timestamp="20210309 14:31:03.367" level="INFO">Element 'xpath=//mat-tree[@class='mat-tree']/mat-tree-node[3]' is displayed.</msg>
<status status="PASS" starttime="20210309 14:31:03.341" endtime="20210309 14:31:03.367"></status>
</kw>
<status status="PASS" starttime="20210309 14:31:03.341" endtime="20210309 14:31:03.367"></status>
</kw>
<kw name="Click Element" library="SeleniumLibrary">
<doc>Click the element identified by ``locator``.</doc>
<arguments>
<arg>xpath=${dashboard}</arg>
</arguments>
<msg timestamp="20210309 14:31:03.368" level="INFO">Clicking element 'xpath=//mat-tree[@class='mat-tree']/mat-tree-node[3]'.</msg>
<status status="PASS" starttime="20210309 14:31:03.367" endtime="20210309 14:31:03.416"></status>
</kw>
<status status="PASS" starttime="20210309 14:31:03.340" endtime="20210309 14:31:03.417"></status>
</kw>
<status status="PASS" starttime="20210309 14:31:03.340" endtime="20210309 14:31:03.418" critical="yes"></status>
</test>
<test id="s1-s5-t4" name="verift that terminal analytics under swith-&gt;Dashboard is selected for terminal analytics">
<kw name="verift that terminal analytics under swith-&gt;Dashboard is selected" library="NavBarSelection">
<kw name="Wait Until Keyword Succeeds" library="BuiltIn">
<doc>Runs the specified keyword and retries if it fails.</doc>
<arguments>
<arg>1 min</arg>
<arg>1 sec</arg>
<arg>Element Should Be Visible</arg>
<arg>xpath=${terminal_analytics}</arg>
</arguments>
<kw name="Element Should Be Visible" library="SeleniumLibrary">
<doc>Verifies that the element identified by ``locator`` is visible.</doc>
<arguments>
<arg>xpath=${terminal_analytics}</arg>
</arguments>
<msg timestamp="20210309 14:31:03.440" level="INFO">Element 'xpath=//span[@class='sidebar-node ng-star-inserted' and contains(text(), 'Terminal Analytics')]' is displayed.</msg>
<status status="PASS" starttime="20210309 14:31:03.421" endtime="20210309 14:31:03.440"></status>
</kw>
<status status="PASS" starttime="20210309 14:31:03.420" endtime="20210309 14:31:03.440"></status>
</kw>
<kw name="Click Element" library="SeleniumLibrary">
<doc>Click the element identified by ``locator``.</doc>
<arguments>
<arg>xpath=${terminal_analytics}</arg>
</arguments>
<msg timestamp="20210309 14:31:03.440" level="INFO">Clicking element 'xpath=//span[@class='sidebar-node ng-star-inserted' and contains(text(), 'Terminal Analytics')]'.</msg>
<status status="PASS" starttime="20210309 14:31:03.440" endtime="20210309 14:31:03.550"></status>
</kw>
<status status="PASS" starttime="20210309 14:31:03.420" endtime="20210309 14:31:03.551"></status>
</kw>
<status status="PASS" starttime="20210309 14:31:03.419" endtime="20210309 14:31:03.551" critical="yes"></status>
</test>
<status status="PASS" starttime="20210309 14:31:01.559" endtime="20210309 14:31:03.553"></status>
</suite>
<suite id="s1-s6" name="06 Dashboard Terminal Analytics" source="C:\Users\bina.acharya\PycharmProjects\BIDashBoardValidation\test_suites\06_dashboard_terminal_analytics.robot">
<test id="s1-s6-t1" name="verify that terminal analytics page is present">
<kw name="Go To" library="SeleniumLibrary">
<doc>Navigates the current browser window to the provided ``url``.</doc>
<arguments>
<arg>https://10.13.189.19:8443/bi/switch/dashboard/21</arg>
</arguments>
<msg timestamp="20210309 14:31:03.574" level="INFO">Opening url 'https://10.13.189.19:8443/bi/switch/dashboard/21'</msg>
<status status="PASS" starttime="20210309 14:31:03.574" endtime="20210309 14:31:04.559"></status>
</kw>
<kw name="Sleep" library="BuiltIn">
<doc>Pauses the test executed for the given time.</doc>
<arguments>
<arg>5 sec</arg>
</arguments>
<msg timestamp="20210309 14:31:09.560" level="INFO">Slept 5 seconds</msg>
<status status="PASS" starttime="20210309 14:31:04.559" endtime="20210309 14:31:09.560"></status>
</kw>
<status status="PASS" starttime="20210309 14:31:03.573" endtime="20210309 14:31:09.563" critical="yes"></status>
</test>
<test id="s1-s6-t2" name="verify that all tles are selected by clicking ctrl+a for terminal analytics">
<kw name="verify that all tles are selected by clicking ctrl+a" library="DashBoardTerminalAnalyticsPage">
<kw name="Press Keys" library="SeleniumLibrary">
<doc>Simulates the user pressing key(s) to an element or on the active browser.</doc>
<arguments>
<arg>None</arg>
<arg>CTRL+a</arg>
</arguments>
<msg timestamp="20210309 14:31:09.585" level="INFO">Sending key(s) ('CTRL+a',) to page.</msg>
<msg timestamp="20210309 14:31:09.585" level="INFO">Pressing special key CONTROL down.</msg>
<msg timestamp="20210309 14:31:09.585" level="INFO">Sending key a</msg>
<msg timestamp="20210309 14:31:09.585" level="INFO">Releasing special key CONTROL.</msg>
<status status="PASS" starttime="20210309 14:31:09.581" endtime="20210309 14:31:09.656"></status>
</kw>
<status status="PASS" starttime="20210309 14:31:09.580" endtime="20210309 14:31:09.656"></status>
</kw>
<status status="PASS" starttime="20210309 14:31:09.577" endtime="20210309 14:31:09.657" critical="yes"></status>
</test>
<test id="s1-s6-t3" name="verfiy that the date level of tiles are changed to monthly for terminal analytics">
<kw name="verfiy that the date level of tiles are changed to monthly" library="DashBoardTerminalAnalyticsPage">
<kw name="Wait Until Keyword Succeeds" library="BuiltIn">
<doc>Runs the specified keyword and retries if it fails.</doc>
<arguments>
<arg>1 min</arg>
<arg>1 sec</arg>
<arg>Element Should Be Visible</arg>
<arg>xpath=${select_date_level_xpath}</arg>
</arguments>
<kw name="Element Should Be Visible" library="SeleniumLibrary">
<doc>Verifies that the element identified by ``locator`` is visible.</doc>
<arguments>
<arg>xpath=${select_date_level_xpath}</arg>
</arguments>
<msg timestamp="20210309 14:31:09.680" level="INFO">Element 'xpath=//app-enum-filter[@filtername='Date Level']//span[@class='ic-chevron-down']' is displayed.</msg>
<status status="PASS" starttime="20210309 14:31:09.660" endtime="20210309 14:31:09.680"></status>
</kw>
<status status="PASS" starttime="20210309 14:31:09.659" endtime="20210309 14:31:09.680"></status>
</kw>
<kw name="Click Element" library="SeleniumLibrary">
<doc>Click the element identified by ``locator``.</doc>
<arguments>
<arg>xpath=${select_date_level_xpath}</arg>
</arguments>
<msg timestamp="20210309 14:31:09.680" level="INFO">Clicking element 'xpath=//app-enum-filter[@filtername='Date Level']//span[@class='ic-chevron-down']'.</msg>
<status status="PASS" starttime="20210309 14:31:09.680" endtime="20210309 14:31:09.741"></status>
</kw>
<kw name="Sleep" library="BuiltIn">
<doc>Pauses the test executed for the given time.</doc>
<arguments>
<arg>5 sec</arg>
</arguments>
<msg timestamp="20210309 14:31:14.741" level="INFO">Slept 5 seconds</msg>
<status status="PASS" starttime="20210309 14:31:09.741" endtime="20210309 14:31:14.741"></status>
</kw>
<kw name="Click Element" library="SeleniumLibrary">
<doc>Click the element identified by ``locator``.</doc>
<arguments>
<arg>xpath=${monthly}</arg>
</arguments>
<msg timestamp="20210309 14:31:14.743" level="INFO">Clicking element 'xpath=//span[contains(text(),'Monthly')]'.</msg>
<status status="PASS" starttime="20210309 14:31:14.742" endtime="20210309 14:31:14.955"></status>
</kw>
<kw name="Sleep" library="BuiltIn">
<doc>Pauses the test executed for the given time.</doc>
<arguments>
<arg>5</arg>
<arg>sec</arg>
</arguments>
<msg timestamp="20210309 14:31:19.957" level="INFO">Slept 5 seconds</msg>
<msg timestamp="20210309 14:31:19.957" level="INFO">sec</msg>
<status status="PASS" starttime="20210309 14:31:14.955" endtime="20210309 14:31:19.958"></status>
</kw>
<status status="PASS" starttime="20210309 14:31:09.659" endtime="20210309 14:31:19.958"></status>
</kw>
<status status="PASS" starttime="20210309 14:31:09.658" endtime="20210309 14:31:19.961" critical="yes"></status>
</test>
<test id="s1-s6-t4" name="verfiy that the date level of tiles are changed to daily for terminal analytics">
<kw name="verfiy that the date level of tiles are changed to daily" library="DashBoardTerminalAnalyticsPage">
<kw name="Wait Until Keyword Succeeds" library="BuiltIn">
<doc>Runs the specified keyword and retries if it fails.</doc>
<arguments>
<arg>1 min</arg>
<arg>1 sec</arg>
<arg>Element Should Be Visible</arg>
<arg>xpath=${select_date_level_xpath}</arg>
</arguments>
<kw name="Element Should Be Visible" library="SeleniumLibrary">
<doc>Verifies that the element identified by ``locator`` is visible.</doc>
<arguments>
<arg>xpath=${select_date_level_xpath}</arg>
</arguments>
<msg timestamp="20210309 14:31:20.005" level="INFO">Element 'xpath=//app-enum-filter[@filtername='Date Level']//span[@class='ic-chevron-down']' is displayed.</msg>
<status status="PASS" starttime="20210309 14:31:19.972" endtime="20210309 14:31:20.007"></status>
</kw>
<status status="PASS" starttime="20210309 14:31:19.970" endtime="20210309 14:31:20.007"></status>
</kw>
<kw name="Click Element" library="SeleniumLibrary">
<doc>Click the element identified by ``locator``.</doc>
<arguments>
<arg>xpath=${select_date_level_xpath}</arg>
</arguments>
<msg timestamp="20210309 14:31:20.008" level="INFO">Clicking element 'xpath=//app-enum-filter[@filtername='Date Level']//span[@class='ic-chevron-down']'.</msg>
<status status="PASS" starttime="20210309 14:31:20.007" endtime="20210309 14:31:20.085"></status>
</kw>
<kw name="Sleep" library="BuiltIn">
<doc>Pauses the test executed for the given time.</doc>
<arguments>
<arg>5 sec</arg>
</arguments>
<msg timestamp="20210309 14:31:25.089" level="INFO">Slept 5 seconds</msg>
<status status="PASS" starttime="20210309 14:31:20.085" endtime="20210309 14:31:25.089"></status>
</kw>
<kw name="Click Element" library="SeleniumLibrary">
<doc>Click the element identified by ``locator``.</doc>
<arguments>
<arg>xpath=${daily_xpath}</arg>
</arguments>
<msg timestamp="20210309 14:31:25.089" level="INFO">Clicking element 'xpath=//span[contains(text(),'Daily')]'.</msg>
<status status="PASS" starttime="20210309 14:31:25.089" endtime="20210309 14:31:25.226"></status>
</kw>
<kw name="Sleep" library="BuiltIn">
<doc>Pauses the test executed for the given time.</doc>
<arguments>
<arg>5</arg>
<arg>sec</arg>
</arguments>
<msg timestamp="20210309 14:31:30.226" level="INFO">Slept 5 seconds</msg>
<msg timestamp="20210309 14:31:30.226" level="INFO">sec</msg>
<status status="PASS" starttime="20210309 14:31:25.226" endtime="20210309 14:31:30.227"></status>
</kw>
<status status="PASS" starttime="20210309 14:31:19.969" endtime="20210309 14:31:30.227"></status>
</kw>
<status status="PASS" starttime="20210309 14:31:19.966" endtime="20210309 14:31:30.229" critical="yes"></status>
</test>
<test id="s1-s6-t5" name="verify that the date level for all tiles is daily">
<kw name="verify that the date level for all tiles is daily" library="DashBoardTerminalAnalyticsPage">
<kw name="Get Text" library="SeleniumLibrary">
<doc>Returns the text value of the element identified by ``locator``.</doc>
<arguments>
<arg>xpath=//div[@fxlayoutalign='center center']</arg>
</arguments>
<assign>
<var>${daily_text}</var>
</assign>
<msg timestamp="20210309 14:31:30.295" level="INFO">${daily_text} = D</msg>
<status status="PASS" starttime="20210309 14:31:30.236" endtime="20210309 14:31:30.295"></status>
</kw>
<kw name="Should Be Equal As Strings" library="BuiltIn">
<doc>Fails if objects are unequal after converting them to strings.</doc>
<arguments>
<arg>${daily_text}</arg>
<arg>D</arg>
<arg>msg=should be 'D' but got ${daily_text}</arg>
</arguments>
<status status="PASS" starttime="20210309 14:31:30.295" endtime="20210309 14:31:30.296"></status>
</kw>
<status status="PASS" starttime="20210309 14:31:30.235" endtime="20210309 14:31:30.296"></status>
</kw>
<status status="PASS" starttime="20210309 14:31:30.233" endtime="20210309 14:31:30.297" critical="yes"></status>
</test>
<test id="s1-s6-t6" name="verfiy that the date level of tiles are changed to monthly for terminal analytics">
<kw name="verfiy that the date level of tiles are changed to monthly" library="DashBoardTerminalAnalyticsPage">
<kw name="Wait Until Keyword Succeeds" library="BuiltIn">
<doc>Runs the specified keyword and retries if it fails.</doc>
<arguments>
<arg>1 min</arg>
<arg>1 sec</arg>
<arg>Element Should Be Visible</arg>
<arg>xpath=${select_date_level_xpath}</arg>
</arguments>
<kw name="Element Should Be Visible" library="SeleniumLibrary">
<doc>Verifies that the element identified by ``locator`` is visible.</doc>
<arguments>
<arg>xpath=${select_date_level_xpath}</arg>
</arguments>
<msg timestamp="20210309 14:31:30.332" level="INFO">Element 'xpath=//app-enum-filter[@filtername='Date Level']//span[@class='ic-chevron-down']' is displayed.</msg>
<status status="PASS" starttime="20210309 14:31:30.305" endtime="20210309 14:31:30.332"></status>
</kw>
<status status="PASS" starttime="20210309 14:31:30.304" endtime="20210309 14:31:30.332"></status>
</kw>
<kw name="Click Element" library="SeleniumLibrary">
<doc>Click the element identified by ``locator``.</doc>
<arguments>
<arg>xpath=${select_date_level_xpath}</arg>
</arguments>
<msg timestamp="20210309 14:31:30.333" level="INFO">Clicking element 'xpath=//app-enum-filter[@filtername='Date Level']//span[@class='ic-chevron-down']'.</msg>
<status status="PASS" starttime="20210309 14:31:30.333" endtime="20210309 14:31:30.404"></status>
</kw>
<kw name="Sleep" library="BuiltIn">
<doc>Pauses the test executed for the given time.</doc>
<arguments>
<arg>5 sec</arg>
</arguments>
<msg timestamp="20210309 14:31:35.404" level="INFO">Slept 5 seconds</msg>
<status status="PASS" starttime="20210309 14:31:30.404" endtime="20210309 14:31:35.405"></status>
</kw>
<kw name="Click Element" library="SeleniumLibrary">
<doc>Click the element identified by ``locator``.</doc>
<arguments>
<arg>xpath=${monthly}</arg>
</arguments>
<msg timestamp="20210309 14:31:35.406" level="INFO">Clicking element 'xpath=//span[contains(text(),'Monthly')]'.</msg>
<status status="PASS" starttime="20210309 14:31:35.405" endtime="20210309 14:31:35.556"></status>
</kw>
<kw name="Sleep" library="BuiltIn">
<doc>Pauses the test executed for the given time.</doc>
<arguments>
<arg>5</arg>
<arg>sec</arg>
</arguments>
<msg timestamp="20210309 14:31:40.557" level="INFO">Slept 5 seconds</msg>
<msg timestamp="20210309 14:31:40.557" level="INFO">sec</msg>
<status status="PASS" starttime="20210309 14:31:35.556" endtime="20210309 14:31:40.557"></status>
</kw>
<status status="PASS" starttime="20210309 14:31:30.303" endtime="20210309 14:31:40.557"></status>
</kw>
<status status="PASS" starttime="20210309 14:31:30.302" endtime="20210309 14:31:40.559" critical="yes"></status>
</test>
<test id="s1-s6-t7" name="verify that the date level for all tiles is monthly">
<kw name="verify that the date level for all tiles is monthly" library="DashBoardTerminalAnalyticsPage">
<kw name="Get Text" library="SeleniumLibrary">
<doc>Returns the text value of the element identified by ``locator``.</doc>
<arguments>
<arg>xpath=//div[@fxlayoutalign='center center']</arg>
</arguments>
<assign>
<var>${monthly_text}</var>
</assign>
<msg timestamp="20210309 14:31:40.599" level="INFO">${monthly_text} = M</msg>
<status status="PASS" starttime="20210309 14:31:40.565" endtime="20210309 14:31:40.599"></status>
</kw>
<kw name="Should Be Equal As Strings" library="BuiltIn">
<doc>Fails if objects are unequal after converting them to strings.</doc>
<arguments>
<arg>${monthly_text}</arg>
<arg>M</arg>
<arg>msg=should be 'M' but got ${monthly_text}</arg>
</arguments>
<status status="PASS" starttime="20210309 14:31:40.600" endtime="20210309 14:31:40.600"></status>
</kw>
<status status="PASS" starttime="20210309 14:31:40.564" endtime="20210309 14:31:40.601"></status>
</kw>
<status status="PASS" starttime="20210309 14:31:40.562" endtime="20210309 14:31:40.602" critical="yes"></status>
</test>
<test id="s1-s6-t8" name="the date level of tiles are changed to yearly for terminal analytics">
<kw name="verfiy that the date level of tiles are changed to yearly" library="DashBoardTerminalAnalyticsPage">
<kw name="Wait Until Keyword Succeeds" library="BuiltIn">
<doc>Runs the specified keyword and retries if it fails.</doc>
<arguments>
<arg>1 min</arg>
<arg>1 sec</arg>
<arg>Element Should Be Visible</arg>
<arg>xpath=${select_date_level_xpath}</arg>
</arguments>
<kw name="Element Should Be Visible" library="SeleniumLibrary">
<doc>Verifies that the element identified by ``locator`` is visible.</doc>
<arguments>
<arg>xpath=${select_date_level_xpath}</arg>
</arguments>
<msg timestamp="20210309 14:31:40.628" level="INFO">Element 'xpath=//app-enum-filter[@filtername='Date Level']//span[@class='ic-chevron-down']' is displayed.</msg>
<status status="PASS" starttime="20210309 14:31:40.607" endtime="20210309 14:31:40.628"></status>
</kw>
<status status="PASS" starttime="20210309 14:31:40.606" endtime="20210309 14:31:40.628"></status>
</kw>
<kw name="Click Element" library="SeleniumLibrary">
<doc>Click the element identified by ``locator``.</doc>
<arguments>
<arg>xpath=${select_date_level_xpath}</arg>
</arguments>
<msg timestamp="20210309 14:31:40.629" level="INFO">Clicking element 'xpath=//app-enum-filter[@filtername='Date Level']//span[@class='ic-chevron-down']'.</msg>
<status status="PASS" starttime="20210309 14:31:40.628" endtime="20210309 14:31:40.682"></status>
</kw>
<kw name="Sleep" library="BuiltIn">
<doc>Pauses the test executed for the given time.</doc>
<arguments>
<arg>5 sec</arg>
</arguments>
<msg timestamp="20210309 14:31:45.691" level="INFO">Slept 5 seconds</msg>
<status status="PASS" starttime="20210309 14:31:40.683" endtime="20210309 14:31:45.691"></status>
</kw>
<kw name="Click Element" library="SeleniumLibrary">
<doc>Click the element identified by ``locator``.</doc>
<arguments>
<arg>xpath=${yearly}</arg>
</arguments>
[...]
<doc>Verifies that the element identified by ``locator`` is visible.</doc>
<arguments>
<arg>xpath=//div[@class='mat-paginator-range-label']</arg>
</arguments>
<msg timestamp="20210309 14:32:39.400" level="INFO">Element 'xpath=//div[@class='mat-paginator-range-label']' is displayed.</msg>
<status status="PASS" starttime="20210309 14:32:39.344" endtime="20210309 14:32:39.400"></status>
</kw>
<status status="PASS" starttime="20210309 14:32:37.982" endtime="20210309 14:32:39.400"></status>
</kw>
<kw name="Get Text" library="SeleniumLibrary">
<doc>Returns the text value of the element identified by ``locator``.</doc>
<arguments>
<arg>xpath=//div[@class='mat-paginator-range-label']</arg>
</arguments>
<assign>
<var>${no_of_record}</var>
</assign>
<msg timestamp="20210309 14:32:39.436" level="INFO">${no_of_record} = 1 – 15 of 32429</msg>
<status status="PASS" starttime="20210309 14:32:39.402" endtime="20210309 14:32:39.436"></status>
</kw>
<kw name="Split String" library="String">
<doc>Splits the ``string`` using ``separator`` as a delimiter string.</doc>
<arguments>
<arg>${no_of_record}</arg>
</arguments>
<assign>
<var>${split_record}</var>
</assign>
<msg timestamp="20210309 14:32:39.437" level="INFO">${split_record} = ['1', '–', '15', 'of', '32429']</msg>
<status status="PASS" starttime="20210309 14:32:39.437" endtime="20210309 14:32:39.437"></status>
</kw>
<kw name="Get Substring" library="String">
<doc>Returns a substring from ``start`` index to ``end`` index.</doc>
<arguments>
<arg>${split_record}</arg>
<arg>-1</arg>
</arguments>
<assign>
<var>${split_record1}</var>
</assign>
<msg timestamp="20210309 14:32:39.438" level="INFO">${split_record1} = ['32429']</msg>
<status status="PASS" starttime="20210309 14:32:39.438" endtime="20210309 14:32:39.439"></status>
</kw>
<kw name="Log To Console" library="BuiltIn">
<doc>Logs the given message to the console.</doc>
<arguments>
<arg>${split_record1}</arg>
</arguments>
<status status="PASS" starttime="20210309 14:32:39.440" endtime="20210309 14:32:39.440"></status>
</kw>
<status status="PASS" starttime="20210309 14:32:37.981" endtime="20210309 14:32:39.441" critical="yes"></status>
</test>
<test id="s1-s9-t8" name="validate that card in activity page is navigated">
<kw name="Page Should Contain" library="SeleniumLibrary">
<doc>Verifies that current page contains ``text``.</doc>
<arguments>
<arg>Card Inactivity</arg>
</arguments>
<msg timestamp="20210309 14:32:39.472" level="INFO">Current page contains text 'Card Inactivity'.</msg>
<status status="PASS" starttime="20210309 14:32:39.443" endtime="20210309 14:32:39.472"></status>
</kw>
<status status="PASS" starttime="20210309 14:32:39.442" endtime="20210309 14:32:39.472" critical="yes"></status>
</test>
<test id="s1-s9-t9" name="click on column">
<kw name="click on column" library="SpecialReportPage">
<arguments>
<arg>Account Number</arg>
</arguments>
<kw name="Wait Until Keyword Succeeds" library="BuiltIn">
<doc>Runs the specified keyword and retries if it fails.</doc>
<arguments>
<arg>1 min</arg>
<arg>1 sec</arg>
<arg>Element Should Be Visible</arg>
<arg>xpath=//span[contains(text(),' ${column} ')]</arg>
</arguments>
<kw name="Element Should Be Visible" library="SeleniumLibrary">
<doc>Verifies that the element identified by ``locator`` is visible.</doc>
<arguments>
<arg>xpath=//span[contains(text(),' ${column} ')]</arg>
</arguments>
<msg timestamp="20210309 14:32:39.493" level="INFO">Element 'xpath=//span[contains(text(),' Account Number ')]' is displayed.</msg>
<status status="PASS" starttime="20210309 14:32:39.475" endtime="20210309 14:32:39.493"></status>
</kw>
<status status="PASS" starttime="20210309 14:32:39.475" endtime="20210309 14:32:39.493"></status>
</kw>
<kw name="Click Element" library="SeleniumLibrary">
<doc>Click the element identified by ``locator``.</doc>
<arguments>
<arg>xpath=//span[contains(text(),' ${column} ')]</arg>
</arguments>
<msg timestamp="20210309 14:32:39.493" level="INFO">Clicking element 'xpath=//span[contains(text(),' Account Number ')]'.</msg>
<status status="PASS" starttime="20210309 14:32:39.493" endtime="20210309 14:32:39.598"></status>
</kw>
<kw name="Wait Until Keyword Succeeds" library="BuiltIn">
<doc>Runs the specified keyword and retries if it fails.</doc>
<arguments>
<arg>1 min</arg>
<arg>1 sec</arg>
<arg>Element Should Be Visible</arg>
<arg>xpath=//span[@class='normal-text']</arg>
</arguments>
<kw name="Element Should Be Visible" library="SeleniumLibrary">
<doc>Verifies that the element identified by ``locator`` is visible.</doc>
<arguments>
<arg>xpath=//span[@class='normal-text']</arg>
</arguments>
<msg timestamp="20210309 14:32:39.635" level="INFO">Element 'xpath=//span[@class='normal-text']' is displayed.</msg>
<status status="PASS" starttime="20210309 14:32:39.599" endtime="20210309 14:32:39.635"></status>
</kw>
<status status="PASS" starttime="20210309 14:32:39.598" endtime="20210309 14:32:39.635"></status>
</kw>
<status status="PASS" starttime="20210309 14:32:39.474" endtime="20210309 14:32:39.635"></status>
</kw>
<kw name="Get Text" library="SeleniumLibrary">
<doc>Returns the text value of the element identified by ``locator``.</doc>
<arguments>
<arg>xpath=//span[@class='normal-text']</arg>
</arguments>
<assign>
<var>${value}</var>
</assign>
<msg timestamp="20210309 14:32:39.651" level="INFO">${value} = Account Number</msg>
<status status="PASS" starttime="20210309 14:32:39.636" endtime="20210309 14:32:39.651"></status>
</kw>
<kw name="Should Be Equal As Strings" library="BuiltIn">
<doc>Fails if objects are unequal after converting them to strings.</doc>
<arguments>
<arg>${value}</arg>
<arg>Account Number</arg>
</arguments>
<status status="PASS" starttime="20210309 14:32:39.651" endtime="20210309 14:32:39.652"></status>
</kw>
<status status="PASS" starttime="20210309 14:32:39.474" endtime="20210309 14:32:39.653" critical="yes"></status>
</test>
<test id="s1-s9-t10" name="click on columns">
<kw name="click on column" library="SpecialReportPage">
<arguments>
<arg>Phone Number</arg>
</arguments>
<kw name="Wait Until Keyword Succeeds" library="BuiltIn">
<doc>Runs the specified keyword and retries if it fails.</doc>
<arguments>
<arg>1 min</arg>
<arg>1 sec</arg>
<arg>Element Should Be Visible</arg>
<arg>xpath=//span[contains(text(),' ${column} ')]</arg>
</arguments>
<kw name="Element Should Be Visible" library="SeleniumLibrary">
<doc>Verifies that the element identified by ``locator`` is visible.</doc>
<arguments>
<arg>xpath=//span[contains(text(),' ${column} ')]</arg>
</arguments>
<msg timestamp="20210309 14:32:39.675" level="INFO">Element 'xpath=//span[contains(text(),' Phone Number ')]' is displayed.</msg>
<status status="PASS" starttime="20210309 14:32:39.657" endtime="20210309 14:32:39.675"></status>
</kw>
<status status="PASS" starttime="20210309 14:32:39.657" endtime="20210309 14:32:39.675"></status>
</kw>
<kw name="Click Element" library="SeleniumLibrary">
<doc>Click the element identified by ``locator``.</doc>
<arguments>
<arg>xpath=//span[contains(text(),' ${column} ')]</arg>
</arguments>
<msg timestamp="20210309 14:32:39.676" level="INFO">Clicking element 'xpath=//span[contains(text(),' Phone Number ')]'.</msg>
<status status="PASS" starttime="20210309 14:32:39.676" endtime="20210309 14:32:39.859"></status>
</kw>
<kw name="Wait Until Keyword Succeeds" library="BuiltIn">
<doc>Runs the specified keyword and retries if it fails.</doc>
<arguments>
<arg>1 min</arg>
<arg>1 sec</arg>
<arg>Element Should Be Visible</arg>
<arg>xpath=//span[@class='normal-text']</arg>
</arguments>
<kw name="Element Should Be Visible" library="SeleniumLibrary">
<doc>Verifies that the element identified by ``locator`` is visible.</doc>
<arguments>
<arg>xpath=//span[@class='normal-text']</arg>
</arguments>
<msg timestamp="20210309 14:32:39.911" level="INFO">Element 'xpath=//span[@class='normal-text']' is displayed.</msg>
<status status="PASS" starttime="20210309 14:32:39.860" endtime="20210309 14:32:39.911"></status>
</kw>
<status status="PASS" starttime="20210309 14:32:39.859" endtime="20210309 14:32:39.911"></status>
</kw>
<status status="PASS" starttime="20210309 14:32:39.656" endtime="20210309 14:32:39.911"></status>
</kw>
<kw name="Get Text" library="SeleniumLibrary">
<doc>Returns the text value of the element identified by ``locator``.</doc>
<arguments>
<arg>xpath=//span[@class='normal-text']</arg>
</arguments>
<assign>
<var>${value}</var>
</assign>
<msg timestamp="20210309 14:32:39.925" level="INFO">${value} = Phone Number</msg>
<status status="PASS" starttime="20210309 14:32:39.912" endtime="20210309 14:32:39.925"></status>
</kw>
<kw name="Should Be Equal As Strings" library="BuiltIn">
<doc>Fails if objects are unequal after converting them to strings.</doc>
<arguments>
<arg>${value}</arg>
<arg>Phone Number</arg>
</arguments>
<status status="PASS" starttime="20210309 14:32:39.926" endtime="20210309 14:32:39.926"></status>
</kw>
<status status="PASS" starttime="20210309 14:32:39.656" endtime="20210309 14:32:39.926" critical="yes"></status>
</test>
<test id="s1-s9-t11" name="column validation">
<kw name="column validation" library="SpecialReportPage">
<arguments>
<arg>1</arg>
</arguments>
<assign>
<var>${run_date}</var>
</assign>
<kw name="Get Text" library="SeleniumLibrary">
<doc>Returns the text value of the element identified by ``locator``.</doc>
<arguments>
<arg>xpath=(//th[starts-with(@class,'mat-header-cell')]//button//span)[${value}]</arg>
</arguments>
<status status="PASS" starttime="20210309 14:32:39.928" endtime="20210309 14:32:39.948"></status>
</kw>
<msg timestamp="20210309 14:32:39.949" level="INFO">${run_date} = None</msg>
<status status="PASS" starttime="20210309 14:32:39.928" endtime="20210309 14:32:39.949"></status>
</kw>
<kw name="Should Not Be Equal As Strings" library="BuiltIn">
<doc>Fails if objects are equal after converting them to strings.</doc>
<arguments>
<arg>${run_date}</arg>
<arg>Run Date</arg>
</arguments>
<msg timestamp="20210309 14:32:39.950" level="INFO">Argument types are:
&lt;class 'NoneType'&gt;
&lt;type 'unicode'&gt;</msg>
<status status="PASS" starttime="20210309 14:32:39.949" endtime="20210309 14:32:39.950"></status>
</kw>
<kw name="column validation" library="SpecialReportPage">
<arguments>
<arg>2</arg>
</arguments>
<assign>
<var>${account_number}</var>
</assign>
<kw name="Get Text" library="SeleniumLibrary">
<doc>Returns the text value of the element identified by ``locator``.</doc>
<arguments>
<arg>xpath=(//th[starts-with(@class,'mat-header-cell')]//button//span)[${value}]</arg>
</arguments>
<status status="PASS" starttime="20210309 14:32:39.950" endtime="20210309 14:32:39.986"></status>
</kw>
<msg timestamp="20210309 14:32:39.986" level="INFO">${account_number} = None</msg>
<status status="PASS" starttime="20210309 14:32:39.950" endtime="20210309 14:32:39.987"></status>
</kw>
<kw name="Should Not Be Equal As Strings" library="BuiltIn">
<doc>Fails if objects are equal after converting them to strings.</doc>
<arguments>
<arg>${account_number}</arg>
<arg>Account Number</arg>
</arguments>
<msg timestamp="20210309 14:32:39.987" level="INFO">Argument types are:
&lt;class 'NoneType'&gt;
&lt;type 'unicode'&gt;</msg>
<status status="PASS" starttime="20210309 14:32:39.987" endtime="20210309 14:32:39.988"></status>
</kw>
<status status="PASS" starttime="20210309 14:32:39.927" endtime="20210309 14:32:39.988" critical="yes"></status>
</test>
<test id="s1-s9-t12" name="count number of columns">
<kw name="count number of columns" library="SpecialReportPage">
<kw name="Get Element Count" library="SeleniumLibrary">
<doc>Returns the number of elements matching ``locator``.</doc>
<arguments>
<arg>xpath=(//th[starts-with(@class,'mat-header-cell')]//button//span)</arg>
</arguments>
<assign>
<var>${counts}</var>
</assign>
<msg timestamp="20210309 14:32:40.000" level="INFO">${counts} = 13</msg>
<status status="PASS" starttime="20210309 14:32:39.990" endtime="20210309 14:32:40.000"></status>
</kw>
<kw name="Should Be Equal As Integers" library="BuiltIn">
<doc>Fails if objects are unequal after converting them to integers.</doc>
<arguments>
<arg>${counts}</arg>
<arg>13</arg>
</arguments>
<msg timestamp="20210309 14:32:40.001" level="INFO">Argument types are:
&lt;class 'int'&gt;
&lt;type 'unicode'&gt;</msg>
<status status="PASS" starttime="20210309 14:32:40.000" endtime="20210309 14:32:40.001"></status>
</kw>
<status status="PASS" starttime="20210309 14:32:39.990" endtime="20210309 14:32:40.001"></status>
</kw>
<status status="PASS" starttime="20210309 14:32:39.989" endtime="20210309 14:32:40.002" critical="yes"></status>
</test>
<test id="s1-s9-t13" name="close browser">
<kw name="Close Browser" library="SeleniumLibrary">
<doc>Closes the current browser.</doc>
<status status="PASS" starttime="20210309 14:32:40.004" endtime="20210309 14:32:42.160"></status>
</kw>
<status status="PASS" starttime="20210309 14:32:40.004" endtime="20210309 14:32:42.162" critical="yes"></status>
</test>
<status status="PASS" starttime="20210309 14:32:28.651" endtime="20210309 14:32:42.168"></status>
</suite>
<status status="PASS" starttime="20210309 14:28:51.536" endtime="20210309 14:32:42.189"></status>
</suite>
<statistics>
<total>
<stat pass="84" fail="0">Critical Tests</stat>
<stat pass="84" fail="0">All Tests</stat>
</total>
<tag>
</tag>
<suite>
<stat pass="84" fail="0" id="s1" name="01 Login &amp; 02 Navigation To Switch Module &amp; 03 Navigate To Dash Board Card Analytics &amp; 04 Dashboard Card Analytics &amp; 05 Navigate To Terminal Analytics &amp; 06 Dashboard Terminal Analytics &amp; 07 Navigate To Overview Terminal Analytics &amp; 08 Overview Terminal Analytics &amp; 09 Special Report">01 Login &amp; 02 Navigation To Switch Module &amp; 03 Navigate To Dash Board Card Analytics &amp; 04 Dashboard Card Analytics &amp; 05 Navigate To Terminal Analytics &amp; 06 Dashboard Terminal Analytics &amp; 07 Navigate To Overview Terminal Analytics &amp; 08 Overview Terminal Analytics &amp; 09 Special Report</stat>
<stat pass="9" fail="0" id="s1-s1" name="01 Login">01 Login &amp; 02 Navigation To Switch Module &amp; 03 Navigate To Dash Board Card Analytics &amp; 04 Dashboard Card Analytics &amp; 05 Navigate To Terminal Analytics &amp; 06 Dashboard Terminal Analytics &amp; 07 Navigate To Overview Terminal Analytics &amp; 08 Overview Terminal Analytics &amp; 09 Special Report.01 Login</stat>
<stat pass="2" fail="0" id="s1-s2" name="02 Navigation To Switch Module">01 Login &amp; 02 Navigation To Switch Module &amp; 03 Navigate To Dash Board Card Analytics &amp; 04 Dashboard Card Analytics &amp; 05 Navigate To Terminal Analytics &amp; 06 Dashboard Terminal Analytics &amp; 07 Navigate To Overview Terminal Analytics &amp; 08 Overview Terminal Analytics &amp; 09 Special Report.02 Navigation To Switch Module</stat>
<stat pass="4" fail="0" id="s1-s3" name="03 Navigate To Dash Board Card Analytics">01 Login &amp; 02 Navigation To Switch Module &amp; 03 Navigate To Dash Board Card Analytics &amp; 04 Dashboard Card Analytics &amp; 05 Navigate To Terminal Analytics &amp; 06 Dashboard Terminal Analytics &amp; 07 Navigate To Overview Terminal Analytics &amp; 08 Overview Terminal Analytics &amp; 09 Special Report.03 Navigate To Dash Board Card Analytics</stat>
<stat pass="18" fail="0" id="s1-s4" name="04 Dashboard Card Analytics">01 Login &amp; 02 Navigation To Switch Module &amp; 03 Navigate To Dash Board Card Analytics &amp; 04 Dashboard Card Analytics &amp; 05 Navigate To Terminal Analytics &amp; 06 Dashboard Terminal Analytics &amp; 07 Navigate To Overview Terminal Analytics &amp; 08 Overview Terminal Analytics &amp; 09 Special Report.04 Dashboard Card Analytics</stat>
<stat pass="4" fail="0" id="s1-s5" name="05 Navigate To Terminal Analytics">01 Login &amp; 02 Navigation To Switch Module &amp; 03 Navigate To Dash Board Card Analytics &amp; 04 Dashboard Card Analytics &amp; 05 Navigate To Terminal Analytics &amp; 06 Dashboard Terminal Analytics &amp; 07 Navigate To Overview Terminal Analytics &amp; 08 Overview Terminal Analytics &amp; 09 Special Report.05 Navigate To Terminal Analytics</stat>
<stat pass="18" fail="0" id="s1-s6" name="06 Dashboard Terminal Analytics">01 Login &amp; 02 Navigation To Switch Module &amp; 03 Navigate To Dash Board Card Analytics &amp; 04 Dashboard Card Analytics &amp; 05 Navigate To Terminal Analytics &amp; 06 Dashboard Terminal Analytics &amp; 07 Navigate To Overview Terminal Analytics &amp; 08 Overview Terminal Analytics &amp; 09 Special Report.06 Dashboard Terminal Analytics</stat>
<stat pass="3" fail="0" id="s1-s7" name="07 Navigate To Overview Terminal Analytics">01 Login &amp; 02 Navigation To Switch Module &amp; 03 Navigate To Dash Board Card Analytics &amp; 04 Dashboard Card Analytics &amp; 05 Navigate To Terminal Analytics &amp; 06 Dashboard Terminal Analytics &amp; 07 Navigate To Overview Terminal Analytics &amp; 08 Overview Terminal Analytics &amp; 09 Special Report.07 Navigate To Overview Terminal Analytics</stat>
<stat pass="13" fail="0" id="s1-s8" name="08 Overview Terminal Analytics">01 Login &amp; 02 Navigation To Switch Module &amp; 03 Navigate To Dash Board Card Analytics &amp; 04 Dashboard Card Analytics &amp; 05 Navigate To Terminal Analytics &amp; 06 Dashboard Terminal Analytics &amp; 07 Navigate To Overview Terminal Analytics &amp; 08 Overview Terminal Analytics &amp; 09 Special Report.08 Overview Terminal Analytics</stat>
<stat pass="13" fail="0" id="s1-s9" name="09 Special Report">01 Login &amp; 02 Navigation To Switch Module &amp; 03 Navigate To Dash Board Card Analytics &amp; 04 Dashboard Card Analytics &amp; 05 Navigate To Terminal Analytics &amp; 06 Dashboard Terminal Analytics &amp; 07 Navigate To Overview Terminal Analytics &amp; 08 Overview Terminal Analytics &amp; 09 Special Report.09 Special Report</stat>
</suite>
</statistics>
<errors>
<msg timestamp="20210309 14:30:49.296" level="WARN">Multiple test cases with name 'verify that one tile is clicked and date level is changed to daily_ for card analytics' executed in test suite '01 Login &amp; 02 Navigation To Switch Module &amp; 03 Navigate To Dash Board Card Analytics &amp; 04 Dashboard Card Analytics &amp; 05 Navigate To Terminal Analytics &amp; 06 Dashboard Terminal Analytics &amp; 07 Navigate To Overview Terminal Analytics &amp; 08 Overview Terminal Analytics &amp; 09 Special Report.04 Dashboard Card Analytics'.</msg>
<msg timestamp="20210309 14:31:30.300" level="WARN">Multiple test cases with name 'verfiy that the date level of tiles are changed to monthly for terminal analytics' executed in test suite '01 Login &amp; 02 Navigation To Switch Module &amp; 03 Navigate To Dash Board Card Analytics &amp; 04 Dashboard Card Analytics &amp; 05 Navigate To Terminal Analytics &amp; 06 Dashboard Terminal Analytics &amp; 07 Navigate To Overview Terminal Analytics &amp; 08 Overview Terminal Analytics &amp; 09 Special Report.06 Dashboard Terminal Analytics'.</msg>
<msg timestamp="20210309 14:31:56.523" level="WARN">Multiple test cases with name 'one tile is clicked and date level is changed to daily_ for terminal analytics' executed in test suite '01 Login &amp; 02 Navigation To Switch Module &amp; 03 Navigate To Dash Board Card Analytics &amp; 04 Dashboard Card Analytics &amp; 05 Navigate To Terminal Analytics &amp; 06 Dashboard Terminal Analytics &amp; 07 Navigate To Overview Terminal Analytics &amp; 08 Overview Terminal Analytics &amp; 09 Special Report.06 Dashboard Terminal Analytics'.</msg>
<msg timestamp="20210309 14:32:28.580" level="WARN">Multiple test cases with name 'click apply' executed in test suite '01 Login &amp; 02 Navigation To Switch Module &amp; 03 Navigate To Dash Board Card Analytics &amp; 04 Dashboard Card Analytics &amp; 05 Navigate To Terminal Analytics &amp; 06 Dashboard Terminal Analytics &amp; 07 Navigate To Overview Terminal Analytics &amp; 08 Overview Terminal Analytics &amp; 09 Special Report.08 Overview Terminal Analytics'.</msg>
</errors>
</robot>
