<?xml version="1.0" encoding="UTF-8"?>
<robot generator="Robot 3.2.1 (Python 3.6.8 on win32)" generated="20201206 15:54:23.892" rpa="false">
<suite id="s1" name="01 Login &amp; 02 Navigation To Switch Module &amp; 03 Navigate To Dash Board Card Analytics &amp; 04 Dashboard Card Analytics &amp; 05 Navigate To Terminal Analytics &amp; 06 Dashboard Terminal Analytics &amp; 07 Navigate Edit Dashboard &amp; 08 Edit Dashboard">
<suite id="s1-s1" name="01 Login" source="C:\Users\bina.acharya\PycharmProjects\BIDashBoardValidation\test_suites\01_login.robot">
<test id="s1-s1-t1" name="Login browser should open">
<kw name="open login browser" library="Loginpage">
<kw name="Open Browser" library="SeleniumLibrary">
<doc>Opens a new browser instance to the optional ``url``.</doc>
<arguments>
<arg>url=https://10.13.189.19:8443/cas/login?service=https%3A%2F%2F10.13.189.19%3A8443%2Fbi%2Flogin%2Fcas</arg>
<arg>browser=googlechrome</arg>
</arguments>
<msg timestamp="20201206 15:54:24.109" level="INFO">Opening browser 'googlechrome' to base url 'https://10.13.189.19:8443/cas/login?service=https%3A%2F%2F10.13.189.19%3A8443%2Fbi%2Flogin%2Fcas'.</msg>
<status status="PASS" starttime="20201206 15:54:24.109" endtime="20201206 15:54:30.255"></status>
</kw>
<kw name="Maximize Browser Window" library="SeleniumLibrary">
<doc>Maximizes current browser window.</doc>
<status status="PASS" starttime="20201206 15:54:30.255" endtime="20201206 15:54:34.443"></status>
</kw>
<status status="PASS" starttime="20201206 15:54:24.109" endtime="20201206 15:54:34.443"></status>
</kw>
<status status="PASS" starttime="20201206 15:54:24.109" endtime="20201206 15:54:34.443" critical="yes"></status>
</test>
<test id="s1-s1-t2" name="verify that the login page should contain header text">
<kw name="verify that the login page should contain header text" library="Loginpage">
<kw name="Page Should Contain" library="SeleniumLibrary">
<doc>Verifies that current page contains ``text``.</doc>
<arguments>
<arg>${header_text}</arg>
</arguments>
<msg timestamp="20201206 15:54:34.462" level="INFO">Current page contains text 'eXtenso Business Intelligence Solution'.</msg>
<status status="PASS" starttime="20201206 15:54:34.449" endtime="20201206 15:54:34.462"></status>
</kw>
<status status="PASS" starttime="20201206 15:54:34.448" endtime="20201206 15:54:34.462"></status>
</kw>
<status status="PASS" starttime="20201206 15:54:34.447" endtime="20201206 15:54:34.462" critical="yes"></status>
</test>
<test id="s1-s1-t3" name="verify that the login page should contain quiries message">
<kw name="verify that the login page should contain quiries message" library="Loginpage">
<kw name="Page Should Contain" library="SeleniumLibrary">
<doc>Verifies that current page contains ``text``.</doc>
<arguments>
<arg>${queries_message_text}</arg>
</arguments>
<msg timestamp="20201206 15:54:34.491" level="INFO">Current page contains text 'If you have any problem please email your issue on the following'.</msg>
<status status="PASS" starttime="20201206 15:54:34.462" endtime="20201206 15:54:34.491"></status>
</kw>
<status status="PASS" starttime="20201206 15:54:34.462" endtime="20201206 15:54:34.492"></status>
</kw>
<status status="PASS" starttime="20201206 15:54:34.462" endtime="20201206 15:54:34.492" critical="yes"></status>
</test>
<test id="s1-s1-t4" name="enter valid user name">
<kw name="enter valid user name" library="Loginpage">
<kw name="Input Text" library="SeleniumLibrary">
<doc>Types the given ``text`` into the text field identified by ``locator``.</doc>
<arguments>
<arg>id=${USER_NAME_ID}</arg>
<arg>${user_name}</arg>
</arguments>
<msg timestamp="20201206 15:54:34.495" level="INFO">Typing text 'admin' into text field 'id=username'.</msg>
<status status="PASS" starttime="20201206 15:54:34.494" endtime="20201206 15:54:34.574"></status>
</kw>
<status status="PASS" starttime="20201206 15:54:34.494" endtime="20201206 15:54:34.575"></status>
</kw>
<status status="PASS" starttime="20201206 15:54:34.493" endtime="20201206 15:54:34.575" critical="yes"></status>
</test>
<test id="s1-s1-t5" name="enter invalid password">
<kw name="enter invalid password" library="Loginpage">
<kw name="Input Password" library="SeleniumLibrary">
<doc>Types the given password into the text field identified by ``locator``.</doc>
<arguments>
<arg>id=${pass_word_id}</arg>
<arg>${invalid_pass}</arg>
</arguments>
<msg timestamp="20201206 15:54:34.578" level="INFO">Typing password into text field 'id=password'.</msg>
<msg timestamp="20201206 15:54:34.607" level="INFO">Temporally setting log level to: NONE</msg>
<msg timestamp="20201206 15:54:34.662" level="INFO">Log level changed from NONE to INFO.</msg>
<status status="PASS" starttime="20201206 15:54:34.578" endtime="20201206 15:54:34.662"></status>
</kw>
<status status="PASS" starttime="20201206 15:54:34.577" endtime="20201206 15:54:34.663"></status>
</kw>
<status status="PASS" starttime="20201206 15:54:34.577" endtime="20201206 15:54:34.663" critical="yes"></status>
</test>
<test id="s1-s1-t6" name="enter in-correct submit">
<kw name="enter submit" library="Loginpage">
<kw name="Click Element" library="SeleniumLibrary">
<doc>Click the element identified by ``locator``.</doc>
<arguments>
<arg>xpath=${login}</arg>
</arguments>
<msg timestamp="20201206 15:54:34.666" level="INFO">Clicking element 'xpath=//*[@id="fm1"]/input[4]'.</msg>
<status status="PASS" starttime="20201206 15:54:34.665" endtime="20201206 15:54:50.077"></status>
</kw>
<status status="PASS" starttime="20201206 15:54:34.665" endtime="20201206 15:54:50.077"></status>
</kw>
<status status="PASS" starttime="20201206 15:54:34.664" endtime="20201206 15:54:50.078" critical="yes"></status>
</test>
<test id="s1-s1-t7" name="verify error message is displayed">
<kw name="verify error message is displayed" library="Loginpage">
<kw name="Page Should Contain" library="SeleniumLibrary">
<doc>Verifies that current page contains ``text``.</doc>
<arguments>
<arg>Authentication attempt has failed, likely due to invalid credentials. Please verify and try again.</arg>
</arguments>
<msg timestamp="20201206 15:54:50.097" level="INFO">Current page contains text 'Authentication attempt has failed, likely due to invalid credentials. Please verify and try again.'.</msg>
<status status="PASS" starttime="20201206 15:54:50.081" endtime="20201206 15:54:50.097"></status>
</kw>
<status status="PASS" starttime="20201206 15:54:50.081" endtime="20201206 15:54:50.098"></status>
</kw>
<status status="PASS" starttime="20201206 15:54:50.080" endtime="20201206 15:54:50.099" critical="yes"></status>
</test>
<test id="s1-s1-t8" name="enter valid password">
<kw name="enter valid password" library="Loginpage">
<kw name="Input Password" library="SeleniumLibrary">
<doc>Types the given password into the text field identified by ``locator``.</doc>
<arguments>
<arg>id=${pass_word_id}</arg>
<arg>${password}</arg>
</arguments>
<msg timestamp="20201206 15:54:50.105" level="INFO">Typing password into text field 'id=password'.</msg>
<msg timestamp="20201206 15:54:50.137" level="INFO">Temporally setting log level to: NONE</msg>
<msg timestamp="20201206 15:54:50.201" level="INFO">Log level changed from NONE to INFO.</msg>
<status status="PASS" starttime="20201206 15:54:50.104" endtime="20201206 15:54:50.201"></status>
</kw>
<status status="PASS" starttime="20201206 15:54:50.104" endtime="20201206 15:54:50.201"></status>
</kw>
<status status="PASS" starttime="20201206 15:54:50.103" endtime="20201206 15:54:50.202" critical="yes"></status>
</test>
<test id="s1-s1-t9" name="enter submit">
<kw name="enter submit" library="Loginpage">
<kw name="Click Element" library="SeleniumLibrary">
<doc>Click the element identified by ``locator``.</doc>
<arguments>
<arg>xpath=${login}</arg>
</arguments>
<msg timestamp="20201206 15:54:50.204" level="INFO">Clicking element 'xpath=//*[@id="fm1"]/input[4]'.</msg>
<status status="PASS" starttime="20201206 15:54:50.204" endtime="20201206 15:55:04.088"></status>
</kw>
<status status="PASS" starttime="20201206 15:54:50.204" endtime="20201206 15:55:04.088"></status>
</kw>
<status status="PASS" starttime="20201206 15:54:50.203" endtime="20201206 15:55:04.089" critical="yes"></status>
</test>
<status status="PASS" starttime="20201206 15:54:23.924" endtime="20201206 15:55:04.090"></status>
</suite>
<suite id="s1-s2" name="02 Navigation To Switch Module" source="C:\Users\bina.acharya\PycharmProjects\BIDashBoardValidation\test_suites\02_navigation_to_switch_module.robot">
<test id="s1-s2-t1" name="verify that module selection is clicked">
<kw name="Sleep" library="BuiltIn">
<doc>Pauses the test executed for the given time.</doc>
<arguments>
<arg>5 sec</arg>
</arguments>
<msg timestamp="20201206 15:55:09.102" level="INFO">Slept 5 seconds</msg>
<status status="PASS" starttime="20201206 15:55:04.102" endtime="20201206 15:55:09.102"></status>
</kw>
<kw name="verify that module selection is clicked" library="NavigationPage">
<kw name="Wait Until Keyword Succeeds" library="BuiltIn">
<doc>Runs the specified keyword and retries if it fails.</doc>
<arguments>
<arg>1 min</arg>
<arg>1 sec</arg>
<arg>Element Should Be Visible</arg>
<arg>xpath=${module_navigation}</arg>
</arguments>
<kw name="Element Should Be Visible" library="SeleniumLibrary">
<doc>Verifies that the element identified by ``locator`` is visible.</doc>
<arguments>
<arg>xpath=${module_navigation}</arg>
</arguments>
<msg timestamp="20201206 15:55:09.165" level="INFO">Element 'xpath=//app-nav-modules' is displayed.</msg>
<status status="PASS" starttime="20201206 15:55:09.108" endtime="20201206 15:55:09.165"></status>
</kw>
<status status="PASS" starttime="20201206 15:55:09.107" endtime="20201206 15:55:09.165"></status>
</kw>
<kw name="Click Element" library="SeleniumLibrary">
<doc>Click the element identified by ``locator``.</doc>
<arguments>
<arg>xpath=${module_navigation}</arg>
</arguments>
<msg timestamp="20201206 15:55:09.166" level="INFO">Clicking element 'xpath=//app-nav-modules'.</msg>
<status status="PASS" starttime="20201206 15:55:09.165" endtime="20201206 15:55:09.312"></status>
</kw>
<kw name="Sleep" library="BuiltIn">
<doc>Pauses the test executed for the given time.</doc>
<arguments>
<arg>5 sec</arg>
</arguments>
<msg timestamp="20201206 15:55:14.316" level="INFO">Slept 5 seconds</msg>
<status status="PASS" starttime="20201206 15:55:09.313" endtime="20201206 15:55:14.316"></status>
</kw>
<status status="PASS" starttime="20201206 15:55:09.105" endtime="20201206 15:55:14.316"></status>
</kw>
<status status="PASS" starttime="20201206 15:55:04.101" endtime="20201206 15:55:14.316" critical="yes"></status>
</test>
<test id="s1-s2-t2" name="verify that switch module is selected">
<kw name="verify that switch module is selected" library="NavigationPage">
<kw name="Wait Until Keyword Succeeds" library="BuiltIn">
<doc>Runs the specified keyword and retries if it fails.</doc>
<arguments>
<arg>1 min</arg>
<arg>1 sec</arg>
<arg>Element Should Be Visible</arg>
<arg>xpath=${switch}</arg>
</arguments>
<kw name="Element Should Be Visible" library="SeleniumLibrary">
<doc>Verifies that the element identified by ``locator`` is visible.</doc>
<arguments>
<arg>xpath=${switch}</arg>
</arguments>
<msg timestamp="20201206 15:55:14.401" level="INFO">Element 'xpath=//*[@id="mat-menu-panel-1"]/div/div/div/div/a[1]' is displayed.</msg>
<status status="PASS" starttime="20201206 15:55:14.332" endtime="20201206 15:55:14.401"></status>
</kw>
<status status="PASS" starttime="20201206 15:55:14.332" endtime="20201206 15:55:14.401"></status>
</kw>
<kw name="Click Element" library="SeleniumLibrary">
<doc>Click the element identified by ``locator``.</doc>
<arguments>
<arg>xpath=${switch}</arg>
</arguments>
<msg timestamp="20201206 15:55:14.401" level="INFO">Clicking element 'xpath=//*[@id="mat-menu-panel-1"]/div/div/div/div/a[1]'.</msg>
<status status="PASS" starttime="20201206 15:55:14.401" endtime="20201206 15:55:14.524"></status>
</kw>
<status status="PASS" starttime="20201206 15:55:14.332" endtime="20201206 15:55:14.524"></status>
</kw>
<kw name="Sleep" library="BuiltIn">
<doc>Pauses the test executed for the given time.</doc>
<arguments>
<arg>5 sec</arg>
</arguments>
<msg timestamp="20201206 15:55:19.524" level="INFO">Slept 5 seconds</msg>
<status status="PASS" starttime="20201206 15:55:14.524" endtime="20201206 15:55:19.524"></status>
</kw>
<status status="PASS" starttime="20201206 15:55:14.332" endtime="20201206 15:55:19.555" critical="yes"></status>
</test>
<status status="PASS" starttime="20201206 15:55:04.095" endtime="20201206 15:55:19.562"></status>
</suite>
<suite id="s1-s3" name="03 Navigate To Dash Board Card Analytics" source="C:\Users\bina.acharya\PycharmProjects\BIDashBoardValidation\test_suites\03_navigate_to_dash_board_card_analytics.robot">
<test id="s1-s3-t1" name="verify that menu is clicked for card analytics">
<kw name="verify that menu is clicked" library="NavBarSelection">
<kw name="Wait Until Keyword Succeeds" library="BuiltIn">
<doc>Runs the specified keyword and retries if it fails.</doc>
<arguments>
<arg>1 min</arg>
<arg>1 sec</arg>
<arg>Element Should Be Visible</arg>
<arg>xpath=${menu}</arg>
</arguments>
<kw name="Element Should Be Visible" library="SeleniumLibrary">
<doc>Verifies that the element identified by ``locator`` is visible.</doc>
<arguments>
<arg>xpath=${menu}</arg>
</arguments>
<msg timestamp="20201206 15:55:19.609" level="INFO">Element 'xpath=//span[@class='cursor-pointer mr-15 ic-menu']' is displayed.</msg>
<status status="PASS" starttime="20201206 15:55:19.578" endtime="20201206 15:55:19.609"></status>
</kw>
<status status="PASS" starttime="20201206 15:55:19.578" endtime="20201206 15:55:19.609"></status>
</kw>
<kw name="Click Element" library="SeleniumLibrary">
<doc>Click the element identified by ``locator``.</doc>
<arguments>
<arg>xpath=${menu}</arg>
</arguments>
<msg timestamp="20201206 15:55:19.609" level="INFO">Clicking element 'xpath=//span[@class='cursor-pointer mr-15 ic-menu']'.</msg>
<status status="PASS" starttime="20201206 15:55:19.609" endtime="20201206 15:55:19.713"></status>
</kw>
<status status="PASS" starttime="20201206 15:55:19.578" endtime="20201206 15:55:19.714"></status>
</kw>
<status status="PASS" starttime="20201206 15:55:19.578" endtime="20201206 15:55:19.714" critical="yes"></status>
</test>
<test id="s1-s3-t2" name="verify that switch nav bar is selected for card analytics">
<kw name="verify that switch nav bar is selected" library="NavBarSelection">
<kw name="Wait Until Keyword Succeeds" library="BuiltIn">
<doc>Runs the specified keyword and retries if it fails.</doc>
<arguments>
<arg>1 min</arg>
<arg>1 sec</arg>
<arg>Element Should Be Visible</arg>
<arg>xpath=${switch}</arg>
</arguments>
<kw name="Element Should Be Visible" library="SeleniumLibrary">
<doc>Verifies that the element identified by ``locator`` is visible.</doc>
<arguments>
<arg>xpath=${switch}</arg>
</arguments>
<kw name="Capture Page Screenshot" library="SeleniumLibrary">
<doc>Takes a screenshot of the current page and embeds it into a log file.</doc>
<msg timestamp="20201206 15:55:20.263" level="INFO" html="yes">&lt;/td&gt;&lt;/tr&gt;&lt;tr&gt;&lt;td colspan="3"&gt;&lt;a href="selenium-screenshot-1924.png"&gt;&lt;img src="selenium-screenshot-1924.png" width="800px"&gt;&lt;/a&gt;</msg>
<status status="PASS" starttime="20201206 15:55:19.747" endtime="20201206 15:55:20.263"></status>
</kw>
<msg timestamp="20201206 15:55:20.263" level="FAIL">The element 'xpath=//span[@class='ng-star-inserted' and contains(text(), 'Switch')]' should be visible, but it is not.</msg>
<status status="FAIL" starttime="20201206 15:55:19.720" endtime="20201206 15:55:20.263"></status>
</kw>
<kw name="Element Should Be Visible" library="SeleniumLibrary">
<doc>Verifies that the element identified by ``locator`` is visible.</doc>
<arguments>
<arg>xpath=${switch}</arg>
</arguments>
<msg timestamp="20201206 15:55:21.282" level="INFO">Element 'xpath=//span[@class='ng-star-inserted' and contains(text(), 'Switch')]' is displayed.</msg>
<status status="PASS" starttime="20201206 15:55:21.282" endtime="20201206 15:55:21.282"></status>
</kw>
<status status="PASS" starttime="20201206 15:55:19.720" endtime="20201206 15:55:21.282"></status>
</kw>
<kw name="Click Element" library="SeleniumLibrary">
<doc>Click the element identified by ``locator``.</doc>
<arguments>
<arg>xpath=${switch}</arg>
</arguments>
<msg timestamp="20201206 15:55:21.298" level="INFO">Clicking element 'xpath=//span[@class='ng-star-inserted' and contains(text(), 'Switch')]'.</msg>
<status status="PASS" starttime="20201206 15:55:21.298" endtime="20201206 15:55:21.360"></status>
</kw>
<kw name="Click Element" library="SeleniumLibrary">
<doc>Click the element identified by ``locator``.</doc>
<arguments>
<arg>xpath=${switch}</arg>
</arguments>
<msg timestamp="20201206 15:55:21.361" level="INFO">Clicking element 'xpath=//span[@class='ng-star-inserted' and contains(text(), 'Switch')]'.</msg>
<status status="PASS" starttime="20201206 15:55:21.360" endtime="20201206 15:55:21.407"></status>
</kw>
<status status="PASS" starttime="20201206 15:55:19.719" endtime="20201206 15:55:21.407"></status>
</kw>
<status status="PASS" starttime="20201206 15:55:19.719" endtime="20201206 15:55:21.408" critical="yes"></status>
</test>
<test id="s1-s3-t3" name="verify that dashboard under switch is selected for card analytics">
<kw name="verify that dashboard under switch is selected" library="NavBarSelection">
<kw name="Wait Until Keyword Succeeds" library="BuiltIn">
<doc>Runs the specified keyword and retries if it fails.</doc>
<arguments>
<arg>1 min</arg>
<arg>1 sec</arg>
<arg>Element Should Be Visible</arg>
<arg>xpath=${dashboard}</arg>
</arguments>
<kw name="Element Should Be Visible" library="SeleniumLibrary">
<doc>Verifies that the element identified by ``locator`` is visible.</doc>
<arguments>
<arg>xpath=${dashboard}</arg>
</arguments>
<msg timestamp="20201206 15:55:21.434" level="INFO">Element 'xpath=//mat-tree[@class='mat-tree']/mat-tree-node[3]' is displayed.</msg>
<status status="PASS" starttime="20201206 15:55:21.411" endtime="20201206 15:55:21.434"></status>
</kw>
<status status="PASS" starttime="20201206 15:55:21.411" endtime="20201206 15:55:21.434"></status>
</kw>
<kw name="Click Element" library="SeleniumLibrary">
<doc>Click the element identified by ``locator``.</doc>
<arguments>
<arg>xpath=${dashboard}</arg>
</arguments>
<msg timestamp="20201206 15:55:21.435" level="INFO">Clicking element 'xpath=//mat-tree[@class='mat-tree']/mat-tree-node[3]'.</msg>
<status status="PASS" starttime="20201206 15:55:21.434" endtime="20201206 15:55:21.513"></status>
</kw>
<status status="PASS" starttime="20201206 15:55:21.411" endtime="20201206 15:55:21.514"></status>
</kw>
<status status="PASS" starttime="20201206 15:55:21.410" endtime="20201206 15:55:21.515" critical="yes"></status>
</test>
<test id="s1-s3-t4" name="verift that card analytics under swith-&gt;Dashboard is selected">
<kw name="verift that card analytics under swith-&gt;Dashboard is selected" library="NavBarSelection">
<kw name="Wait Until Keyword Succeeds" library="BuiltIn">
<doc>Runs the specified keyword and retries if it fails.</doc>
<arguments>
<arg>1 min</arg>
<arg>1 sec</arg>
<arg>Element Should Be Visible</arg>
<arg>xpath=${card_analytics}</arg>
</arguments>
<kw name="Element Should Be Visible" library="SeleniumLibrary">
<doc>Verifies that the element identified by ``locator`` is visible.</doc>
<arguments>
<arg>xpath=${card_analytics}</arg>
</arguments>
<msg timestamp="20201206 15:55:21.542" level="INFO">Element 'xpath=//span[@class='sidebar-node ng-star-inserted' and contains(text(), 'Card Analytics')]' is displayed.</msg>
<status status="PASS" starttime="20201206 15:55:21.519" endtime="20201206 15:55:21.543"></status>
</kw>
<status status="PASS" starttime="20201206 15:55:21.518" endtime="20201206 15:55:21.543"></status>
</kw>
<kw name="Click Element" library="SeleniumLibrary">
<doc>Click the element identified by ``locator``.</doc>
<arguments>
<arg>xpath=${card_analytics}</arg>
</arguments>
<msg timestamp="20201206 15:55:21.543" level="INFO">Clicking element 'xpath=//span[@class='sidebar-node ng-star-inserted' and contains(text(), 'Card Analytics')]'.</msg>
<status status="PASS" starttime="20201206 15:55:21.543" endtime="20201206 15:55:21.664"></status>
</kw>
<status status="PASS" starttime="20201206 15:55:21.518" endtime="20201206 15:55:21.664"></status>
</kw>
<status status="PASS" starttime="20201206 15:55:21.517" endtime="20201206 15:55:21.665" critical="yes"></status>
</test>
<status status="PASS" starttime="20201206 15:55:19.562" endtime="20201206 15:55:21.666"></status>
</suite>
<suite id="s1-s4" name="04 Dashboard Card Analytics" source="C:\Users\bina.acharya\PycharmProjects\BIDashBoardValidation\test_suites\04_dashboard_card_analytics.robot">
<test id="s1-s4-t1" name="verify that all tles are selected by clicking ctrl+a for card analyics">
<kw name="Sleep" library="BuiltIn">
<doc>Pauses the test executed for the given time.</doc>
<arguments>
<arg>5 sec</arg>
</arguments>
<msg timestamp="20201206 15:55:26.690" level="INFO">Slept 5 seconds</msg>
<status status="PASS" starttime="20201206 15:55:21.683" endtime="20201206 15:55:26.690"></status>
</kw>
<kw name="verify that all tles are selected by clicking ctrl+a" library="DashBoardCardAnalyticsPage">
<kw name="Press Keys" library="SeleniumLibrary">
<doc>Simulates the user pressing key(s) to an element or on the active browser.</doc>
<arguments>
<arg>None</arg>
<arg>CTRL+a</arg>
</arguments>
<msg timestamp="20201206 15:55:26.690" level="INFO">Sending key(s) ('CTRL+a',) to page.</msg>
<msg timestamp="20201206 15:55:26.690" level="INFO">Pressing special key CONTROL down.</msg>
<msg timestamp="20201206 15:55:26.690" level="INFO">Sending key a</msg>
<msg timestamp="20201206 15:55:26.690" level="INFO">Releasing special key CONTROL.</msg>
<status status="PASS" starttime="20201206 15:55:26.690" endtime="20201206 15:55:26.782"></status>
</kw>
<status status="PASS" starttime="20201206 15:55:26.690" endtime="20201206 15:55:26.782"></status>
</kw>
<status status="PASS" starttime="20201206 15:55:21.683" endtime="20201206 15:55:26.783" critical="yes"></status>
</test>
<test id="s1-s4-t2" name="verfiy that the date level of tiles are changed to monthly of card analyics">
<kw name="verfiy that the date level of tiles are changed to monthly" library="DashBoardCardAnalyticsPage">
<kw name="Wait Until Keyword Succeeds" library="BuiltIn">
<doc>Runs the specified keyword and retries if it fails.</doc>
<arguments>
<arg>1 min</arg>
<arg>1 sec</arg>
<arg>Element Should Be Visible</arg>
<arg>xpath=${date_level}</arg>
</arguments>
<kw name="Element Should Be Visible" library="SeleniumLibrary">
<doc>Verifies that the element identified by ``locator`` is visible.</doc>
<arguments>
<arg>xpath=${date_level}</arg>
</arguments>
<msg timestamp="20201206 15:55:26.813" level="INFO">Element 'xpath=//app-enum-filter[@filtername='Date Level']//span[@class='ic-chevron-down']' is displayed.</msg>
<status status="PASS" starttime="20201206 15:55:26.788" endtime="20201206 15:55:26.813"></status>
</kw>
<status status="PASS" starttime="20201206 15:55:26.788" endtime="20201206 15:55:26.813"></status>
</kw>
<kw name="Click Element" library="SeleniumLibrary">
<doc>Click the element identified by ``locator``.</doc>
<arguments>
<arg>xpath=${date_level}</arg>
</arguments>
<msg timestamp="20201206 15:55:26.813" level="INFO">Clicking element 'xpath=//app-enum-filter[@filtername='Date Level']//span[@class='ic-chevron-down']'.</msg>
<status status="PASS" starttime="20201206 15:55:26.813" endtime="20201206 15:55:26.895"></status>
</kw>
<kw name="Sleep" library="BuiltIn">
<doc>Pauses the test executed for the given time.</doc>
<arguments>
<arg>5 sec</arg>
</arguments>
<msg timestamp="20201206 15:55:31.904" level="INFO">Slept 5 seconds</msg>
<status status="PASS" starttime="20201206 15:55:26.896" endtime="20201206 15:55:31.904"></status>
</kw>
<kw name="Click Element" library="SeleniumLibrary">
<doc>Click the element identified by ``locator``.</doc>
<arguments>
<arg>xpath=${monthly}</arg>
</arguments>
<msg timestamp="20201206 15:55:31.904" level="INFO">Clicking element 'xpath=//span[contains(text(),'Monthly')]'.</msg>
<status status="PASS" starttime="20201206 15:55:31.904" endtime="20201206 15:55:32.056"></status>
</kw>
<kw name="Sleep" library="BuiltIn">
<doc>Pauses the test executed for the given time.</doc>
<arguments>
<arg>5</arg>
<arg>sec</arg>
</arguments>
<msg timestamp="20201206 15:55:37.064" level="INFO">Slept 5 seconds</msg>
<msg timestamp="20201206 15:55:37.064" level="INFO">sec</msg>
<status status="PASS" starttime="20201206 15:55:32.057" endtime="20201206 15:55:37.064"></status>
</kw>
<status status="PASS" starttime="20201206 15:55:26.787" endtime="20201206 15:55:37.064"></status>
</kw>
<status status="PASS" starttime="20201206 15:55:26.786" endtime="20201206 15:55:37.064" critical="yes"></status>
</test>
<test id="s1-s4-t3" name="verfiy that the date level of tiles are changed to daily for card analytics">
<kw name="verfiy that the date level of tiles are changed to daily" library="DashBoardCardAnalyticsPage">
<kw name="Wait Until Keyword Succeeds" library="BuiltIn">
<doc>Runs the specified keyword and retries if it fails.</doc>
<arguments>
<arg>1 min</arg>
<arg>1 sec</arg>
<arg>Element Should Be Visible</arg>
<arg>xpath=${date_level}</arg>
</arguments>
<kw name="Element Should Be Visible" library="SeleniumLibrary">
<doc>Verifies that the element identified by ``locator`` is visible.</doc>
<arguments>
<arg>xpath=${date_level}</arg>
</arguments>
<msg timestamp="20201206 15:55:37.110" level="INFO">Element 'xpath=//app-enum-filter[@filtername='Date Level']//span[@class='ic-chevron-down']' is displayed.</msg>
<status status="PASS" starttime="20201206 15:55:37.079" endtime="20201206 15:55:37.110"></status>
</kw>
<status status="PASS" starttime="20201206 15:55:37.079" endtime="20201206 15:55:37.110"></status>
</kw>
<kw name="Click Element" library="SeleniumLibrary">
<doc>Click the element identified by ``locator``.</doc>
<arguments>
<arg>xpath=${date_level}</arg>
</arguments>
<msg timestamp="20201206 15:55:37.110" level="INFO">Clicking element 'xpath=//app-enum-filter[@filtername='Date Level']//span[@class='ic-chevron-down']'.</msg>
<status status="PASS" starttime="20201206 15:55:37.110" endtime="20201206 15:55:37.205"></status>
</kw>
<kw name="Sleep" library="BuiltIn">
<doc>Pauses the test executed for the given time.</doc>
<arguments>
<arg>5 sec</arg>
</arguments>
<msg timestamp="20201206 15:55:42.208" level="INFO">Slept 5 seconds</msg>
<status status="PASS" starttime="20201206 15:55:37.205" endtime="20201206 15:55:42.208"></status>
</kw>
<kw name="Click Element" library="SeleniumLibrary">
<doc>Click the element identified by ``locator``.</doc>
<arguments>
<arg>xpath=${daily}</arg>
</arguments>
<msg timestamp="20201206 15:55:42.208" level="INFO">Clicking element 'xpath=//span[contains(text(),'Daily')]'.</msg>
<status status="PASS" starttime="20201206 15:55:42.208" endtime="20201206 15:55:42.295"></status>
</kw>
<kw name="Sleep" library="BuiltIn">
<doc>Pauses the test executed for the given time.</doc>
<arguments>
<arg>5</arg>
<arg>sec</arg>
</arguments>
<msg timestamp="20201206 15:55:47.301" level="INFO">Slept 5 seconds</msg>
<msg timestamp="20201206 15:55:47.301" level="INFO">sec</msg>
<status status="PASS" starttime="20201206 15:55:42.295" endtime="20201206 15:55:47.301"></status>
</kw>
<status status="PASS" starttime="20201206 15:55:37.079" endtime="20201206 15:55:47.301"></status>
</kw>
<status status="PASS" starttime="20201206 15:55:37.064" endtime="20201206 15:55:47.301" critical="yes"></status>
</test>
<test id="s1-s4-t4" name="verfiy that the date level of tiles are changed to monthly_ for card analytics">
<kw name="verfiy that the date level of tiles are changed to monthly" library="DashBoardCardAnalyticsPage">
<kw name="Wait Until Keyword Succeeds" library="BuiltIn">
<doc>Runs the specified keyword and retries if it fails.</doc>
<arguments>
<arg>1 min</arg>
<arg>1 sec</arg>
<arg>Element Should Be Visible</arg>
<arg>xpath=${date_level}</arg>
</arguments>
<kw name="Element Should Be Visible" library="SeleniumLibrary">
<doc>Verifies that the element identified by ``locator`` is visible.</doc>
<arguments>
<arg>xpath=${date_level}</arg>
</arguments>
<msg timestamp="20201206 15:55:47.351" level="INFO">Element 'xpath=//app-enum-filter[@filtername='Date Level']//span[@class='ic-chevron-down']' is displayed.</msg>
<status status="PASS" starttime="20201206 15:55:47.301" endtime="20201206 15:55:47.351"></status>
</kw>
<status status="PASS" starttime="20201206 15:55:47.301" endtime="20201206 15:55:47.351"></status>
</kw>
<kw name="Click Element" library="SeleniumLibrary">
<doc>Click the element identified by ``locator``.</doc>
<arguments>
<arg>xpath=${date_level}</arg>
</arguments>
<msg timestamp="20201206 15:55:47.351" level="INFO">Clicking element 'xpath=//app-enum-filter[@filtername='Date Level']//span[@class='ic-chevron-down']'.</msg>
<status status="PASS" starttime="20201206 15:55:47.351" endtime="20201206 15:55:47.437"></status>
</kw>
<kw name="Sleep" library="BuiltIn">
<doc>Pauses the test executed for the given time.</doc>
<arguments>
<arg>5 sec</arg>
</arguments>
<msg timestamp="20201206 15:55:52.452" level="INFO">Slept 5 seconds</msg>
<status status="PASS" starttime="20201206 15:55:47.437" endtime="20201206 15:55:52.452"></status>
</kw>
<kw name="Click Element" library="SeleniumLibrary">
<doc>Click the element identified by ``locator``.</doc>
<arguments>
<arg>xpath=${monthly}</arg>
</arguments>
<msg timestamp="20201206 15:55:52.452" level="INFO">Clicking element 'xpath=//span[contains(text(),'Monthly')]'.</msg>
<status status="PASS" starttime="20201206 15:55:52.452" endtime="20201206 15:55:52.651"></status>
</kw>
<kw name="Sleep" library="BuiltIn">
<doc>Pauses the test executed for the given time.</doc>
<arguments>
<arg>5</arg>
<arg>sec</arg>
</arguments>
<msg timestamp="20201206 15:55:57.653" level="INFO">Slept 5 seconds</msg>
<msg timestamp="20201206 15:55:57.653" level="INFO">sec</msg>
<status status="PASS" starttime="20201206 15:55:52.651" endtime="20201206 15:55:57.653"></status>
</kw>
<status status="PASS" starttime="20201206 15:55:47.301" endtime="20201206 15:55:57.653"></status>
</kw>
<status status="PASS" starttime="20201206 15:55:47.301" endtime="20201206 15:55:57.653" critical="yes"></status>
</test>
<test id="s1-s4-t5" name="verfiy that the date level of tiles are changed to yearly for card analytics">
<kw name="verfiy that the date level of tiles are changed to yearly" library="DashBoardCardAnalyticsPage">
<kw name="Wait Until Keyword Succeeds" library="BuiltIn">
<doc>Runs the specified keyword and retries if it fails.</doc>
<arguments>
<arg>1 min</arg>
<arg>1 sec</arg>
<arg>Element Should Be Visible</arg>
<arg>xpath=${date_level}</arg>
</arguments>
<kw name="Element Should Be Visible" library="SeleniumLibrary">
<doc>Verifies that the element identified by ``locator`` is visible.</doc>
<arguments>
<arg>xpath=${date_level}</arg>
</arguments>
<msg timestamp="20201206 15:55:57.690" level="INFO">Element 'xpath=//app-enum-filter[@filtername='Date Level']//span[@class='ic-chevron-down']' is displayed.</msg>
<status status="PASS" starttime="20201206 15:55:57.653" endtime="20201206 15:55:57.690"></status>
</kw>
<status status="PASS" starttime="20201206 15:55:57.653" endtime="20201206 15:55:57.690"></status>
</kw>
<kw name="Click Element" library="SeleniumLibrary">
<doc>Click the element identified by ``locator``.</doc>
<arguments>
<arg>xpath=${date_level}</arg>
</arguments>
<msg timestamp="20201206 15:55:57.690" level="INFO">Clicking element 'xpath=//app-enum-filter[@filtername='Date Level']//span[@class='ic-chevron-down']'.</msg>
<status status="PASS" starttime="20201206 15:55:57.690" endtime="20201206 15:55:57.779"></status>
</kw>
<kw name="Sleep" library="BuiltIn">
<doc>Pauses the test executed for the given time.</doc>
<arguments>
<arg>5 sec</arg>
</arguments>
<msg timestamp="20201206 15:56:02.784" level="INFO">Slept 5 seconds</msg>
<status status="PASS" starttime="20201206 15:55:57.779" endtime="20201206 15:56:02.784"></status>
</kw>
<kw name="Click Element" library="SeleniumLibrary">
<doc>Click the element identified by ``locator``.</doc>
<arguments>
<arg>xpath=${yearly}</arg>
</arguments>
<msg timestamp="20201206 15:56:02.784" level="INFO">Clicking element 'xpath=//span[contains(text(),'Yearly')]'.</msg>
<status status="PASS" starttime="20201206 15:56:02.784" endtime="20201206 15:56:02.915"></status>
</kw>
<kw name="Sleep" library="BuiltIn">
<doc>Pauses the test executed for the given time.</doc>
<arguments>
<arg>5</arg>
<arg>sec</arg>
</arguments>
<msg timestamp="20201206 15:56:07.923" level="INFO">Slept 5 seconds</msg>
<msg timestamp="20201206 15:56:07.923" level="INFO">sec</msg>
<status status="PASS" starttime="20201206 15:56:02.915" endtime="20201206 15:56:07.923"></status>
</kw>
<status status="PASS" starttime="20201206 15:55:57.653" endtime="20201206 15:56:07.923"></status>
</kw>
<status status="PASS" starttime="20201206 15:55:57.653" endtime="20201206 15:56:07.923" critical="yes"></status>
</test>
<test id="s1-s4-t6" name="verify that one tile is clicked and date level is changed to daily for card analytics">
<kw name="verify that one tile is clicked and date level is changed to daily" library="DashBoardCardAnalyticsPage">
<kw name="Click Element" library="SeleniumLibrary">
<doc>Click the element identified by ``locator``.</doc>
<arguments>
<arg>id=${click_tile}</arg>
</arguments>
<msg timestamp="20201206 15:56:07.923" level="INFO">Clicking element 'id=layout_22_197'.</msg>
<status status="PASS" starttime="20201206 15:56:07.923" endtime="20201206 15:56:08.064"></status>
</kw>
<kw name="Click Element" library="SeleniumLibrary">
<doc>Click the element identified by ``locator``.</doc>
<arguments>
<arg>xpath=${date_level}</arg>
</arguments>
<msg timestamp="20201206 15:56:08.065" level="INFO">Clicking element 'xpath=//app-enum-filter[@filtername='Date Level']//span[@class='ic-chevron-down']'.</msg>
<status status="PASS" starttime="20201206 15:56:08.064" endtime="20201206 15:56:08.140"></status>
</kw>
<kw name="Sleep" library="BuiltIn">
<doc>Pauses the test executed for the given time.</doc>
<arguments>
<arg>5 sec</arg>
</arguments>
<msg timestamp="20201206 15:56:13.140" level="INFO">Slept 5 seconds</msg>
<status status="PASS" starttime="20201206 15:56:08.140" endtime="20201206 15:56:13.140"></status>
</kw>
<kw name="Click Element" library="SeleniumLibrary">
<doc>Click the element identified by ``locator``.</doc>
<arguments>
<arg>xpath=${daily}</arg>
</arguments>
<msg timestamp="20201206 15:56:13.141" level="INFO">Clicking element 'xpath=//span[contains(text(),'Daily')]'.</msg>
<status status="PASS" starttime="20201206 15:56:13.140" endtime="20201206 15:56:13.250"></status>
</kw>
<status status="PASS" starttime="20201206 15:56:07.923" endtime="20201206 15:56:13.250"></status>
</kw>
<status status="PASS" starttime="20201206 15:56:07.923" endtime="20201206 15:56:13.251" critical="yes"></status>
</test>
<test id="s1-s4-t7" name="verify that the date level is changed to monthly of one tile for card analytics">
<kw name="verify that the date level is changed to monthly of one tile" library="DashBoardCardAnalyticsPage">
<kw name="Click Element" library="SeleniumLibrary">
<doc>Click the element identified by ``locator``.</doc>
<arguments>
<arg>xpath=${date_level}</arg>
</arguments>
<msg timestamp="20201206 15:56:13.254" level="INFO">Clicking element 'xpath=//app-enum-filter[@filtername='Date Level']//span[@class='ic-chevron-down']'.</msg>
<status status="PASS" starttime="20201206 15:56:13.254" endtime="20201206 15:56:13.390"></status>
</kw>
<kw name="Click Element" library="SeleniumLibrary">
<doc>Click the element identified by ``locator``.</doc>
<arguments>
<arg>xpath=${monthly}</arg>
</arguments>
<msg timestamp="20201206 15:56:13.390" level="INFO">Clicking element 'xpath=//span[contains(text(),'Monthly')]'.</msg>
<status status="PASS" starttime="20201206 15:56:13.390" endtime="20201206 15:56:13.496"></status>
</kw>
<status status="PASS" starttime="20201206 15:56:13.254" endtime="20201206 15:56:13.496"></status>
</kw>
<status status="PASS" starttime="20201206 15:56:13.252" endtime="20201206 15:56:13.497" critical="yes"></status>
</test>
<test id="s1-s4-t8" name="verify that the date level is changed to yearly of one tile for card analytics">
<kw name="verify that the date level is changed to yearly of one tile" library="DashBoardCardAnalyticsPage">
<kw name="Click Element" library="SeleniumLibrary">
<doc>Click the element identified by ``locator``.</doc>
<arguments>
<arg>xpath=${date_level}</arg>
</arguments>
<msg timestamp="20201206 15:56:13.502" level="INFO">Clicking element 'xpath=//app-enum-filter[@filtername='Date Level']//span[@class='ic-chevron-down']'.</msg>
<status status="PASS" starttime="20201206 15:56:13.501" endtime="20201206 15:56:13.650"></status>
</kw>
<kw name="Click Element" library="SeleniumLibrary">
<doc>Click the element identified by ``locator``.</doc>
<arguments>
<arg>xpath=${yearly}</arg>
</arguments>
<msg timestamp="20201206 15:56:13.651" level="INFO">Clicking element 'xpath=//span[contains(text(),'Yearly')]'.</msg>
<status status="PASS" starttime="20201206 15:56:13.650" endtime="20201206 15:56:13.741"></status>
</kw>
<status status="PASS" starttime="20201206 15:56:13.501" endtime="20201206 15:56:13.741"></status>
</kw>
<status status="PASS" starttime="20201206 15:56:13.499" endtime="20201206 15:56:13.742" critical="yes"></status>
</test>
<test id="s1-s4-t9" name="verify that one tile is clicked and date level is changed to daily_ for card analytics">
<kw name="verify that one tile is clicked and date level is changed to daily" library="DashBoardCardAnalyticsPage">
<kw name="Click Element" library="SeleniumLibrary">
<doc>Click the element identified by ``locator``.</doc>
<arguments>
<arg>id=${click_tile}</arg>
</arguments>
<msg timestamp="20201206 15:56:13.746" level="INFO">Clicking element 'id=layout_22_197'.</msg>
<status status="PASS" starttime="20201206 15:56:13.746" endtime="20201206 15:56:13.845"></status>
</kw>
<kw name="Click Element" library="SeleniumLibrary">
<doc>Click the element identified by ``locator``.</doc>
<arguments>
<arg>xpath=${date_level}</arg>
</arguments>
<msg timestamp="20201206 15:56:13.846" level="INFO">Clicking element 'xpath=//app-enum-filter[@filtername='Date Level']//span[@class='ic-chevron-down']'.</msg>
<status status="PASS" starttime="20201206 15:56:13.845" endtime="20201206 15:56:13.925"></status>
</kw>
<kw name="Sleep" library="BuiltIn">
<doc>Pauses the test executed for the given time.</doc>
<arguments>
<arg>5 sec</arg>
</arguments>
<msg timestamp="20201206 15:56:18.927" level="INFO">Slept 5 seconds</msg>
<status status="PASS" starttime="20201206 15:56:13.925" endtime="20201206 15:56:18.927"></status>
</kw>
<kw name="Click Element" library="SeleniumLibrary">
<doc>Click the element identified by ``locator``.</doc>
<arguments>
<arg>xpath=${daily}</arg>
</arguments>
<msg timestamp="20201206 15:56:18.928" level="INFO">Clicking element 'xpath=//span[contains(text(),'Daily')]'.</msg>
<status status="PASS" starttime="20201206 15:56:18.928" endtime="20201206 15:56:19.029"></status>
</kw>
<status status="PASS" starttime="20201206 15:56:13.745" endtime="20201206 15:56:19.029"></status>
</kw>
<status status="PASS" starttime="20201206 15:56:13.744" endtime="20201206 15:56:19.030" critical="yes"></status>
</test>
<test id="s1-s4-t10" name="verify that the menu for single tile is selected for card analytics">
<kw name="verify that the menu for single tile is selected" library="DashBoardCardAnalyticsPage">
<kw name="Wait Until Keyword Succeeds" library="BuiltIn">
<doc>Runs the specified keyword and retries if it fails.</doc>
<arguments>
<arg>1 min</arg>
<arg>1 sec</arg>
<arg>Element Should Be Visible</arg>
<arg>xpath=${menu_selection_for_single_tile}</arg>
</arguments>
<kw name="Element Should Be Visible" library="SeleniumLibrary">
<doc>Verifies that the element identified by ``locator`` is visible.</doc>
<arguments>
<arg>xpath=${menu_selection_for_single_tile}</arg>
</arguments>
<msg timestamp="20201206 15:56:19.062" level="INFO">Element 'xpath=//div[@id='layout_22_193_content']//span[@mattooltip='Menu']' is displayed.</msg>
<status status="PASS" starttime="20201206 15:56:19.035" endtime="20201206 15:56:19.062"></status>
</kw>
<status status="PASS" starttime="20201206 15:56:19.034" endtime="20201206 15:56:19.062"></status>
</kw>
<kw name="Click Element" library="SeleniumLibrary">
<doc>Click the element identified by ``locator``.</doc>
<arguments>
<arg>xpath=${menu_selection_for_single_tile}</arg>
</arguments>
<msg timestamp="20201206 15:56:19.063" level="INFO">Clicking element 'xpath=//div[@id='layout_22_193_content']//span[@mattooltip='Menu']'.</msg>
<status status="PASS" starttime="20201206 15:56:19.062" endtime="20201206 15:56:19.273"></status>
</kw>
<status status="PASS" starttime="20201206 15:56:19.034" endtime="20201206 15:56:19.274"></status>
</kw>
<status status="PASS" starttime="20201206 15:56:19.032" endtime="20201206 15:56:19.274" critical="yes"></status>
</test>
<test id="s1-s4-t11" name="verift that focus item is selected for single tile for card analytics">
<kw name="verift that focus item is selected for single tile" library="DashBoardCardAnalyticsPage">
<kw name="Wait Until Keyword Succeeds" library="BuiltIn">
<doc>Runs the specified keyword and retries if it fails.</doc>
<arguments>
<arg>1 min</arg>
<arg>1 sec</arg>
<arg>Element Should Be Visible</arg>
<arg>xpath=${focus_tile}</arg>
</arguments>
<kw name="Element Should Be Visible" library="SeleniumLibrary">
<doc>Verifies that the element identified by ``locator`` is visible.</doc>
<arguments>
<arg>xpath=${focus_tile}</arg>
</arguments>
<kw name="Capture Page Screenshot" library="SeleniumLibrary">
<doc>Takes a screenshot of the current page and embeds it into a log file.</doc>
<msg timestamp="20201206 15:56:19.821" level="INFO" html="yes">&lt;/td&gt;&lt;/tr&gt;&lt;tr&gt;&lt;td colspan="3"&gt;&lt;a href="selenium-screenshot-1925.png"&gt;&lt;img src="selenium-screenshot-1925.png" width="800px"&gt;&lt;/a&gt;</msg>
<status status="PASS" starttime="20201206 15:56:19.308" endtime="20201206 15:56:19.821"></status>
</kw>
<msg timestamp="20201206 15:56:19.822" level="FAIL">Element with locator 'xpath=//div[@class='mat-menu-content']/a[2]' not found.</msg>
<status status="FAIL" starttime="20201206 15:56:19.278" endtime="20201206 15:56:19.822"></status>
</kw>
<kw name="Element Should Be Visible" library="SeleniumLibrary">
<doc>Verifies that the element identified by ``locator`` is visible.</doc>
<arguments>
<arg>xpath=${focus_tile}</arg>
</arguments>
<msg timestamp="20201206 15:56:20.866" level="INFO">Element 'xpath=//div[@class='mat-menu-content']/a[2]' is displayed.</msg>
<status status="PASS" starttime="20201206 15:56:20.823" endtime="20201206 15:56:20.866"></status>
</kw>
<status status="PASS" starttime="20201206 15:56:19.278" endtime="20201206 15:56:20.866"></status>
</kw>
<kw name="Click Element" library="SeleniumLibrary">
<doc>Click the element identified by ``locator``.</doc>
<arguments>
<arg>xpath=${focus_tile}</arg>
</arguments>
<msg timestamp="20201206 15:56:20.867" level="INFO">Clicking element 'xpath=//div[@class='mat-menu-content']/a[2]'.</msg>
<status status="PASS" starttime="20201206 15:56:20.867" endtime="20201206 15:56:21.065"></status>
</kw>
<kw name="Sleep" library="BuiltIn">
<doc>Pauses the test executed for the given time.</doc>
<arguments>
<arg>5 sec</arg>
</arguments>
<msg timestamp="20201206 15:56:26.076" level="INFO">Slept 5 seconds</msg>
<status status="PASS" starttime="20201206 15:56:21.065" endtime="20201206 15:56:26.076"></status>
</kw>
<status status="PASS" starttime="20201206 15:56:19.277" endtime="20201206 15:56:26.076"></status>
</kw>
<status status="PASS" starttime="20201206 15:56:19.276" endtime="20201206 15:56:26.076" critical="yes"></status>
</test>
<test id="s1-s4-t12" name="verify that cancel focus is selected for card analytics">
<kw name="verify that cancel focus is selected" library="DashBoardCardAnalyticsPage">
<kw name="Wait Until Keyword Succeeds" library="BuiltIn">
<doc>Runs the specified keyword and retries if it fails.</doc>
<arguments>
<arg>1 min</arg>
<arg>1 sec</arg>
<arg>Element Should Be Visible</arg>
<arg>xpath=${cancel_focus_tile}</arg>
</arguments>
<kw name="Element Should Be Visible" library="SeleniumLibrary">
<doc>Verifies that the element identified by ``locator`` is visible.</doc>
<arguments>
<arg>xpath=${cancel_focus_tile}</arg>
</arguments>
<msg timestamp="20201206 15:56:26.107" level="INFO">Element 'xpath=//span[@class='ic-x res-font-x cursor-pointer ng-star-inserted']' is displayed.</msg>
<status status="PASS" starttime="20201206 15:56:26.076" endtime="20201206 15:56:26.107"></status>
</kw>
<status status="PASS" starttime="20201206 15:56:26.076" endtime="20201206 15:56:26.107"></status>
</kw>
<kw name="Click Element" library="SeleniumLibrary">
<doc>Click the element identified by ``locator``.</doc>
<arguments>
<arg>xpath=${cancel_focus_tile}</arg>
</arguments>
<msg timestamp="20201206 15:56:26.107" level="INFO">Clicking element 'xpath=//span[@class='ic-x res-font-x cursor-pointer ng-star-inserted']'.</msg>
<status status="PASS" starttime="20201206 15:56:26.107" endtime="20201206 15:56:26.173"></status>
</kw>
<status status="PASS" starttime="20201206 15:56:26.076" endtime="20201206 15:56:26.173"></status>
</kw>
<status status="PASS" starttime="20201206 15:56:26.076" endtime="20201206 15:56:26.174" critical="yes"></status>
</test>
<test id="s1-s4-t13" name="verify that the total number tiles present in card analytics is correct for card analytics">
<kw name="verify that the total number tiles present in card analytics is correct" library="DashBoardCardAnalyticsPage">
<kw name="Get Element Count" library="SeleniumLibrary">
<doc>Returns the number of elements matching ``locator``.</doc>
<arguments>
<arg>xpath=//div[@class='e-panel e-panel-transition']</arg>
</arguments>
<assign>
<var>${Count}</var>
</assign>
<msg timestamp="20201206 15:56:26.194" level="INFO">${Count} = 18</msg>
<status status="PASS" starttime="20201206 15:56:26.178" endtime="20201206 15:56:26.194"></status>
</kw>
<kw name="Log To Console" library="BuiltIn">
<doc>Logs the given message to the console.</doc>
<arguments>
<arg>${Count}</arg>
</arguments>
<status status="PASS" starttime="20201206 15:56:26.194" endtime="20201206 15:56:26.195"></status>
</kw>
<status status="PASS" starttime="20201206 15:56:26.177" endtime="20201206 15:56:26.195"></status>
</kw>
<status status="PASS" starttime="20201206 15:56:26.176" endtime="20201206 15:56:26.196" critical="yes"></status>
</test>
<test id="s1-s4-t14" name="verify that the card analytics should contain card analytics text for card analytics">
<kw name="verify that the card analytics should contain card analytics text" library="DashBoardCardAnalyticsPage">
<kw name="Page Should Contain" library="SeleniumLibrary">
<doc>Verifies that current page contains ``text``.</doc>
<arguments>
<arg>${contain_header_text}</arg>
</arguments>
<msg timestamp="20201206 15:56:26.244" level="INFO">Current page contains text 'Card Analytics'.</msg>
<status status="PASS" starttime="20201206 15:56:26.201" endtime="20201206 15:56:26.244"></status>
</kw>
<status status="PASS" starttime="20201206 15:56:26.200" endtime="20201206 15:56:26.244"></status>
</kw>
<status status="PASS" starttime="20201206 15:56:26.198" endtime="20201206 15:56:26.245" critical="yes"></status>
</test>
<status status="PASS" starttime="20201206 15:55:21.669" endtime="20201206 15:56:26.247"></status>
</suite>
<suite id="s1-s5" name="05 Navigate To Terminal Analytics" source="C:\Users\bina.acharya\PycharmProjects\BIDashBoardValidation\test_suites\05_navigate_to_terminal_analytics.robot">
<test id="s1-s5-t1" name="verify that menu_ is clicked for terminal analytics">
<kw name="verify that menu is clicked" library="NavBarSelection">
<kw name="Wait Until Keyword Succeeds" library="BuiltIn">
<doc>Runs the specified keyword and retries if it fails.</doc>
<arguments>
<arg>1 min</arg>
<arg>1 sec</arg>
<arg>Element Should Be Visible</arg>
<arg>xpath=${menu}</arg>
</arguments>
<kw name="Element Should Be Visible" library="SeleniumLibrary">
<doc>Verifies that the element identified by ``locator`` is visible.</doc>
<arguments>
<arg>xpath=${menu}</arg>
</arguments>
<msg timestamp="20201206 15:56:26.305" level="INFO">Element 'xpath=//span[@class='cursor-pointer mr-15 ic-menu']' is displayed.</msg>
<status status="PASS" starttime="20201206 15:56:26.248" endtime="20201206 15:56:26.305"></status>
</kw>
<status status="PASS" starttime="20201206 15:56:26.248" endtime="20201206 15:56:26.305"></status>
</kw>
<kw name="Click Element" library="SeleniumLibrary">
<doc>Click the element identified by ``locator``.</doc>
<arguments>
<arg>xpath=${menu}</arg>
</arguments>
<msg timestamp="20201206 15:56:26.306" level="INFO">Clicking element 'xpath=//span[@class='cursor-pointer mr-15 ic-menu']'.</msg>
<status status="PASS" starttime="20201206 15:56:26.305" endtime="20201206 15:56:26.430"></status>
</kw>
<status status="PASS" starttime="20201206 15:56:26.248" endtime="20201206 15:56:26.431"></status>
</kw>
<status status="PASS" starttime="20201206 15:56:26.248" endtime="20201206 15:56:26.431" critical="yes"></status>
</test>
<test id="s1-s5-t2" name="verify that switch nav bar is selected for terminal analytics">
<kw name="verify that switch nav bar is selected" library="NavBarSelection">
<kw name="Wait Until Keyword Succeeds" library="BuiltIn">
<doc>Runs the specified keyword and retries if it fails.</doc>
<arguments>
<arg>1 min</arg>
<arg>1 sec</arg>
<arg>Element Should Be Visible</arg>
<arg>xpath=${switch}</arg>
</arguments>
<kw name="Element Should Be Visible" library="SeleniumLibrary">
<doc>Verifies that the element identified by ``locator`` is visible.</doc>
<arguments>
<arg>xpath=${switch}</arg>
</arguments>
<kw name="Capture Page Screenshot" library="SeleniumLibrary">
<doc>Takes a screenshot of the current page and embeds it into a log file.</doc>
<msg timestamp="20201206 15:56:26.957" level="INFO" html="yes">&lt;/td&gt;&lt;/tr&gt;&lt;tr&gt;&lt;td colspan="3"&gt;&lt;a href="selenium-screenshot-1926.png"&gt;&lt;img src="selenium-screenshot-1926.png" width="800px"&gt;&lt;/a&gt;</msg>
<status status="PASS" starttime="20201206 15:56:26.465" endtime="20201206 15:56:26.957"></status>
</kw>
<msg timestamp="20201206 15:56:26.957" level="FAIL">The element 'xpath=//span[@class='ng-star-inserted' and contains(text(), 'Switch')]' should be visible, but it is not.</msg>
<status status="FAIL" starttime="20201206 15:56:26.435" endtime="20201206 15:56:26.957"></status>
</kw>
<kw name="Element Should Be Visible" library="SeleniumLibrary">
<doc>Verifies that the element identified by ``locator`` is visible.</doc>
<arguments>
<arg>xpath=${switch}</arg>
</arguments>
<msg timestamp="20201206 15:56:27.983" level="INFO">Element 'xpath=//span[@class='ng-star-inserted' and contains(text(), 'Switch')]' is displayed.</msg>
<status status="PASS" starttime="20201206 15:56:27.961" endtime="20201206 15:56:27.983"></status>
</kw>
<status status="PASS" starttime="20201206 15:56:26.435" endtime="20201206 15:56:27.983"></status>
</kw>
<kw name="Click Element" library="SeleniumLibrary">
<doc>Click the element identified by ``locator``.</doc>
<arguments>
<arg>xpath=${switch}</arg>
</arguments>
<msg timestamp="20201206 15:56:27.983" level="INFO">Clicking element 'xpath=//span[@class='ng-star-inserted' and contains(text(), 'Switch')]'.</msg>
<status status="PASS" starttime="20201206 15:56:27.983" endtime="20201206 15:56:28.080"></status>
</kw>
<kw name="Click Element" library="SeleniumLibrary">
<doc>Click the element identified by ``locator``.</doc>
<arguments>
<arg>xpath=${switch}</arg>
</arguments>
<msg timestamp="20201206 15:56:28.080" level="INFO">Clicking element 'xpath=//span[@class='ng-star-inserted' and contains(text(), 'Switch')]'.</msg>
<status status="PASS" starttime="20201206 15:56:28.080" endtime="20201206 15:56:28.141"></status>
</kw>
<status status="PASS" starttime="20201206 15:56:26.434" endtime="20201206 15:56:28.141"></status>
</kw>
<status status="PASS" starttime="20201206 15:56:26.433" endtime="20201206 15:56:28.142" critical="yes"></status>
</test>
<test id="s1-s5-t3" name="verify that dashboard under switch is selected for terminal analytics">
<kw name="verify that dashboard under switch is selected" library="NavBarSelection">
<kw name="Wait Until Keyword Succeeds" library="BuiltIn">
<doc>Runs the specified keyword and retries if it fails.</doc>
<arguments>
<arg>1 min</arg>
<arg>1 sec</arg>
<arg>Element Should Be Visible</arg>
<arg>xpath=${dashboard}</arg>
</arguments>
<kw name="Element Should Be Visible" library="SeleniumLibrary">
<doc>Verifies that the element identified by ``locator`` is visible.</doc>
<arguments>
<arg>xpath=${dashboard}</arg>
</arguments>
<msg timestamp="20201206 15:56:28.168" level="INFO">Element 'xpath=//mat-tree[@class='mat-tree']/mat-tree-node[3]' is displayed.</msg>
<status status="PASS" starttime="20201206 15:56:28.146" endtime="20201206 15:56:28.169"></status>
</kw>
<status status="PASS" starttime="20201206 15:56:28.145" endtime="20201206 15:56:28.169"></status>
</kw>
<kw name="Click Element" library="SeleniumLibrary">
<doc>Click the element identified by ``locator``.</doc>
<arguments>
<arg>xpath=${dashboard}</arg>
</arguments>
<msg timestamp="20201206 15:56:28.169" level="INFO">Clicking element 'xpath=//mat-tree[@class='mat-tree']/mat-tree-node[3]'.</msg>
<status status="PASS" starttime="20201206 15:56:28.169" endtime="20201206 15:56:28.233"></status>
</kw>
<status status="PASS" starttime="20201206 15:56:28.145" endtime="20201206 15:56:28.233"></status>
</kw>
<status status="PASS" starttime="20201206 15:56:28.144" endtime="20201206 15:56:28.234" critical="yes"></status>
</test>
<test id="s1-s5-t4" name="verift that terminal analytics under swith-&gt;Dashboard is selected for terminal analytics">
<kw name="verift that terminal analytics under swith-&gt;Dashboard is selected" library="NavBarSelection">
<kw name="Wait Until Keyword Succeeds" library="BuiltIn">
<doc>Runs the specified keyword and retries if it fails.</doc>
<arguments>
<arg>1 min</arg>
<arg>1 sec</arg>
<arg>Element Should Be Visible</arg>
<arg>xpath=${terminal_analytics}</arg>
</arguments>
<kw name="Element Should Be Visible" library="SeleniumLibrary">
<doc>Verifies that the element identified by ``locator`` is visible.</doc>
<arguments>
<arg>xpath=${terminal_analytics}</arg>
</arguments>
<msg timestamp="20201206 15:56:28.259" level="INFO">Element 'xpath=//span[@class='sidebar-node ng-star-inserted' and contains(text(), 'Terminal Analytics')]' is displayed.</msg>
<status status="PASS" starttime="20201206 15:56:28.237" endtime="20201206 15:56:28.259"></status>
</kw>
<status status="PASS" starttime="20201206 15:56:28.237" endtime="20201206 15:56:28.260"></status>
</kw>
<kw name="Click Element" library="SeleniumLibrary">
<doc>Click the element identified by ``locator``.</doc>
<arguments>
<arg>xpath=${terminal_analytics}</arg>
</arguments>
<msg timestamp="20201206 15:56:28.260" level="INFO">Clicking element 'xpath=//span[@class='sidebar-node ng-star-inserted' and contains(text(), 'Terminal Analytics')]'.</msg>
<status status="PASS" starttime="20201206 15:56:28.260" endtime="20201206 15:56:28.385"></status>
</kw>
<status status="PASS" starttime="20201206 15:56:28.236" endtime="20201206 15:56:28.386"></status>
</kw>
<status status="PASS" starttime="20201206 15:56:28.235" endtime="20201206 15:56:28.390" critical="yes"></status>
</test>
<status status="PASS" starttime="20201206 15:56:26.248" endtime="20201206 15:56:28.394"></status>
</suite>
<suite id="s1-s6" name="06 Dashboard Terminal Analytics" source="C:\Users\bina.acharya\PycharmProjects\BIDashBoardValidation\test_suites\06_dashboard_terminal_analytics.robot">
<test id="s1-s6-t1" name="verify that all tles are selected by clicking ctrl+a for terminal analytics">
<kw name="Sleep" library="BuiltIn">
<doc>Pauses the test executed for the given time.</doc>
<arguments>
<arg>5 sec</arg>
</arguments>
<msg timestamp="20201206 15:56:33.421" level="INFO">Slept 5 seconds</msg>
<status status="PASS" starttime="20201206 15:56:28.420" endtime="20201206 15:56:33.421"></status>
</kw>
<kw name="verify that all tles are selected by clicking ctrl+a" library="DashBoardTerminalAnalyticsPage">
<kw name="Press Keys" library="SeleniumLibrary">
<doc>Simulates the user pressing key(s) to an element or on the active browser.</doc>
<arguments>
<arg>None</arg>
<arg>CTRL+a</arg>
</arguments>
<msg timestamp="20201206 15:56:33.423" level="INFO">Sending key(s) ('CTRL+a',) to page.</msg>
<msg timestamp="20201206 15:56:33.423" level="INFO">Pressing special key CONTROL down.</msg>
<msg timestamp="20201206 15:56:33.423" level="INFO">Sending key a</msg>
<msg timestamp="20201206 15:56:33.423" level="INFO">Releasing special key CONTROL.</msg>
<status status="PASS" starttime="20201206 15:56:33.422" endtime="20201206 15:56:33.484"></status>
</kw>
<status status="PASS" starttime="20201206 15:56:33.422" endtime="20201206 15:56:33.484"></status>
</kw>
<status status="PASS" starttime="20201206 15:56:28.419" endtime="20201206 15:56:33.485" critical="yes"></status>
</test>
<test id="s1-s6-t2" name="verfiy that the date level of tiles are changed to monthly for terminal analytics">
<kw name="verfiy that the date level of tiles are changed to monthly" library="DashBoardTerminalAnalyticsPage">
<kw name="Wait Until Keyword Succeeds" library="BuiltIn">
<doc>Runs the specified keyword and retries if it fails.</doc>
<arguments>
<arg>1 min</arg>
<arg>1 sec</arg>
<arg>Element Should Be Visible</arg>
<arg>xpath=${date_level}</arg>
</arguments>
<kw name="Element Should Be Visible" library="SeleniumLibrary">
<doc>Verifies that the element identified by ``locator`` is visible.</doc>
<arguments>
<arg>xpath=${date_level}</arg>
</arguments>
<msg timestamp="20201206 15:56:33.515" level="INFO">Element 'xpath=//app-enum-filter[@filtername='Date Level']//span[@class='ic-chevron-down']' is displayed.</msg>
<status status="PASS" starttime="20201206 15:56:33.490" endtime="20201206 15:56:33.516"></status>
</kw>
<status status="PASS" starttime="20201206 15:56:33.489" endtime="20201206 15:56:33.516"></status>
</kw>
<kw name="Click Element" library="SeleniumLibrary">
<doc>Click the element identified by ``locator``.</doc>
<arguments>
<arg>xpath=${date_level}</arg>
</arguments>
<msg timestamp="20201206 15:56:33.516" level="INFO">Clicking element 'xpath=//app-enum-filter[@filtername='Date Level']//span[@class='ic-chevron-down']'.</msg>
<status status="PASS" starttime="20201206 15:56:33.516" endtime="20201206 15:56:33.593"></status>
</kw>
<kw name="Sleep" library="BuiltIn">
<doc>Pauses the test executed for the given time.</doc>
<arguments>
<arg>5 sec</arg>
</arguments>
<msg timestamp="20201206 15:56:38.612" level="INFO">Slept 5 seconds</msg>
<status status="PASS" starttime="20201206 15:56:33.593" endtime="20201206 15:56:38.612"></status>
</kw>
<kw name="Click Element" library="SeleniumLibrary">
<doc>Click the element identified by ``locator``.</doc>
<arguments>
<arg>xpath=${monthly}</arg>
</arguments>
<msg timestamp="20201206 15:56:38.612" level="INFO">Clicking element 'xpath=//span[contains(text(),'Monthly')]'.</msg>
<status status="PASS" starttime="20201206 15:56:38.612" endtime="20201206 15:56:38.727"></status>
</kw>
<kw name="Sleep" library="BuiltIn">
<doc>Pauses the test executed for the given time.</doc>
<arguments>
<arg>5</arg>
<arg>sec</arg>
</arguments>
<msg timestamp="20201206 15:56:43.742" level="INFO">Slept 5 seconds</msg>
<msg timestamp="20201206 15:56:43.742" level="INFO">sec</msg>
<status status="PASS" starttime="20201206 15:56:38.728" endtime="20201206 15:56:43.742"></status>
</kw>
<status status="PASS" starttime="20201206 15:56:33.489" endtime="20201206 15:56:43.742"></status>
</kw>
<status status="PASS" starttime="20201206 15:56:33.488" endtime="20201206 15:56:43.744" critical="yes"></status>
</test>
<test id="s1-s6-t3" name="verfiy that the date level of tiles are changed to daily for terminal analytics">
<kw name="verfiy that the date level of tiles are changed to daily" library="DashBoardTerminalAnalyticsPage">
<kw name="Wait Until Keyword Succeeds" library="BuiltIn">
<doc>Runs the specified keyword and retries if it fails.</doc>
<arguments>
<arg>1 min</arg>
<arg>1 sec</arg>
<arg>Element Should Be Visible</arg>
<arg>xpath=${date_level}</arg>
</arguments>
<kw name="Element Should Be Visible" library="SeleniumLibrary">
<doc>Verifies that the element identified by ``locator`` is visible.</doc>
<arguments>
<arg>xpath=${date_level}</arg>
</arguments>
<msg timestamp="20201206 15:56:43.764" level="INFO">Element 'xpath=//app-enum-filter[@filtername='Date Level']//span[@class='ic-chevron-down']' is displayed.</msg>
<status status="PASS" starttime="20201206 15:56:43.744" endtime="20201206 15:56:43.764"></status>
</kw>
<status status="PASS" starttime="20201206 15:56:43.744" endtime="20201206 15:56:43.764"></status>
</kw>
<kw name="Click Element" library="SeleniumLibrary">
<doc>Click the element identified by ``locator``.</doc>
<arguments>
<arg>xpath=${date_level}</arg>
</arguments>
<msg timestamp="20201206 15:56:43.764" level="INFO">Clicking element 'xpath=//app-enum-filter[@filtername='Date Level']//span[@class='ic-chevron-down']'.</msg>
<status status="PASS" starttime="20201206 15:56:43.764" endtime="20201206 15:56:43.825"></status>
</kw>
<kw name="Sleep" library="BuiltIn">
<doc>Pauses the test executed for the given time.</doc>
<arguments>
<arg>5 sec</arg>
</arguments>
<msg timestamp="20201206 15:56:48.825" level="INFO">Slept 5 seconds</msg>
<status status="PASS" starttime="20201206 15:56:43.825" endtime="20201206 15:56:48.825"></status>
</kw>
<kw name="Click Element" library="SeleniumLibrary">
<doc>Click the element identified by ``locator``.</doc>
<arguments>
<arg>xpath=${daily}</arg>
</arguments>
<msg timestamp="20201206 15:56:48.825" level="INFO">Clicking element 'xpath=//span[contains(text(),'Daily')]'.</msg>
<status status="PASS" starttime="20201206 15:56:48.825" endtime="20201206 15:56:48.927"></status>
</kw>
<kw name="Sleep" library="BuiltIn">
<doc>Pauses the test executed for the given time.</doc>
<arguments>
<arg>5</arg>
<arg>sec</arg>
</arguments>
<msg timestamp="20201206 15:56:53.935" level="INFO">Slept 5 seconds</msg>
<msg timestamp="20201206 15:56:53.935" level="INFO">sec</msg>
<status status="PASS" starttime="20201206 15:56:48.927" endtime="20201206 15:56:53.935"></status>
</kw>
<status status="PASS" starttime="20201206 15:56:43.744" endtime="20201206 15:56:53.935"></status>
</kw>
<status status="PASS" starttime="20201206 15:56:43.744" endtime="20201206 15:56:53.935" critical="yes"></status>
</test>
<test id="s1-s6-t4" name="verfiy that the date level of tiles are changed to monthly for terminal analytics">
<kw name="verfiy that the date level of tiles are changed to monthly" library="DashBoardTerminalAnalyticsPage">
<kw name="Wait Until Keyword Succeeds" library="BuiltIn">
<doc>Runs the specified keyword and retries if it fails.</doc>
<arguments>
<arg>1 min</arg>
<arg>1 sec</arg>
<arg>Element Should Be Visible</arg>
<arg>xpath=${date_level}</arg>
</arguments>
<kw name="Element Should Be Visible" library="SeleniumLibrary">
<doc>Verifies that the element identified by ``locator`` is visible.</doc>
<arguments>
<arg>xpath=${date_level}</arg>
</arguments>
<msg timestamp="20201206 15:56:53.966" level="INFO">Element 'xpath=//app-enum-filter[@filtername='Date Level']//span[@class='ic-chevron-down']' is displayed.</msg>
<status status="PASS" starttime="20201206 15:56:53.950" endtime="20201206 15:56:53.966"></status>
</kw>
<status status="PASS" starttime="20201206 15:56:53.935" endtime="20201206 15:56:53.966"></status>
</kw>
<kw name="Click Element" library="SeleniumLibrary">
<doc>Click the element identified by ``locator``.</doc>
<arguments>
<arg>xpath=${date_level}</arg>
</arguments>
<msg timestamp="20201206 15:56:53.966" level="INFO">Clicking element 'xpath=//app-enum-filter[@filtername='Date Level']//span[@class='ic-chevron-down']'.</msg>
<status status="PASS" starttime="20201206 15:56:53.966" endtime="20201206 15:56:54.052"></status>
</kw>
<kw name="Sleep" library="BuiltIn">
<doc>Pauses the test executed for the given time.</doc>
<arguments>
<arg>5 sec</arg>
</arguments>
<msg timestamp="20201206 15:56:59.066" level="INFO">Slept 5 seconds</msg>
<status status="PASS" starttime="20201206 15:56:54.052" endtime="20201206 15:56:59.066"></status>
</kw>
<kw name="Click Element" library="SeleniumLibrary">
<doc>Click the element identified by ``locator``.</doc>
<arguments>
<arg>xpath=${monthly}</arg>
</arguments>
<msg timestamp="20201206 15:56:59.066" level="INFO">Clicking element 'xpath=//span[contains(text(),'Monthly')]'.</msg>
<status status="PASS" starttime="20201206 15:56:59.066" endtime="20201206 15:56:59.186"></status>
</kw>
<kw name="Sleep" library="BuiltIn">
<doc>Pauses the test executed for the given time.</doc>
<arguments>
<arg>5</arg>
<arg>sec</arg>
</arguments>
<msg timestamp="20201206 15:57:04.193" level="INFO">Slept 5 seconds</msg>
<msg timestamp="20201206 15:57:04.193" level="INFO">sec</msg>
<status status="PASS" starttime="20201206 15:56:59.186" endtime="20201206 15:57:04.193"></status>
</kw>
<status status="PASS" starttime="20201206 15:56:53.935" endtime="20201206 15:57:04.193"></status>
</kw>
<status status="PASS" starttime="20201206 15:56:53.935" endtime="20201206 15:57:04.193" critical="yes"></status>
</test>
<test id="s1-s6-t5" name="verfiy that the date level of tiles are changed to yearly for terminal analytics">
<kw name="verfiy that the date level of tiles are changed to yearly" library="DashBoardTerminalAnalyticsPage">
<kw name="Wait Until Keyword Succeeds" library="BuiltIn">
<doc>Runs the specified keyword and retries if it fails.</doc>
<arguments>
<arg>1 min</arg>
<arg>1 sec</arg>
<arg>Element Should Be Visible</arg>
<arg>xpath=${date_level}</arg>
</arguments>
<kw name="Element Should Be Visible" library="SeleniumLibrary">
<doc>Verifies that the element identified by ``locator`` is visible.</doc>
<arguments>
<arg>xpath=${date_level}</arg>
</arguments>
<msg timestamp="20201206 15:57:04.246" level="INFO">Element 'xpath=//app-enum-filter[@filtername='Date Level']//span[@class='ic-chevron-down']' is displayed.</msg>
<status status="PASS" starttime="20201206 15:57:04.193" endtime="20201206 15:57:04.246"></status>
</kw>
<status status="PASS" starttime="20201206 15:57:04.193" endtime="20201206 15:57:04.246"></status>
</kw>
<kw name="Click Element" library="SeleniumLibrary">
<doc>Click the element identified by ``locator``.</doc>
<arguments>
<arg>xpath=${date_level}</arg>
</arguments>
<msg timestamp="20201206 15:57:04.246" level="INFO">Clicking element 'xpath=//app-enum-filter[@filtername='Date Level']//span[@class='ic-chevron-down']'.</msg>
<status status="PASS" starttime="20201206 15:57:04.246" endtime="20201206 15:57:04.337"></status>
</kw>
<kw name="Sleep" library="BuiltIn">
<doc>Pauses the test executed for the given time.</doc>
<arguments>
<arg>5 sec</arg>
</arguments>
<msg timestamp="20201206 15:57:09.340" level="INFO">Slept 5 seconds</msg>
<status status="PASS" starttime="20201206 15:57:04.337" endtime="20201206 15:57:09.340"></status>
</kw>
<kw name="Click Element" library="SeleniumLibrary">
<doc>Click the element identified by ``locator``.</doc>
<arguments>
<arg>xpath=${yearly}</arg>
</arguments>
<msg timestamp="20201206 15:57:09.340" level="INFO">Clicking element 'xpath=//span[contains(text(),'Yearly')]'.</msg>
<status status="PASS" starttime="20201206 15:57:09.340" endtime="20201206 15:57:09.476"></status>
</kw>
<kw name="Sleep" library="BuiltIn">
<doc>Pauses the test executed for the given time.</doc>
<arguments>
<arg>5</arg>
<arg>sec</arg>
</arguments>
<msg timestamp="20201206 15:57:14.494" level="INFO">Slept 5 seconds</msg>
<msg timestamp="20201206 15:57:14.494" level="INFO">sec</msg>
<status status="PASS" starttime="20201206 15:57:09.476" endtime="20201206 15:57:14.494"></status>
</kw>
<status status="PASS" starttime="20201206 15:57:04.193" endtime="20201206 15:57:14.494"></status>
</kw>
<status status="PASS" starttime="20201206 15:57:04.193" endtime="20201206 15:57:14.496" critical="yes"></status>
</test>
<test id="s1-s6-t6" name="verify that one tile is clicked and date level is changed to daily for terminal analytics">
<kw name="verify that one tile is clicked and date level is changed to daily" library="DashBoardTerminalAnalyticsPage">
<kw name="Click Element" library="SeleniumLibrary">
<doc>Click the element identified by ``locator``.</doc>
<arguments>
<arg>id=${click_tile}</arg>
</arguments>
<msg timestamp="20201206 15:57:14.496" level="INFO">Clicking element 'id=layout_21_164'.</msg>
<status status="PASS" starttime="20201206 15:57:14.496" endtime="20201206 15:57:14.616"></status>
</kw>
<kw name="Click Element" library="SeleniumLibrary">
<doc>Click the element identified by ``locator``.</doc>
<arguments>
<arg>xpath=${date_level}</arg>
</arguments>
<msg timestamp="20201206 15:57:14.618" level="INFO">Clicking element 'xpath=//app-enum-filter[@filtername='Date Level']//span[@class='ic-chevron-down']'.</msg>
<status status="PASS" starttime="20201206 15:57:14.617" endtime="20201206 15:57:14.685"></status>
</kw>
<kw name="Sleep" library="BuiltIn">
<doc>Pauses the test executed for the given time.</doc>
<arguments>
<arg>5 sec</arg>
</arguments>
<msg timestamp="20201206 15:57:19.688" level="INFO">Slept 5 seconds</msg>
<status status="PASS" starttime="20201206 15:57:14.685" endtime="20201206 15:57:19.688"></status>
</kw>
<kw name="Click Element" library="SeleniumLibrary">
<doc>Click the element identified by ``locator``.</doc>
<arguments>
<arg>xpath=${daily}</arg>
</arguments>
<msg timestamp="20201206 15:57:19.688" level="INFO">Clicking element 'xpath=//span[contains(text(),'Daily')]'.</msg>
<status status="PASS" starttime="20201206 15:57:19.688" endtime="20201206 15:57:19.749"></status>
</kw>
<status status="PASS" starttime="20201206 15:57:14.496" endtime="20201206 15:57:19.749"></status>
</kw>
<status status="PASS" starttime="20201206 15:57:14.496" endtime="20201206 15:57:19.749" critical="yes"></status>
</test>
<test id="s1-s6-t7" name="verify that the date level is changed to monthly of one tile for terminal analytics">
<kw name="verify that the date level is changed to monthly of one tile" library="DashBoardTerminalAnalyticsPage">
<kw name="Click Element" library="SeleniumLibrary">
<doc>Click the element identified by ``locator``.</doc>
<arguments>
<arg>xpath=${date_level}</arg>
</arguments>
<msg timestamp="20201206 15:57:19.749" level="INFO">Clicking element 'xpath=//app-enum-filter[@filtername='Date Level']//span[@class='ic-chevron-down']'.</msg>
<status status="PASS" starttime="20201206 15:57:19.749" endtime="20201206 15:57:19.911"></status>
</kw>
<kw name="Click Element" library="SeleniumLibrary">
<doc>Click the element identified by ``locator``.</doc>
<arguments>
<arg>xpath=${monthly}</arg>
</arguments>
<msg timestamp="20201206 15:57:19.911" level="INFO">Clicking element 'xpath=//span[contains(text(),'Monthly')]'.</msg>
<status status="PASS" starttime="20201206 15:57:19.911" endtime="20201206 15:57:20.040"></status>
</kw>
<status status="PASS" starttime="20201206 15:57:19.749" endtime="20201206 15:57:20.040"></status>
</kw>
<status status="PASS" starttime="20201206 15:57:19.749" endtime="20201206 15:57:20.042" critical="yes"></status>
</test>
<test id="s1-s6-t8" name="verify that the date level is changed to yearly of one tile for terminal analytics">
<kw name="verify that the date level is changed to yearly of one tile" library="DashBoardTerminalAnalyticsPage">
<kw name="Click Element" library="SeleniumLibrary">
<doc>Click the element identified by ``locator``.</doc>
<arguments>
<arg>xpath=${date_level}</arg>
</arguments>
<msg timestamp="20201206 15:57:20.047" level="INFO">Clicking element 'xpath=//app-enum-filter[@filtername='Date Level']//span[@class='ic-chevron-down']'.</msg>
<status status="PASS" starttime="20201206 15:57:20.046" endtime="20201206 15:57:20.200"></status>
</kw>
<kw name="Click Element" library="SeleniumLibrary">
<doc>Click the element identified by ``locator``.</doc>
<arguments>
<arg>xpath=${yearly}</arg>
</arguments>
<msg timestamp="20201206 15:57:20.200" level="INFO">Clicking element 'xpath=//span[contains(text(),'Yearly')]'.</msg>
<status status="PASS" starttime="20201206 15:57:20.200" endtime="20201206 15:57:20.283"></status>
</kw>
<status status="PASS" starttime="20201206 15:57:20.045" endtime="20201206 15:57:20.283"></status>
</kw>
<status status="PASS" starttime="20201206 15:57:20.044" endtime="20201206 15:57:20.284" critical="yes"></status>
</test>
<test id="s1-s6-t9" name="verify that one tile is clicked and date level is changed to daily_ for terminal analytics">
<kw name="verify that one tile is clicked and date level is changed to daily" library="DashBoardTerminalAnalyticsPage">
<kw name="Click Element" library="SeleniumLibrary">
<doc>Click the element identified by ``locator``.</doc>
<arguments>
<arg>id=${click_tile}</arg>
</arguments>
<msg timestamp="20201206 15:57:20.289" level="INFO">Clicking element 'id=layout_21_164'.</msg>
<status status="PASS" starttime="20201206 15:57:20.288" endtime="20201206 15:57:20.346"></status>
</kw>
<kw name="Click Element" library="SeleniumLibrary">
<doc>Click the element identified by ``locator``.</doc>
<arguments>
<arg>xpath=${date_level}</arg>
</arguments>
<msg timestamp="20201206 15:57:20.347" level="INFO">Clicking element 'xpath=//app-enum-filter[@filtername='Date Level']//span[@class='ic-chevron-down']'.</msg>
<status status="PASS" starttime="20201206 15:57:20.346" endtime="20201206 15:57:20.419"></status>
</kw>
<kw name="Sleep" library="BuiltIn">
<doc>Pauses the test executed for the given time.</doc>
<arguments>
<arg>5 sec</arg>
</arguments>
<msg timestamp="20201206 15:57:25.433" level="INFO">Slept 5 seconds</msg>
<status status="PASS" starttime="20201206 15:57:20.419" endtime="20201206 15:57:25.433"></status>
</kw>
<kw name="Click Element" library="SeleniumLibrary">
<doc>Click the element identified by ``locator``.</doc>
<arguments>
<arg>xpath=${daily}</arg>
</arguments>
<msg timestamp="20201206 15:57:25.433" level="INFO">Clicking element 'xpath=//span[contains(text(),'Daily')]'.</msg>
<status status="PASS" starttime="20201206 15:57:25.433" endtime="20201206 15:57:25.522"></status>
</kw>
<status status="PASS" starttime="20201206 15:57:20.288" endtime="20201206 15:57:25.522"></status>
</kw>
<status status="PASS" starttime="20201206 15:57:20.287" endtime="20201206 15:57:25.523" critical="yes"></status>
</test>
<test id="s1-s6-t10" name="verify that the menu for single tile is selected for terminal analytics">
<kw name="verify that the menu for single tile is selected" library="DashBoardTerminalAnalyticsPage">
<kw name="Wait Until Keyword Succeeds" library="BuiltIn">
<doc>Runs the specified keyword and retries if it fails.</doc>
<arguments>
<arg>1 min</arg>
<arg>1 sec</arg>
<arg>Element Should Be Visible</arg>
<arg>xpath=${menu}</arg>
</arguments>
<kw name="Element Should Be Visible" library="SeleniumLibrary">
<doc>Verifies that the element identified by ``locator`` is visible.</doc>
<arguments>
<arg>xpath=${menu}</arg>
</arguments>
<msg timestamp="20201206 15:57:25.554" level="INFO">Element 'xpath=//div[@id='layout_21_164']//span[@mattooltip='Menu']' is displayed.</msg>
<status status="PASS" starttime="20201206 15:57:25.527" endtime="20201206 15:57:25.554"></status>
</kw>
<status status="PASS" starttime="20201206 15:57:25.527" endtime="20201206 15:57:25.554"></status>
</kw>
<kw name="Click Element" library="SeleniumLibrary">
<doc>Click the element identified by ``locator``.</doc>
<arguments>
<arg>xpath=${menu}</arg>
</arguments>
<msg timestamp="20201206 15:57:25.555" level="INFO">Clicking element 'xpath=//div[@id='layout_21_164']//span[@mattooltip='Menu']'.</msg>
<status status="PASS" starttime="20201206 15:57:25.554" endtime="20201206 15:57:25.703"></status>
</kw>
<status status="PASS" starttime="20201206 15:57:25.526" endtime="20201206 15:57:25.703"></status>
</kw>
<status status="PASS" starttime="20201206 15:57:25.525" endtime="20201206 15:57:25.704" critical="yes"></status>
</test>
<test id="s1-s6-t11" name="verift that focus item is selected for single tile for terminal analytics">
<kw name="verift that focus item is selected for single tile" library="DashBoardTerminalAnalyticsPage">
<kw name="Wait Until Keyword Succeeds" library="BuiltIn">
<doc>Runs the specified keyword and retries if it fails.</doc>
<arguments>
<arg>1 min</arg>
<arg>1 sec</arg>
<arg>Element Should Be Visible</arg>
<arg>xpath=${focus}</arg>
</arguments>
<kw name="Element Should Be Visible" library="SeleniumLibrary">
<doc>Verifies that the element identified by ``locator`` is visible.</doc>
<arguments>
<arg>xpath=${focus}</arg>
</arguments>
<kw name="Capture Page Screenshot" library="SeleniumLibrary">
<doc>Takes a screenshot of the current page and embeds it into a log file.</doc>
<msg timestamp="20201206 15:57:26.136" level="INFO" html="yes">&lt;/td&gt;&lt;/tr&gt;&lt;tr&gt;&lt;td colspan="3"&gt;&lt;a href="selenium-screenshot-1.png"&gt;&lt;img src="selenium-screenshot-1.png" width="800px"&gt;&lt;/a&gt;</msg>
<status status="PASS" starttime="20201206 15:57:25.735" endtime="20201206 15:57:26.136"></status>
</kw>
<msg timestamp="20201206 15:57:26.137" level="FAIL">Element with locator 'xpath=//div[@class='mat-menu-content']/a[2]' not found.</msg>
<status status="FAIL" starttime="20201206 15:57:25.708" endtime="20201206 15:57:26.137"></status>
</kw>
<kw name="Element Should Be Visible" library="SeleniumLibrary">
<doc>Verifies that the element identified by ``locator`` is visible.</doc>
<arguments>
<arg>xpath=${focus}</arg>
</arguments>
<msg timestamp="20201206 15:57:27.206" level="INFO">Element 'xpath=//div[@class='mat-menu-content']/a[2]' is displayed.</msg>
<status status="PASS" starttime="20201206 15:57:27.152" endtime="20201206 15:57:27.206"></status>
</kw>
<status status="PASS" starttime="20201206 15:57:25.708" endtime="20201206 15:57:27.206"></status>
</kw>
<kw name="Click Element" library="SeleniumLibrary">
<doc>Click the element identified by ``locator``.</doc>
<arguments>
<arg>xpath=${focus}</arg>
</arguments>
<msg timestamp="20201206 15:57:27.206" level="INFO">Clicking element 'xpath=//div[@class='mat-menu-content']/a[2]'.</msg>
<status status="PASS" starttime="20201206 15:57:27.206" endtime="20201206 15:57:27.367"></status>
</kw>
<kw name="Sleep" library="BuiltIn">
<doc>Pauses the test executed for the given time.</doc>
<arguments>
<arg>5 sec</arg>
</arguments>
<msg timestamp="20201206 15:57:32.373" level="INFO">Slept 5 seconds</msg>
<status status="PASS" starttime="20201206 15:57:27.367" endtime="20201206 15:57:32.373"></status>
</kw>
<status status="PASS" starttime="20201206 15:57:25.708" endtime="20201206 15:57:32.373"></status>
</kw>
<status status="PASS" starttime="20201206 15:57:25.706" endtime="20201206 15:57:32.373" critical="yes"></status>
</test>
<test id="s1-s6-t12" name="verify that cancel focus is selected for terminal analytics">
<kw name="verify that cancel focus is selected" library="DashBoardTerminalAnalyticsPage">
<kw name="Wait Until Keyword Succeeds" library="BuiltIn">
<doc>Runs the specified keyword and retries if it fails.</doc>
<arguments>
<arg>1 min</arg>
<arg>1 sec</arg>
<arg>Element Should Be Visible</arg>
<arg>xpath=${cancel_focus}</arg>
</arguments>
<kw name="Element Should Be Visible" library="SeleniumLibrary">
[...]
<arg>1 sec</arg>
<arg>Element Should Be Visible</arg>
<arg>xpath=${menu}</arg>
</arguments>
<kw name="Element Should Be Visible" library="SeleniumLibrary">
<doc>Verifies that the element identified by ``locator`` is visible.</doc>
<arguments>
<arg>xpath=${menu}</arg>
</arguments>
<msg timestamp="20201206 15:57:32.628" level="INFO">Element 'xpath=//span[@class='cursor-pointer mr-15 ic-menu']' is displayed.</msg>
<status status="PASS" starttime="20201206 15:57:32.601" endtime="20201206 15:57:32.628"></status>
</kw>
<status status="PASS" starttime="20201206 15:57:32.601" endtime="20201206 15:57:32.629"></status>
</kw>
<kw name="Click Element" library="SeleniumLibrary">
<doc>Click the element identified by ``locator``.</doc>
<arguments>
<arg>xpath=${menu}</arg>
</arguments>
<msg timestamp="20201206 15:57:32.629" level="INFO">Clicking element 'xpath=//span[@class='cursor-pointer mr-15 ic-menu']'.</msg>
<status status="PASS" starttime="20201206 15:57:32.629" endtime="20201206 15:57:32.720"></status>
</kw>
<status status="PASS" starttime="20201206 15:57:32.601" endtime="20201206 15:57:32.720"></status>
</kw>
<status status="PASS" starttime="20201206 15:57:32.600" endtime="20201206 15:57:32.721" critical="yes"></status>
</test>
<test id="s1-s7-t2" name="verify that editiable dashboards is selected">
<kw name="verify that editiable dashboard is selected" library="NavBarSelection">
<kw name="Wait Until Keyword Succeeds" library="BuiltIn">
<doc>Runs the specified keyword and retries if it fails.</doc>
<arguments>
<arg>1 min</arg>
<arg>1 sec</arg>
<arg>Element Should Be Visible</arg>
<arg>xpath=${edit_dashboard}</arg>
</arguments>
<kw name="Element Should Be Visible" library="SeleniumLibrary">
<doc>Verifies that the element identified by ``locator`` is visible.</doc>
<arguments>
<arg>xpath=${edit_dashboard}</arg>
</arguments>
<msg timestamp="20201206 15:57:32.752" level="INFO">Element 'xpath=//mat-tree-node[1]/span' is displayed.</msg>
<status status="PASS" starttime="20201206 15:57:32.725" endtime="20201206 15:57:32.753"></status>
</kw>
<status status="PASS" starttime="20201206 15:57:32.724" endtime="20201206 15:57:32.753"></status>
</kw>
<kw name="Click Element" library="SeleniumLibrary">
<doc>Click the element identified by ``locator``.</doc>
<arguments>
<arg>xpath=${edit_dashboard}</arg>
</arguments>
<msg timestamp="20201206 15:57:32.753" level="INFO">Clicking element 'xpath=//mat-tree-node[1]/span'.</msg>
<status status="PASS" starttime="20201206 15:57:32.753" endtime="20201206 15:57:32.872"></status>
</kw>
<status status="PASS" starttime="20201206 15:57:32.724" endtime="20201206 15:57:32.872"></status>
</kw>
<status status="PASS" starttime="20201206 15:57:32.722" endtime="20201206 15:57:32.873" critical="yes"></status>
</test>
<test id="s1-s7-t3" name="select required editable dashboard">
<kw name="verify that arjun dash board is selected" library="NavBarSelection">
<kw name="Wait Until Keyword Succeeds" library="BuiltIn">
<doc>Runs the specified keyword and retries if it fails.</doc>
<arguments>
<arg>1 min</arg>
<arg>1 sec</arg>
<arg>Element Should Be Visible</arg>
<arg>xpath=${arjun_dash_board}</arg>
</arguments>
<kw name="Element Should Be Visible" library="SeleniumLibrary">
<doc>Verifies that the element identified by ``locator`` is visible.</doc>
<arguments>
<arg>xpath=${arjun_dash_board}</arg>
</arguments>
<msg timestamp="20201206 15:57:32.909" level="INFO">Element 'xpath=//span[contains(text(),'Arjun')]' is displayed.</msg>
<status status="PASS" starttime="20201206 15:57:32.877" endtime="20201206 15:57:32.910"></status>
</kw>
<status status="PASS" starttime="20201206 15:57:32.876" endtime="20201206 15:57:32.910"></status>
</kw>
<kw name="Click Element" library="SeleniumLibrary">
<doc>Click the element identified by ``locator``.</doc>
<arguments>
<arg>xpath=${arjun_dash_board}</arg>
</arguments>
<msg timestamp="20201206 15:57:32.910" level="INFO">Clicking element 'xpath=//span[contains(text(),'Arjun')]'.</msg>
<status status="PASS" starttime="20201206 15:57:32.910" endtime="20201206 15:57:33.119"></status>
</kw>
<status status="PASS" starttime="20201206 15:57:32.876" endtime="20201206 15:57:33.120"></status>
</kw>
<status status="PASS" starttime="20201206 15:57:32.875" endtime="20201206 15:57:33.121" critical="yes"></status>
</test>
<test id="s1-s7-t4" name="close nav bar">
<kw name="verify that menu is clicked" library="NavBarSelection">
<kw name="Wait Until Keyword Succeeds" library="BuiltIn">
<doc>Runs the specified keyword and retries if it fails.</doc>
<arguments>
<arg>1 min</arg>
<arg>1 sec</arg>
<arg>Element Should Be Visible</arg>
<arg>xpath=${menu}</arg>
</arguments>
<kw name="Element Should Be Visible" library="SeleniumLibrary">
<doc>Verifies that the element identified by ``locator`` is visible.</doc>
<arguments>
<arg>xpath=${menu}</arg>
</arguments>
<msg timestamp="20201206 15:57:33.520" level="INFO">Element 'xpath=//span[@class='cursor-pointer mr-15 ic-menu']' is displayed.</msg>
<status status="PASS" starttime="20201206 15:57:33.127" endtime="20201206 15:57:33.520"></status>
</kw>
<status status="PASS" starttime="20201206 15:57:33.126" endtime="20201206 15:57:33.520"></status>
</kw>
<kw name="Click Element" library="SeleniumLibrary">
<doc>Click the element identified by ``locator``.</doc>
<arguments>
<arg>xpath=${menu}</arg>
</arguments>
<msg timestamp="20201206 15:57:33.521" level="INFO">Clicking element 'xpath=//span[@class='cursor-pointer mr-15 ic-menu']'.</msg>
<status status="PASS" starttime="20201206 15:57:33.520" endtime="20201206 15:57:33.619"></status>
</kw>
<status status="PASS" starttime="20201206 15:57:33.126" endtime="20201206 15:57:33.619"></status>
</kw>
<status status="PASS" starttime="20201206 15:57:33.125" endtime="20201206 15:57:33.620" critical="yes"></status>
</test>
<status status="PASS" starttime="20201206 15:57:32.593" endtime="20201206 15:57:33.621"></status>
</suite>
<suite id="s1-s8" name="08 Edit Dashboard" source="C:\Users\bina.acharya\PycharmProjects\BIDashBoardValidation\test_suites\08_edit_dashboard.robot">
<test id="s1-s8-t1" name="verify that all tiles are selected by clicking CTRL+a">
<kw name="select all tiles by clicking CTRL+a" library="EditDasbordPage">
<kw name="Press Keys" library="SeleniumLibrary">
<doc>Simulates the user pressing key(s) to an element or on the active browser.</doc>
<arguments>
<arg>None</arg>
<arg>CTRL+a</arg>
</arguments>
<msg timestamp="20201206 15:57:33.636" level="INFO">Sending key(s) ('CTRL+a',) to page.</msg>
<msg timestamp="20201206 15:57:33.636" level="INFO">Pressing special key CONTROL down.</msg>
<msg timestamp="20201206 15:57:33.637" level="INFO">Sending key a</msg>
<msg timestamp="20201206 15:57:33.637" level="INFO">Releasing special key CONTROL.</msg>
<status status="PASS" starttime="20201206 15:57:33.636" endtime="20201206 15:57:33.696"></status>
</kw>
<status status="PASS" starttime="20201206 15:57:33.635" endtime="20201206 15:57:33.696"></status>
</kw>
<status status="PASS" starttime="20201206 15:57:33.634" endtime="20201206 15:57:33.697" critical="yes"></status>
</test>
<test id="s1-s8-t2" name="verify that edit button is clicked">
<kw name="verify that edit button is clicked" library="EditDasbordPage">
<kw name="Wait Until Keyword Succeeds" library="BuiltIn">
<doc>Runs the specified keyword and retries if it fails.</doc>
<arguments>
<arg>1 min</arg>
<arg>1 sec</arg>
<arg>Element Should Be Visible</arg>
<arg>xpath=${edit_button}</arg>
</arguments>
<kw name="Element Should Be Visible" library="SeleniumLibrary">
<doc>Verifies that the element identified by ``locator`` is visible.</doc>
<arguments>
<arg>xpath=${edit_button}</arg>
</arguments>
<msg timestamp="20201206 15:57:33.732" level="INFO">Element 'xpath=//span[@class='ic-edit']' is displayed.</msg>
<status status="PASS" starttime="20201206 15:57:33.700" endtime="20201206 15:57:33.732"></status>
</kw>
<status status="PASS" starttime="20201206 15:57:33.699" endtime="20201206 15:57:33.732"></status>
</kw>
<kw name="Mouse Over" library="SeleniumLibrary">
<doc>Simulates hovering the mouse over the element ``locator``.</doc>
<arguments>
<arg>xpath=${edit_button}</arg>
</arguments>
<msg timestamp="20201206 15:57:33.733" level="INFO">Simulating Mouse Over on element 'xpath=//span[@class='ic-edit']'.</msg>
<status status="PASS" starttime="20201206 15:57:33.732" endtime="20201206 15:57:33.767"></status>
</kw>
<kw name="Click Element" library="SeleniumLibrary">
<doc>Click the element identified by ``locator``.</doc>
<arguments>
<arg>xpath=${edit_button}</arg>
</arguments>
<msg timestamp="20201206 15:57:33.768" level="INFO">Clicking element 'xpath=//span[@class='ic-edit']'.</msg>
<status status="PASS" starttime="20201206 15:57:33.768" endtime="20201206 15:57:33.869"></status>
</kw>
<status status="PASS" starttime="20201206 15:57:33.699" endtime="20201206 15:57:33.870"></status>
</kw>
<status status="PASS" starttime="20201206 15:57:33.698" endtime="20201206 15:57:33.870" critical="yes"></status>
</test>
<test id="s1-s8-t3" name="verify that delete tile button is clicked">
<kw name="verify that delete tile button is clicked" library="EditDasbordPage">
<kw name="Wait Until Keyword Succeeds" library="BuiltIn">
<doc>Runs the specified keyword and retries if it fails.</doc>
<arguments>
<arg>1 min</arg>
<arg>1 sec</arg>
<arg>Element Should Be Visible</arg>
<arg>xpath=${delete_button}</arg>
</arguments>
<kw name="Element Should Be Visible" library="SeleniumLibrary">
<doc>Verifies that the element identified by ``locator`` is visible.</doc>
<arguments>
<arg>xpath=${delete_button}</arg>
</arguments>
<msg timestamp="20201206 15:57:33.904" level="INFO">Element 'xpath=//span[@class='ic-trash']' is displayed.</msg>
<status status="PASS" starttime="20201206 15:57:33.874" endtime="20201206 15:57:33.905"></status>
</kw>
<status status="PASS" starttime="20201206 15:57:33.873" endtime="20201206 15:57:33.905"></status>
</kw>
<kw name="Mouse Over" library="SeleniumLibrary">
<doc>Simulates hovering the mouse over the element ``locator``.</doc>
<arguments>
<arg>xpath=${delete_button}</arg>
</arguments>
<msg timestamp="20201206 15:57:33.905" level="INFO">Simulating Mouse Over on element 'xpath=//span[@class='ic-trash']'.</msg>
<status status="PASS" starttime="20201206 15:57:33.905" endtime="20201206 15:57:33.966"></status>
</kw>
<kw name="Click Element" library="SeleniumLibrary">
<doc>Click the element identified by ``locator``.</doc>
<arguments>
<arg>xpath=${delete_button}</arg>
</arguments>
<msg timestamp="20201206 15:57:33.967" level="INFO">Clicking element 'xpath=//span[@class='ic-trash']'.</msg>
<status status="PASS" starttime="20201206 15:57:33.966" endtime="20201206 15:57:34.063"></status>
</kw>
<status status="PASS" starttime="20201206 15:57:33.873" endtime="20201206 15:57:34.063"></status>
</kw>
<status status="PASS" starttime="20201206 15:57:33.872" endtime="20201206 15:57:34.064" critical="yes"></status>
</test>
<test id="s1-s8-t4" name="verify that confirm dialouge is displayed and yes button is clicked">
<kw name="verify that confirm dialouge is displayed and yes button is clicked" library="EditDasbordPage">
<kw name="Wait Until Keyword Succeeds" library="BuiltIn">
<doc>Runs the specified keyword and retries if it fails.</doc>
<arguments>
<arg>1 min</arg>
<arg>1 sec</arg>
<arg>Element Should Be Visible</arg>
<arg>xpath=${confirm_yes_button}</arg>
</arguments>
<kw name="Element Should Be Visible" library="SeleniumLibrary">
<doc>Verifies that the element identified by ``locator`` is visible.</doc>
<arguments>
<arg>xpath=${confirm_yes_button}</arg>
</arguments>
<msg timestamp="20201206 15:57:34.101" level="INFO">Element 'xpath=//span[contains(text(),'Yes')]' is displayed.</msg>
<status status="PASS" starttime="20201206 15:57:34.068" endtime="20201206 15:57:34.101"></status>
</kw>
<status status="PASS" starttime="20201206 15:57:34.067" endtime="20201206 15:57:34.101"></status>
</kw>
<kw name="Click Element" library="SeleniumLibrary">
<doc>Click the element identified by ``locator``.</doc>
<arguments>
<arg>xpath=${confirm_yes_button}</arg>
</arguments>
<msg timestamp="20201206 15:57:34.102" level="INFO">Clicking element 'xpath=//span[contains(text(),'Yes')]'.</msg>
<status status="PASS" starttime="20201206 15:57:34.101" endtime="20201206 15:57:34.197"></status>
</kw>
<status status="PASS" starttime="20201206 15:57:34.066" endtime="20201206 15:57:34.197"></status>
</kw>
<status status="PASS" starttime="20201206 15:57:34.065" endtime="20201206 15:57:34.198" critical="yes"></status>
</test>
<test id="s1-s8-t5" name="verify that add tile button is clicked">
<kw name="verify that add tile button is clicked" library="EditDasbordPage">
<kw name="Wait Until Keyword Succeeds" library="BuiltIn">
<doc>Runs the specified keyword and retries if it fails.</doc>
<arguments>
<arg>1 min</arg>
<arg>1 sec</arg>
<arg>Element Should Be Visible</arg>
<arg>xpath=${add_tile_button}</arg>
</arguments>
<kw name="Element Should Be Visible" library="SeleniumLibrary">
<doc>Verifies that the element identified by ``locator`` is visible.</doc>
<arguments>
<arg>xpath=${add_tile_button}</arg>
</arguments>
<msg timestamp="20201206 15:57:34.235" level="INFO">Element 'xpath=//div[@class='dashboard-toolbar-align']//span[@class='ic-plus']' is displayed.</msg>
<status status="PASS" starttime="20201206 15:57:34.201" endtime="20201206 15:57:34.235"></status>
</kw>
<status status="PASS" starttime="20201206 15:57:34.201" endtime="20201206 15:57:34.235"></status>
</kw>
<kw name="Mouse Over" library="SeleniumLibrary">
<doc>Simulates hovering the mouse over the element ``locator``.</doc>
<arguments>
<arg>xpath=${add_tile_button}</arg>
</arguments>
<msg timestamp="20201206 15:57:34.235" level="INFO">Simulating Mouse Over on element 'xpath=//div[@class='dashboard-toolbar-align']//span[@class='ic-plus']'.</msg>
<status status="PASS" starttime="20201206 15:57:34.235" endtime="20201206 15:57:34.282"></status>
</kw>
<kw name="Click Element" library="SeleniumLibrary">
<doc>Click the element identified by ``locator``.</doc>
<arguments>
<arg>xpath=${add_tile_button}</arg>
</arguments>
<msg timestamp="20201206 15:57:34.283" level="INFO">Clicking element 'xpath=//div[@class='dashboard-toolbar-align']//span[@class='ic-plus']'.</msg>
<status status="PASS" starttime="20201206 15:57:34.283" endtime="20201206 15:57:34.432"></status>
</kw>
<status status="PASS" starttime="20201206 15:57:34.200" endtime="20201206 15:57:34.433"></status>
</kw>
<status status="PASS" starttime="20201206 15:57:34.199" endtime="20201206 15:57:34.433" critical="yes"></status>
</test>
<status status="PASS" starttime="20201206 15:57:33.625" endtime="20201206 15:57:34.436"></status>
</suite>
<status status="PASS" starttime="20201206 15:54:23.892" endtime="20201206 15:57:34.448"></status>
</suite>
<statistics>
<total>
<stat pass="56" fail="0">Critical Tests</stat>
<stat pass="56" fail="0">All Tests</stat>
</total>
<tag>
</tag>
<suite>
<stat pass="56" fail="0" id="s1" name="01 Login &amp; 02 Navigation To Switch Module &amp; 03 Navigate To Dash Board Card Analytics &amp; 04 Dashboard Card Analytics &amp; 05 Navigate To Terminal Analytics &amp; 06 Dashboard Terminal Analytics &amp; 07 Navigate Edit Dashboard &amp; 08 Edit Dashboard">01 Login &amp; 02 Navigation To Switch Module &amp; 03 Navigate To Dash Board Card Analytics &amp; 04 Dashboard Card Analytics &amp; 05 Navigate To Terminal Analytics &amp; 06 Dashboard Terminal Analytics &amp; 07 Navigate Edit Dashboard &amp; 08 Edit Dashboard</stat>
<stat pass="9" fail="0" id="s1-s1" name="01 Login">01 Login &amp; 02 Navigation To Switch Module &amp; 03 Navigate To Dash Board Card Analytics &amp; 04 Dashboard Card Analytics &amp; 05 Navigate To Terminal Analytics &amp; 06 Dashboard Terminal Analytics &amp; 07 Navigate Edit Dashboard &amp; 08 Edit Dashboard.01 Login</stat>
<stat pass="2" fail="0" id="s1-s2" name="02 Navigation To Switch Module">01 Login &amp; 02 Navigation To Switch Module &amp; 03 Navigate To Dash Board Card Analytics &amp; 04 Dashboard Card Analytics &amp; 05 Navigate To Terminal Analytics &amp; 06 Dashboard Terminal Analytics &amp; 07 Navigate Edit Dashboard &amp; 08 Edit Dashboard.02 Navigation To Switch Module</stat>
<stat pass="4" fail="0" id="s1-s3" name="03 Navigate To Dash Board Card Analytics">01 Login &amp; 02 Navigation To Switch Module &amp; 03 Navigate To Dash Board Card Analytics &amp; 04 Dashboard Card Analytics &amp; 05 Navigate To Terminal Analytics &amp; 06 Dashboard Terminal Analytics &amp; 07 Navigate Edit Dashboard &amp; 08 Edit Dashboard.03 Navigate To Dash Board Card Analytics</stat>
<stat pass="14" fail="0" id="s1-s4" name="04 Dashboard Card Analytics">01 Login &amp; 02 Navigation To Switch Module &amp; 03 Navigate To Dash Board Card Analytics &amp; 04 Dashboard Card Analytics &amp; 05 Navigate To Terminal Analytics &amp; 06 Dashboard Terminal Analytics &amp; 07 Navigate Edit Dashboard &amp; 08 Edit Dashboard.04 Dashboard Card Analytics</stat>
<stat pass="4" fail="0" id="s1-s5" name="05 Navigate To Terminal Analytics">01 Login &amp; 02 Navigation To Switch Module &amp; 03 Navigate To Dash Board Card Analytics &amp; 04 Dashboard Card Analytics &amp; 05 Navigate To Terminal Analytics &amp; 06 Dashboard Terminal Analytics &amp; 07 Navigate Edit Dashboard &amp; 08 Edit Dashboard.05 Navigate To Terminal Analytics</stat>
<stat pass="14" fail="0" id="s1-s6" name="06 Dashboard Terminal Analytics">01 Login &amp; 02 Navigation To Switch Module &amp; 03 Navigate To Dash Board Card Analytics &amp; 04 Dashboard Card Analytics &amp; 05 Navigate To Terminal Analytics &amp; 06 Dashboard Terminal Analytics &amp; 07 Navigate Edit Dashboard &amp; 08 Edit Dashboard.06 Dashboard Terminal Analytics</stat>
<stat pass="4" fail="0" id="s1-s7" name="07 Navigate Edit Dashboard">01 Login &amp; 02 Navigation To Switch Module &amp; 03 Navigate To Dash Board Card Analytics &amp; 04 Dashboard Card Analytics &amp; 05 Navigate To Terminal Analytics &amp; 06 Dashboard Terminal Analytics &amp; 07 Navigate Edit Dashboard &amp; 08 Edit Dashboard.07 Navigate Edit Dashboard</stat>
<stat pass="5" fail="0" id="s1-s8" name="08 Edit Dashboard">01 Login &amp; 02 Navigation To Switch Module &amp; 03 Navigate To Dash Board Card Analytics &amp; 04 Dashboard Card Analytics &amp; 05 Navigate To Terminal Analytics &amp; 06 Dashboard Terminal Analytics &amp; 07 Navigate Edit Dashboard &amp; 08 Edit Dashboard.08 Edit Dashboard</stat>
</suite>
</statistics>
<errors>
<msg timestamp="20201206 15:56:13.743" level="WARN">Multiple test cases with name 'verify that one tile is clicked and date level is changed to daily_ for card analytics' executed in test suite '01 Login &amp; 02 Navigation To Switch Module &amp; 03 Navigate To Dash Board Card Analytics &amp; 04 Dashboard Card Analytics &amp; 05 Navigate To Terminal Analytics &amp; 06 Dashboard Terminal Analytics &amp; 07 Navigate Edit Dashboard &amp; 08 Edit Dashboard.04 Dashboard Card Analytics'.</msg>
<msg timestamp="20201206 15:56:53.935" level="WARN">Multiple test cases with name 'verfiy that the date level of tiles are changed to monthly for terminal analytics' executed in test suite '01 Login &amp; 02 Navigation To Switch Module &amp; 03 Navigate To Dash Board Card Analytics &amp; 04 Dashboard Card Analytics &amp; 05 Navigate To Terminal Analytics &amp; 06 Dashboard Terminal Analytics &amp; 07 Navigate Edit Dashboard &amp; 08 Edit Dashboard.06 Dashboard Terminal Analytics'.</msg>
<msg timestamp="20201206 15:57:20.286" level="WARN">Multiple test cases with name 'verify that one tile is clicked and date level is changed to daily_ for terminal analytics' executed in test suite '01 Login &amp; 02 Navigation To Switch Module &amp; 03 Navigate To Dash Board Card Analytics &amp; 04 Dashboard Card Analytics &amp; 05 Navigate To Terminal Analytics &amp; 06 Dashboard Terminal Analytics &amp; 07 Navigate Edit Dashboard &amp; 08 Edit Dashboard.06 Dashboard Terminal Analytics'.</msg>
</errors>
</robot>
